mode: atomic
github.com/gidyon/umrs/internal/apps/notification/notification/notification.go:95.51,97.9 1 5
github.com/gidyon/umrs/internal/apps/notification/notification/notification.go:108.2,125.16 3 1
github.com/gidyon/umrs/internal/apps/notification/notification/notification.go:130.2,138.29 6 1
github.com/gidyon/umrs/internal/apps/notification/notification/notification.go:98.18,99.40 1 1
github.com/gidyon/umrs/internal/apps/notification/notification/notification.go:100.24,101.38 1 1
github.com/gidyon/umrs/internal/apps/notification/notification/notification.go:102.30,103.40 1 1
github.com/gidyon/umrs/internal/apps/notification/notification/notification.go:104.29,105.43 1 1
github.com/gidyon/umrs/internal/apps/notification/notification/notification.go:125.16,127.3 1 0
github.com/gidyon/umrs/internal/apps/notification/notification/notification.go:143.25,145.22 1 6
github.com/gidyon/umrs/internal/apps/notification/notification/notification.go:150.2,151.16 2 5
github.com/gidyon/umrs/internal/apps/notification/notification/notification.go:156.2,157.9 2 5
github.com/gidyon/umrs/internal/apps/notification/notification/notification.go:167.2,168.16 2 3
github.com/gidyon/umrs/internal/apps/notification/notification/notification.go:173.2,184.9 3 3
github.com/gidyon/umrs/internal/apps/notification/notification/notification.go:191.2,191.28 1 3
github.com/gidyon/umrs/internal/apps/notification/notification/notification.go:145.22,147.3 1 1
github.com/gidyon/umrs/internal/apps/notification/notification/notification.go:151.16,153.3 1 0
github.com/gidyon/umrs/internal/apps/notification/notification/notification.go:158.52,159.51 1 1
github.com/gidyon/umrs/internal/apps/notification/notification/notification.go:160.92,161.55 1 1
github.com/gidyon/umrs/internal/apps/notification/notification/notification.go:162.26,163.33 1 0
github.com/gidyon/umrs/internal/apps/notification/notification/notification.go:168.16,170.3 1 0
github.com/gidyon/umrs/internal/apps/notification/notification/notification.go:185.18,185.18 0 3
github.com/gidyon/umrs/internal/apps/notification/notification/notification.go:186.24,186.24 0 0
github.com/gidyon/umrs/internal/apps/notification/notification/notification.go:187.10,188.49 1 0
github.com/gidyon/umrs/internal/apps/notification/notification/notification.go:194.52,195.25 1 8
github.com/gidyon/umrs/internal/apps/notification/notification/notification.go:198.2,198.12 1 8
github.com/gidyon/umrs/internal/apps/notification/notification/notification.go:195.25,197.3 1 0
github.com/gidyon/umrs/internal/apps/notification/notification/notification.go:203.25,205.23 1 13
github.com/gidyon/umrs/internal/apps/notification/notification/notification.go:210.2,211.24 2 12
github.com/gidyon/umrs/internal/apps/notification/notification/notification.go:216.2,216.16 1 12
github.com/gidyon/umrs/internal/apps/notification/notification/notification.go:220.2,224.16 3 12
github.com/gidyon/umrs/internal/apps/notification/notification/notification.go:228.2,229.16 2 4
github.com/gidyon/umrs/internal/apps/notification/notification/notification.go:234.2,234.34 1 4
github.com/gidyon/umrs/internal/apps/notification/notification/notification.go:254.2,254.16 1 4
github.com/gidyon/umrs/internal/apps/notification/notification/notification.go:258.2,258.28 1 4
github.com/gidyon/umrs/internal/apps/notification/notification/notification.go:205.23,207.3 1 1
github.com/gidyon/umrs/internal/apps/notification/notification/notification.go:211.24,213.3 1 12
github.com/gidyon/umrs/internal/apps/notification/notification/notification.go:213.8,215.3 1 0
github.com/gidyon/umrs/internal/apps/notification/notification/notification.go:216.16,218.3 1 0
github.com/gidyon/umrs/internal/apps/notification/notification/notification.go:224.16,226.3 1 8
github.com/gidyon/umrs/internal/apps/notification/notification/notification.go:229.16,231.3 1 0
github.com/gidyon/umrs/internal/apps/notification/notification/notification.go:235.34,239.4 1 0
github.com/gidyon/umrs/internal/apps/notification/notification/notification.go:241.36,245.4 1 4
github.com/gidyon/umrs/internal/apps/notification/notification/notification.go:247.33,251.4 1 0
github.com/gidyon/umrs/internal/apps/notification/notification/notification.go:254.16,256.3 1 0
github.com/gidyon/umrs/internal/apps/notification/notification/notification.go:263.25,265.28 1 13
github.com/gidyon/umrs/internal/apps/notification/notification/notification.go:270.2,271.16 2 12
github.com/gidyon/umrs/internal/apps/notification/notification/notification.go:275.2,279.16 3 12
github.com/gidyon/umrs/internal/apps/notification/notification/notification.go:283.2,284.16 2 4
github.com/gidyon/umrs/internal/apps/notification/notification/notification.go:289.2,289.39 1 4
github.com/gidyon/umrs/internal/apps/notification/notification/notification.go:308.2,308.16 1 4
github.com/gidyon/umrs/internal/apps/notification/notification/notification.go:312.2,312.28 1 4
github.com/gidyon/umrs/internal/apps/notification/notification/notification.go:265.28,267.3 1 1
github.com/gidyon/umrs/internal/apps/notification/notification/notification.go:271.16,273.3 1 0
github.com/gidyon/umrs/internal/apps/notification/notification/notification.go:279.16,281.3 1 8
github.com/gidyon/umrs/internal/apps/notification/notification/notification.go:284.16,286.3 1 0
github.com/gidyon/umrs/internal/apps/notification/notification/notification.go:290.34,294.4 1 0
github.com/gidyon/umrs/internal/apps/notification/notification/notification.go:296.36,300.4 1 4
github.com/gidyon/umrs/internal/apps/notification/notification/notification.go:302.33,306.4 1 0
github.com/gidyon/umrs/internal/apps/notification/notification/notification.go:308.16,310.3 1 0
github.com/gidyon/umrs/internal/apps/notification/notification/notification.go:317.58,318.19 1 1
github.com/gidyon/umrs/internal/apps/notification/notification/notification.go:321.2,321.20 1 1
github.com/gidyon/umrs/internal/apps/notification/notification/notification.go:324.2,324.38 1 1
github.com/gidyon/umrs/internal/apps/notification/notification/notification.go:318.19,320.3 1 1
github.com/gidyon/umrs/internal/apps/notification/notification/notification.go:321.20,323.3 1 1
github.com/gidyon/umrs/internal/apps/notification/notification/notification.go:329.52,331.20 1 3
github.com/gidyon/umrs/internal/apps/notification/notification/notification.go:336.2,337.16 2 2
github.com/gidyon/umrs/internal/apps/notification/notification/notification.go:342.2,343.40 2 2
github.com/gidyon/umrs/internal/apps/notification/notification/notification.go:348.2,356.9 5 1
github.com/gidyon/umrs/internal/apps/notification/notification/notification.go:362.2,364.49 2 1
github.com/gidyon/umrs/internal/apps/notification/notification/notification.go:382.2,385.8 1 1
github.com/gidyon/umrs/internal/apps/notification/notification/notification.go:331.20,333.3 1 1
github.com/gidyon/umrs/internal/apps/notification/notification/notification.go:337.16,339.3 1 0
github.com/gidyon/umrs/internal/apps/notification/notification/notification.go:343.40,345.3 1 1
github.com/gidyon/umrs/internal/apps/notification/notification/notification.go:357.18,357.18 0 1
github.com/gidyon/umrs/internal/apps/notification/notification/notification.go:358.10,359.60 1 0
github.com/gidyon/umrs/internal/apps/notification/notification/notification.go:364.49,372.43 2 0
github.com/gidyon/umrs/internal/apps/notification/notification/notification.go:379.3,379.60 1 0
github.com/gidyon/umrs/internal/apps/notification/notification/notification.go:372.43,374.18 2 0
github.com/gidyon/umrs/internal/apps/notification/notification/notification.go:374.18,376.5 1 0
github.com/gidyon/umrs/internal/apps/notification/notification/notification.go:390.25,392.20 1 4
github.com/gidyon/umrs/internal/apps/notification/notification/notification.go:397.2,398.16 2 3
github.com/gidyon/umrs/internal/apps/notification/notification/notification.go:402.2,406.9 3 3
github.com/gidyon/umrs/internal/apps/notification/notification/notification.go:414.2,417.26 2 1
github.com/gidyon/umrs/internal/apps/notification/notification/notification.go:422.2,422.21 1 0
github.com/gidyon/umrs/internal/apps/notification/notification/notification.go:426.2,426.28 1 0
github.com/gidyon/umrs/internal/apps/notification/notification/notification.go:392.20,394.3 1 1
github.com/gidyon/umrs/internal/apps/notification/notification/notification.go:398.16,400.3 1 0
github.com/gidyon/umrs/internal/apps/notification/notification/notification.go:407.42,408.50 1 1
github.com/gidyon/umrs/internal/apps/notification/notification/notification.go:409.47,410.55 1 1
github.com/gidyon/umrs/internal/apps/notification/notification/notification.go:417.26,421.3 1 1
github.com/gidyon/umrs/internal/apps/notification/notification/notification.go:422.21,424.3 1 0
github.com/gidyon/umrs/internal/apps/notification/notification/save.go:21.34,25.2 1 0
github.com/gidyon/umrs/internal/apps/notification/notification/save.go:31.9,34.28 1 1
github.com/gidyon/umrs/internal/apps/notification/notification/save.go:38.2,38.27 1 0
github.com/gidyon/umrs/internal/apps/notification/notification/save.go:42.2,47.35 2 0
github.com/gidyon/umrs/internal/apps/notification/notification/save.go:54.2,54.50 1 0
github.com/gidyon/umrs/internal/apps/notification/notification/save.go:74.2,74.12 1 0
github.com/gidyon/umrs/internal/apps/notification/notification/save.go:34.28,36.3 1 1
github.com/gidyon/umrs/internal/apps/notification/notification/save.go:38.27,40.3 1 0
github.com/gidyon/umrs/internal/apps/notification/notification/save.go:47.35,49.17 2 0
github.com/gidyon/umrs/internal/apps/notification/notification/save.go:49.17,51.4 1 0
github.com/gidyon/umrs/internal/apps/notification/notification/save.go:54.50,65.17 3 0
github.com/gidyon/umrs/internal/apps/notification/notification/save.go:65.17,66.11 1 0
github.com/gidyon/umrs/internal/apps/notification/notification/save.go:67.29,67.29 0 0
github.com/gidyon/umrs/internal/apps/notification/notification/save.go:68.12,69.58 1 0
github.com/gidyon/umrs/internal/apps/notification/notification/save.go:82.3,84.16 2 1
github.com/gidyon/umrs/internal/apps/notification/notification/save.go:84.16,91.3 1 1
github.com/gidyon/umrs/internal/apps/notification/notification/save.go:96.3,97.9 1 1
github.com/gidyon/umrs/internal/apps/notification/notification/save.go:98.20,98.20 0 1
github.com/gidyon/umrs/internal/apps/notification/notification/save.go:99.37,99.37 0 0
github.com/gidyon/umrs/internal/apps/notification/notification/save.go:100.42,100.42 0 0
github.com/gidyon/umrs/internal/apps/notification/notification/sms.go:13.3,15.28 1 0
github.com/gidyon/umrs/internal/apps/notification/notification/sms.go:19.2,20.21 2 0
github.com/gidyon/umrs/internal/apps/notification/notification/sms.go:15.28,17.3 1 0
github.com/gidyon/umrs/internal/apps/notification/notification/sms.go:27.3,29.28 1 0
github.com/gidyon/umrs/internal/apps/notification/notification/sms.go:29.28,31.3 1 0
github.com/gidyon/umrs/internal/apps/notification/notification/validate.go:10.77,12.28 1 24
github.com/gidyon/umrs/internal/apps/notification/notification/validate.go:16.2,16.40 1 24
github.com/gidyon/umrs/internal/apps/notification/notification/validate.go:20.2,20.26 1 22
github.com/gidyon/umrs/internal/apps/notification/notification/validate.go:26.2,27.41 2 15
github.com/gidyon/umrs/internal/apps/notification/notification/validate.go:39.2,39.12 1 15
github.com/gidyon/umrs/internal/apps/notification/notification/validate.go:12.28,14.3 1 0
github.com/gidyon/umrs/internal/apps/notification/notification/validate.go:16.40,18.3 1 2
github.com/gidyon/umrs/internal/apps/notification/notification/validate.go:20.26,21.59 1 11
github.com/gidyon/umrs/internal/apps/notification/notification/validate.go:21.59,23.4 1 7
github.com/gidyon/umrs/internal/apps/notification/notification/validate.go:28.37,29.51 1 12
github.com/gidyon/umrs/internal/apps/notification/notification/validate.go:30.35,31.49 1 3
github.com/gidyon/umrs/internal/apps/notification/notification/validate.go:32.45,34.17 2 0
github.com/gidyon/umrs/internal/apps/notification/notification/validate.go:34.17,36.4 1 0
github.com/gidyon/umrs/internal/apps/notification/notification/validate.go:42.82,45.30 2 12
github.com/gidyon/umrs/internal/apps/notification/notification/validate.go:48.2,48.9 1 11
github.com/gidyon/umrs/internal/apps/notification/notification/validate.go:56.2,56.12 1 8
github.com/gidyon/umrs/internal/apps/notification/notification/validate.go:45.30,47.3 1 1
github.com/gidyon/umrs/internal/apps/notification/notification/validate.go:49.55,50.46 1 1
github.com/gidyon/umrs/internal/apps/notification/notification/validate.go:51.66,52.54 1 1
github.com/gidyon/umrs/internal/apps/notification/notification/validate.go:53.58,54.49 1 1
github.com/gidyon/umrs/internal/apps/notification/notification/validate.go:60.80,63.28 2 3
github.com/gidyon/umrs/internal/apps/notification/notification/validate.go:66.2,66.9 1 2
github.com/gidyon/umrs/internal/apps/notification/notification/validate.go:72.2,72.12 1 0
github.com/gidyon/umrs/internal/apps/notification/notification/validate.go:63.28,65.3 1 1
github.com/gidyon/umrs/internal/apps/notification/notification/validate.go:67.56,68.47 1 1
github.com/gidyon/umrs/internal/apps/notification/notification/validate.go:69.56,70.47 1 1
github.com/gidyon/umrs/internal/apps/notification/notification/worker.go:17.54,21.6 3 1
github.com/gidyon/umrs/internal/apps/notification/notification/worker.go:21.6,35.3 3 9
github.com/gidyon/umrs/internal/apps/notification/notification/worker.go:44.87,46.15 1 8
github.com/gidyon/umrs/internal/apps/notification/notification/worker.go:51.2,52.30 2 8
github.com/gidyon/umrs/internal/apps/notification/notification/worker.go:58.2,59.25 2 8
github.com/gidyon/umrs/internal/apps/notification/notification/worker.go:70.2,74.16 3 8
github.com/gidyon/umrs/internal/apps/notification/notification/worker.go:87.2,87.30 1 8
github.com/gidyon/umrs/internal/apps/notification/notification/worker.go:98.2,98.40 1 8
github.com/gidyon/umrs/internal/apps/notification/notification/worker.go:46.15,48.3 1 8
github.com/gidyon/umrs/internal/apps/notification/notification/worker.go:52.30,55.3 2 0
github.com/gidyon/umrs/internal/apps/notification/notification/worker.go:59.25,68.3 1 0
github.com/gidyon/umrs/internal/apps/notification/notification/worker.go:74.16,84.3 2 0
github.com/gidyon/umrs/internal/apps/notification/notification/worker.go:87.30,95.3 1 1
github.com/gidyon/umrs/internal/apps/notification/notification/worker.go:99.37,101.31 1 8
github.com/gidyon/umrs/internal/apps/notification/notification/worker.go:115.35,116.31 1 0
github.com/gidyon/umrs/internal/apps/notification/notification/worker.go:131.45,132.31 1 0
github.com/gidyon/umrs/internal/apps/notification/notification/worker.go:142.3,146.4 1 0
github.com/gidyon/umrs/internal/apps/notification/notification/worker.go:101.31,107.4 1 4
github.com/gidyon/umrs/internal/apps/notification/notification/worker.go:107.9,114.4 1 4
github.com/gidyon/umrs/internal/apps/notification/notification/worker.go:116.31,123.4 1 0
github.com/gidyon/umrs/internal/apps/notification/notification/worker.go:123.9,130.4 1 0
github.com/gidyon/umrs/internal/apps/notification/notification/worker.go:132.31,139.9 2 0
github.com/gidyon/umrs/internal/apps/notification/notification/worker.go:153.3,154.9 1 0
github.com/gidyon/umrs/internal/apps/notification/notification/worker.go:155.52,155.52 0 0
github.com/gidyon/umrs/internal/apps/notification/notification/worker.go:156.53,156.53 0 0
github.com/gidyon/umrs/internal/apps/notification/notification/worker.go:164.3,167.2 2 0
github.com/gidyon/umrs/internal/apps/notification/notification/worker.go:173.3,176.2 2 0
github.com/gidyon/umrs/internal/apps/notification/notification/email.go:15.3,17.28 1 8
github.com/gidyon/umrs/internal/apps/notification/notification/email.go:22.2,23.9 2 0
github.com/gidyon/umrs/internal/apps/notification/notification/email.go:27.2,35.46 7 0
github.com/gidyon/umrs/internal/apps/notification/notification/email.go:17.28,19.3 1 8
github.com/gidyon/umrs/internal/apps/notification/notification/email.go:23.9,25.3 1 0
github.com/gidyon/umrs/internal/apps/notification/notification/email.go:35.46,36.10 1 0
github.com/gidyon/umrs/internal/apps/notification/notification/email.go:37.21,37.21 0 0
github.com/gidyon/umrs/internal/apps/notification/notification/email.go:41.5,41.5 0 0
github.com/gidyon/umrs/internal/apps/notification/notification/email.go:52.3,61.27 2 4
github.com/gidyon/umrs/internal/apps/notification/notification/email.go:61.27,66.10 2 4
github.com/gidyon/umrs/internal/apps/notification/notification/email.go:73.3,73.31 1 4
github.com/gidyon/umrs/internal/apps/notification/notification/email.go:77.3,79.42 2 4
github.com/gidyon/umrs/internal/apps/notification/notification/email.go:83.3,88.18 4 4
github.com/gidyon/umrs/internal/apps/notification/notification/email.go:67.19,67.19 0 4
github.com/gidyon/umrs/internal/apps/notification/notification/email.go:68.11,70.10 2 0
github.com/gidyon/umrs/internal/apps/notification/notification/email.go:73.31,75.4 1 4
github.com/gidyon/umrs/internal/apps/notification/notification/email.go:79.42,81.4 1 0
github.com/gidyon/umrs/internal/apps/notification/notification/errworkers.go:10.60,11.6 1 1
github.com/gidyon/umrs/internal/apps/notification/notification/errworkers.go:11.6,12.10 1 1
github.com/gidyon/umrs/internal/apps/notification/notification/errworkers.go:13.37,14.10 1 1
github.com/gidyon/umrs/internal/apps/notification/notification/errworkers.go:15.54,17.37 2 0
github.com/gidyon/umrs/internal/apps/notification/notification/errworkers.go:17.37,19.28 2 0
github.com/gidyon/umrs/internal/apps/notification/notification/errworkers.go:19.28,22.30 3 0
github.com/gidyon/umrs/internal/apps/notification/notification/errworkers.go:23.27,25.21 2 0
github.com/gidyon/umrs/internal/apps/notification/notification/errworkers.go:28.7,28.13 1 0
github.com/gidyon/umrs/internal/apps/notification/notification/errworkers.go:29.29,29.29 0 0
github.com/gidyon/umrs/internal/apps/notification/notification/errworkers.go:30.31,30.31 0 0
github.com/gidyon/umrs/internal/apps/notification/notification/errworkers.go:25.21,26.16 1 0
github.com/gidyon/umrs/internal/apps/notification/notification/errworkers.go:38.62,39.6 1 1
github.com/gidyon/umrs/internal/apps/notification/notification/errworkers.go:39.6,40.10 1 1
github.com/gidyon/umrs/internal/apps/notification/notification/errworkers.go:41.37,42.10 1 1
github.com/gidyon/umrs/internal/apps/notification/notification/errworkers.go:43.58,44.92 1 0
github.com/gidyon/umrs/internal/apps/notification/notification/errworkers.go:49.74,50.6 1 1
github.com/gidyon/umrs/internal/apps/notification/notification/errworkers.go:50.6,51.10 1 1
github.com/gidyon/umrs/internal/apps/notification/notification/errworkers.go:52.37,53.10 1 1
github.com/gidyon/umrs/internal/apps/notification/notification/errworkers.go:54.60,61.5 1 0
github.com/gidyon/umrs/internal/apps/notification/notification/errworkers.go:66.72,67.6 1 1
github.com/gidyon/umrs/internal/apps/notification/notification/errworkers.go:67.6,68.10 1 1
github.com/gidyon/umrs/internal/apps/notification/notification/errworkers.go:69.37,70.10 1 1
github.com/gidyon/umrs/internal/apps/notification/notification/errworkers.go:71.56,78.5 1 0
