mode: atomic
github.com/gidyon/umrs/internal/apps/employment/employment.go:29.100,31.9 1 3
github.com/gidyon/umrs/internal/apps/employment/employment.go:38.2,44.16 3 1
github.com/gidyon/umrs/internal/apps/employment/employment.go:48.2,48.30 1 1
github.com/gidyon/umrs/internal/apps/employment/employment.go:32.18,33.40 1 1
github.com/gidyon/umrs/internal/apps/employment/employment.go:34.20,35.38 1 1
github.com/gidyon/umrs/internal/apps/employment/employment.go:44.16,46.3 1 0
github.com/gidyon/umrs/internal/apps/employment/employment.go:53.46,57.19 2 17
github.com/gidyon/umrs/internal/apps/employment/employment.go:62.2,63.16 2 16
github.com/gidyon/umrs/internal/apps/employment/employment.go:68.2,69.9 2 15
github.com/gidyon/umrs/internal/apps/employment/employment.go:91.2,91.16 1 15
github.com/gidyon/umrs/internal/apps/employment/employment.go:96.2,97.16 2 5
github.com/gidyon/umrs/internal/apps/employment/employment.go:101.2,106.16 5 5
github.com/gidyon/umrs/internal/apps/employment/employment.go:110.2,112.8 1 5
github.com/gidyon/umrs/internal/apps/employment/employment.go:57.19,59.3 1 1
github.com/gidyon/umrs/internal/apps/employment/employment.go:63.16,65.3 1 1
github.com/gidyon/umrs/internal/apps/employment/employment.go:70.27,71.37 1 1
github.com/gidyon/umrs/internal/apps/employment/employment.go:72.55,73.44 1 1
github.com/gidyon/umrs/internal/apps/employment/employment.go:74.54,75.43 1 1
github.com/gidyon/umrs/internal/apps/employment/employment.go:76.72,77.49 1 1
github.com/gidyon/umrs/internal/apps/employment/employment.go:78.56,79.45 1 1
github.com/gidyon/umrs/internal/apps/employment/employment.go:80.62,81.51 1 1
github.com/gidyon/umrs/internal/apps/employment/employment.go:82.62,83.51 1 1
github.com/gidyon/umrs/internal/apps/employment/employment.go:84.60,85.49 1 1
github.com/gidyon/umrs/internal/apps/employment/employment.go:86.64,87.53 1 1
github.com/gidyon/umrs/internal/apps/employment/employment.go:88.55,89.44 1 1
github.com/gidyon/umrs/internal/apps/employment/employment.go:91.16,93.3 1 10
github.com/gidyon/umrs/internal/apps/employment/employment.go:97.16,99.3 1 0
github.com/gidyon/umrs/internal/apps/employment/employment.go:106.16,108.3 1 0
github.com/gidyon/umrs/internal/apps/employment/employment.go:117.25,121.22 2 6
github.com/gidyon/umrs/internal/apps/employment/employment.go:126.2,127.16 2 5
github.com/gidyon/umrs/internal/apps/employment/employment.go:132.2,133.9 2 4
github.com/gidyon/umrs/internal/apps/employment/employment.go:141.2,141.16 1 4
github.com/gidyon/umrs/internal/apps/employment/employment.go:146.2,147.16 2 1
github.com/gidyon/umrs/internal/apps/employment/employment.go:151.2,155.26 2 1
github.com/gidyon/umrs/internal/apps/employment/employment.go:158.2,158.21 1 1
github.com/gidyon/umrs/internal/apps/employment/employment.go:162.2,162.28 1 1
github.com/gidyon/umrs/internal/apps/employment/employment.go:121.22,123.3 1 1
github.com/gidyon/umrs/internal/apps/employment/employment.go:127.16,129.3 1 1
github.com/gidyon/umrs/internal/apps/employment/employment.go:134.27,135.37 1 1
github.com/gidyon/umrs/internal/apps/employment/employment.go:136.58,137.47 1 1
github.com/gidyon/umrs/internal/apps/employment/employment.go:138.55,139.44 1 1
github.com/gidyon/umrs/internal/apps/employment/employment.go:141.16,143.3 1 3
github.com/gidyon/umrs/internal/apps/employment/employment.go:147.16,149.3 1 0
github.com/gidyon/umrs/internal/apps/employment/employment.go:155.26,157.3 1 0
github.com/gidyon/umrs/internal/apps/employment/employment.go:158.21,160.3 1 0
github.com/gidyon/umrs/internal/apps/employment/employment.go:167.35,171.19 2 5
github.com/gidyon/umrs/internal/apps/employment/employment.go:176.2,177.16 2 4
github.com/gidyon/umrs/internal/apps/employment/employment.go:182.2,182.9 1 3
github.com/gidyon/umrs/internal/apps/employment/employment.go:188.2,191.9 3 2
github.com/gidyon/umrs/internal/apps/employment/employment.go:199.2,200.16 2 1
github.com/gidyon/umrs/internal/apps/employment/employment.go:204.2,204.26 1 1
github.com/gidyon/umrs/internal/apps/employment/employment.go:171.19,173.3 1 1
github.com/gidyon/umrs/internal/apps/employment/employment.go:177.16,179.3 1 1
github.com/gidyon/umrs/internal/apps/employment/employment.go:183.52,184.73 1 1
github.com/gidyon/umrs/internal/apps/employment/employment.go:192.18,192.18 0 1
github.com/gidyon/umrs/internal/apps/employment/employment.go:193.39,194.79 1 1
github.com/gidyon/umrs/internal/apps/employment/employment.go:195.10,196.69 1 0
github.com/gidyon/umrs/internal/apps/employment/employment.go:200.16,202.3 1 0
github.com/gidyon/umrs/internal/apps/employment/employment.go:209.25,213.19 2 5
github.com/gidyon/umrs/internal/apps/employment/employment.go:218.2,219.16 2 4
github.com/gidyon/umrs/internal/apps/employment/employment.go:224.2,224.9 1 3
github.com/gidyon/umrs/internal/apps/employment/employment.go:230.2,231.16 2 2
github.com/gidyon/umrs/internal/apps/employment/employment.go:234.2,234.26 1 2
github.com/gidyon/umrs/internal/apps/employment/employment.go:237.2,237.21 1 1
github.com/gidyon/umrs/internal/apps/employment/employment.go:241.2,241.28 1 1
github.com/gidyon/umrs/internal/apps/employment/employment.go:213.19,215.3 1 1
github.com/gidyon/umrs/internal/apps/employment/employment.go:219.16,221.3 1 1
github.com/gidyon/umrs/internal/apps/employment/employment.go:225.52,226.73 1 1
github.com/gidyon/umrs/internal/apps/employment/employment.go:231.16,233.3 1 0
github.com/gidyon/umrs/internal/apps/employment/employment.go:234.26,236.3 1 1
github.com/gidyon/umrs/internal/apps/employment/employment.go:237.21,239.3 1 0
github.com/gidyon/umrs/internal/apps/employment/employment.go:246.35,250.19 2 5
github.com/gidyon/umrs/internal/apps/employment/employment.go:255.2,256.16 2 4
github.com/gidyon/umrs/internal/apps/employment/employment.go:261.2,261.9 1 3
github.com/gidyon/umrs/internal/apps/employment/employment.go:267.2,271.9 3 2
github.com/gidyon/umrs/internal/apps/employment/employment.go:277.2,277.29 1 2
github.com/gidyon/umrs/internal/apps/employment/employment.go:281.2,282.16 2 1
github.com/gidyon/umrs/internal/apps/employment/employment.go:286.2,286.26 1 1
github.com/gidyon/umrs/internal/apps/employment/employment.go:250.19,252.3 1 1
github.com/gidyon/umrs/internal/apps/employment/employment.go:256.16,258.3 1 1
github.com/gidyon/umrs/internal/apps/employment/employment.go:262.49,263.70 1 1
github.com/gidyon/umrs/internal/apps/employment/employment.go:272.18,272.18 0 2
github.com/gidyon/umrs/internal/apps/employment/employment.go:273.10,274.69 1 0
github.com/gidyon/umrs/internal/apps/employment/employment.go:277.29,279.3 1 1
github.com/gidyon/umrs/internal/apps/employment/employment.go:282.16,284.3 1 0
github.com/gidyon/umrs/internal/apps/employment/employment.go:291.58,292.19 1 2
github.com/gidyon/umrs/internal/apps/employment/employment.go:295.2,295.20 1 2
github.com/gidyon/umrs/internal/apps/employment/employment.go:298.2,298.19 1 2
github.com/gidyon/umrs/internal/apps/employment/employment.go:301.2,301.38 1 2
github.com/gidyon/umrs/internal/apps/employment/employment.go:292.19,294.3 1 2
github.com/gidyon/umrs/internal/apps/employment/employment.go:295.20,297.3 1 2
github.com/gidyon/umrs/internal/apps/employment/employment.go:298.19,300.3 1 0
github.com/gidyon/umrs/internal/apps/employment/employment.go:306.36,310.19 2 5
github.com/gidyon/umrs/internal/apps/employment/employment.go:315.2,316.16 2 4
github.com/gidyon/umrs/internal/apps/employment/employment.go:321.2,321.9 1 3
github.com/gidyon/umrs/internal/apps/employment/employment.go:326.2,333.9 5 2
github.com/gidyon/umrs/internal/apps/employment/employment.go:339.2,339.29 1 2
github.com/gidyon/umrs/internal/apps/employment/employment.go:343.2,344.45 2 1
github.com/gidyon/umrs/internal/apps/employment/employment.go:352.2,354.8 1 1
github.com/gidyon/umrs/internal/apps/employment/employment.go:310.19,312.3 1 1
github.com/gidyon/umrs/internal/apps/employment/employment.go:316.16,318.3 1 1
github.com/gidyon/umrs/internal/apps/employment/employment.go:322.49,323.70 1 1
github.com/gidyon/umrs/internal/apps/employment/employment.go:334.18,334.18 0 2
github.com/gidyon/umrs/internal/apps/employment/employment.go:335.10,336.69 1 0
github.com/gidyon/umrs/internal/apps/employment/employment.go:339.29,341.3 1 1
github.com/gidyon/umrs/internal/apps/employment/employment.go:344.45,346.17 2 1
github.com/gidyon/umrs/internal/apps/employment/employment.go:349.3,349.54 1 1
github.com/gidyon/umrs/internal/apps/employment/employment.go:346.17,348.4 1 0
github.com/gidyon/umrs/internal/apps/employment/employment.go:359.54,363.21 2 6
github.com/gidyon/umrs/internal/apps/employment/employment.go:368.2,369.16 2 5
github.com/gidyon/umrs/internal/apps/employment/employment.go:374.2,374.9 1 4
github.com/gidyon/umrs/internal/apps/employment/employment.go:380.2,383.9 3 3
github.com/gidyon/umrs/internal/apps/employment/employment.go:389.2,389.28 1 3
github.com/gidyon/umrs/internal/apps/employment/employment.go:404.2,407.8 1 1
github.com/gidyon/umrs/internal/apps/employment/employment.go:363.21,365.3 1 1
github.com/gidyon/umrs/internal/apps/employment/employment.go:369.16,371.3 1 1
github.com/gidyon/umrs/internal/apps/employment/employment.go:375.51,376.72 1 1
github.com/gidyon/umrs/internal/apps/employment/employment.go:384.18,384.18 0 3
github.com/gidyon/umrs/internal/apps/employment/employment.go:385.10,386.71 1 0
github.com/gidyon/umrs/internal/apps/employment/employment.go:389.28,390.46 1 2
github.com/gidyon/umrs/internal/apps/employment/employment.go:398.3,401.9 1 1
github.com/gidyon/umrs/internal/apps/employment/employment.go:390.46,391.39 1 2
github.com/gidyon/umrs/internal/apps/employment/employment.go:391.39,396.5 1 1
github.com/gidyon/umrs/internal/apps/employment/model.go:34.63,36.2 1 8
github.com/gidyon/umrs/internal/apps/employment/model.go:39.44,41.2 1 43
github.com/gidyon/umrs/internal/apps/employment/model.go:43.85,44.25 1 9
github.com/gidyon/umrs/internal/apps/employment/model.go:47.2,63.26 2 9
github.com/gidyon/umrs/internal/apps/employment/model.go:44.25,46.3 1 0
github.com/gidyon/umrs/internal/apps/employment/model.go:66.85,67.25 1 3
github.com/gidyon/umrs/internal/apps/employment/model.go:70.2,86.26 2 3
github.com/gidyon/umrs/internal/apps/employment/model.go:67.25,69.3 1 0
