mode: atomic
github.com/gidyon/umrs/internal/chaincodes/patient/model.go:16.87,17.22 1 6
github.com/gidyon/umrs/internal/chaincodes/patient/model.go:20.2,25.51 2 6
github.com/gidyon/umrs/internal/chaincodes/patient/model.go:32.2,32.24 1 6
github.com/gidyon/umrs/internal/chaincodes/patient/model.go:17.22,19.3 1 0
github.com/gidyon/umrs/internal/chaincodes/patient/model.go:25.51,27.17 2 6
github.com/gidyon/umrs/internal/chaincodes/patient/model.go:30.3,30.26 1 6
github.com/gidyon/umrs/internal/chaincodes/patient/model.go:27.17,29.4 1 0
github.com/gidyon/umrs/internal/chaincodes/patient/model.go:35.87,36.22 1 2
github.com/gidyon/umrs/internal/chaincodes/patient/model.go:39.2,43.33 2 2
github.com/gidyon/umrs/internal/chaincodes/patient/model.go:49.2,49.24 1 2
github.com/gidyon/umrs/internal/chaincodes/patient/model.go:36.22,38.3 1 0
github.com/gidyon/umrs/internal/chaincodes/patient/model.go:43.33,45.17 2 2
github.com/gidyon/umrs/internal/chaincodes/patient/model.go:45.17,47.4 1 0
github.com/gidyon/umrs/internal/chaincodes/patient/patient.go:43.95,45.9 1 5
github.com/gidyon/umrs/internal/chaincodes/patient/patient.go:56.2,64.16 3 1
github.com/gidyon/umrs/internal/chaincodes/patient/patient.go:69.2,71.16 3 1
github.com/gidyon/umrs/internal/chaincodes/patient/patient.go:75.2,78.16 2 1
github.com/gidyon/umrs/internal/chaincodes/patient/patient.go:82.2,84.17 2 1
github.com/gidyon/umrs/internal/chaincodes/patient/patient.go:46.18,47.40 1 1
github.com/gidyon/umrs/internal/chaincodes/patient/patient.go:48.47,49.51 1 1
github.com/gidyon/umrs/internal/chaincodes/patient/patient.go:50.24,51.38 1 1
github.com/gidyon/umrs/internal/chaincodes/patient/patient.go:52.35,53.49 1 1
github.com/gidyon/umrs/internal/chaincodes/patient/patient.go:64.16,66.3 1 0
github.com/gidyon/umrs/internal/chaincodes/patient/patient.go:71.16,73.3 1 0
github.com/gidyon/umrs/internal/chaincodes/patient/patient.go:78.16,80.3 1 0
github.com/gidyon/umrs/internal/chaincodes/patient/patient.go:89.34,93.19 2 15
github.com/gidyon/umrs/internal/chaincodes/patient/patient.go:98.2,102.9 5 14
github.com/gidyon/umrs/internal/chaincodes/patient/patient.go:122.2,122.16 1 14
github.com/gidyon/umrs/internal/chaincodes/patient/patient.go:127.2,128.16 2 5
github.com/gidyon/umrs/internal/chaincodes/patient/patient.go:133.2,134.16 2 4
github.com/gidyon/umrs/internal/chaincodes/patient/patient.go:137.2,140.15 3 4
github.com/gidyon/umrs/internal/chaincodes/patient/patient.go:146.2,146.21 1 4
github.com/gidyon/umrs/internal/chaincodes/patient/patient.go:150.2,151.16 2 4
github.com/gidyon/umrs/internal/chaincodes/patient/patient.go:156.2,157.16 2 4
github.com/gidyon/umrs/internal/chaincodes/patient/patient.go:162.2,181.16 2 4
github.com/gidyon/umrs/internal/chaincodes/patient/patient.go:187.2,187.41 1 4
github.com/gidyon/umrs/internal/chaincodes/patient/patient.go:192.2,195.8 1 4
github.com/gidyon/umrs/internal/chaincodes/patient/patient.go:93.19,95.3 1 1
github.com/gidyon/umrs/internal/chaincodes/patient/patient.go:103.20,104.32 1 1
github.com/gidyon/umrs/internal/chaincodes/patient/patient.go:105.46,106.42 1 1
github.com/gidyon/umrs/internal/chaincodes/patient/patient.go:107.47,108.27 1 1
github.com/gidyon/umrs/internal/chaincodes/patient/patient.go:109.42,110.44 1 1
github.com/gidyon/umrs/internal/chaincodes/patient/patient.go:111.24,112.38 1 1
github.com/gidyon/umrs/internal/chaincodes/patient/patient.go:113.37,114.34 1 1
github.com/gidyon/umrs/internal/chaincodes/patient/patient.go:115.58,116.45 1 1
github.com/gidyon/umrs/internal/chaincodes/patient/patient.go:117.60,118.47 1 1
github.com/gidyon/umrs/internal/chaincodes/patient/patient.go:119.59,120.46 1 1
github.com/gidyon/umrs/internal/chaincodes/patient/patient.go:122.16,124.3 1 9
github.com/gidyon/umrs/internal/chaincodes/patient/patient.go:128.16,130.3 1 1
github.com/gidyon/umrs/internal/chaincodes/patient/patient.go:134.16,136.3 1 0
github.com/gidyon/umrs/internal/chaincodes/patient/patient.go:140.15,141.35 1 4
github.com/gidyon/umrs/internal/chaincodes/patient/patient.go:141.35,143.4 1 0
github.com/gidyon/umrs/internal/chaincodes/patient/patient.go:146.21,148.3 1 0
github.com/gidyon/umrs/internal/chaincodes/patient/patient.go:151.16,154.3 2 0
github.com/gidyon/umrs/internal/chaincodes/patient/patient.go:157.16,159.3 1 0
github.com/gidyon/umrs/internal/chaincodes/patient/patient.go:181.16,184.3 2 0
github.com/gidyon/umrs/internal/chaincodes/patient/patient.go:187.41,190.3 2 0
github.com/gidyon/umrs/internal/chaincodes/patient/patient.go:200.34,204.22 2 11
github.com/gidyon/umrs/internal/chaincodes/patient/patient.go:209.2,213.9 5 10
github.com/gidyon/umrs/internal/chaincodes/patient/patient.go:227.2,227.16 1 10
github.com/gidyon/umrs/internal/chaincodes/patient/patient.go:232.2,235.16 2 4
github.com/gidyon/umrs/internal/chaincodes/patient/patient.go:240.2,241.16 2 2
github.com/gidyon/umrs/internal/chaincodes/patient/patient.go:244.2,247.15 3 2
github.com/gidyon/umrs/internal/chaincodes/patient/patient.go:253.2,253.21 1 2
github.com/gidyon/umrs/internal/chaincodes/patient/patient.go:257.2,259.21 2 2
github.com/gidyon/umrs/internal/chaincodes/patient/patient.go:263.2,263.26 1 2
github.com/gidyon/umrs/internal/chaincodes/patient/patient.go:269.2,270.16 2 1
github.com/gidyon/umrs/internal/chaincodes/patient/patient.go:275.2,294.16 2 1
github.com/gidyon/umrs/internal/chaincodes/patient/patient.go:300.2,300.41 1 1
github.com/gidyon/umrs/internal/chaincodes/patient/patient.go:305.2,308.8 1 1
github.com/gidyon/umrs/internal/chaincodes/patient/patient.go:204.22,206.3 1 1
github.com/gidyon/umrs/internal/chaincodes/patient/patient.go:214.42,215.44 1 1
github.com/gidyon/umrs/internal/chaincodes/patient/patient.go:216.24,217.38 1 1
github.com/gidyon/umrs/internal/chaincodes/patient/patient.go:218.58,219.45 1 1
github.com/gidyon/umrs/internal/chaincodes/patient/patient.go:220.20,221.32 1 1
github.com/gidyon/umrs/internal/chaincodes/patient/patient.go:222.47,223.27 1 1
github.com/gidyon/umrs/internal/chaincodes/patient/patient.go:224.46,225.42 1 1
github.com/gidyon/umrs/internal/chaincodes/patient/patient.go:227.16,229.3 1 6
github.com/gidyon/umrs/internal/chaincodes/patient/patient.go:235.16,237.3 1 2
github.com/gidyon/umrs/internal/chaincodes/patient/patient.go:241.16,243.3 1 0
github.com/gidyon/umrs/internal/chaincodes/patient/patient.go:247.15,248.35 1 2
github.com/gidyon/umrs/internal/chaincodes/patient/patient.go:248.35,250.4 1 0
github.com/gidyon/umrs/internal/chaincodes/patient/patient.go:253.21,255.3 1 0
github.com/gidyon/umrs/internal/chaincodes/patient/patient.go:259.21,262.3 2 0
github.com/gidyon/umrs/internal/chaincodes/patient/patient.go:263.26,267.3 3 1
github.com/gidyon/umrs/internal/chaincodes/patient/patient.go:270.16,272.3 1 0
github.com/gidyon/umrs/internal/chaincodes/patient/patient.go:294.16,297.3 2 0
github.com/gidyon/umrs/internal/chaincodes/patient/patient.go:300.41,303.3 2 0
github.com/gidyon/umrs/internal/chaincodes/patient/patient.go:313.33,317.19 2 9
github.com/gidyon/umrs/internal/chaincodes/patient/patient.go:322.2,323.9 2 8
github.com/gidyon/umrs/internal/chaincodes/patient/patient.go:327.2,327.16 1 8
github.com/gidyon/umrs/internal/chaincodes/patient/patient.go:332.2,332.20 1 7
github.com/gidyon/umrs/internal/chaincodes/patient/patient.go:351.2,353.9 3 3
github.com/gidyon/umrs/internal/chaincodes/patient/patient.go:361.2,362.16 2 2
github.com/gidyon/umrs/internal/chaincodes/patient/patient.go:366.2,366.23 1 2
github.com/gidyon/umrs/internal/chaincodes/patient/patient.go:317.19,319.3 1 1
github.com/gidyon/umrs/internal/chaincodes/patient/patient.go:324.49,325.44 1 1
github.com/gidyon/umrs/internal/chaincodes/patient/patient.go:327.16,329.3 1 1
github.com/gidyon/umrs/internal/chaincodes/patient/patient.go:332.20,334.17 2 4
github.com/gidyon/umrs/internal/chaincodes/patient/patient.go:337.3,337.37 1 3
github.com/gidyon/umrs/internal/chaincodes/patient/patient.go:334.17,336.4 1 1
github.com/gidyon/umrs/internal/chaincodes/patient/patient.go:337.37,339.4 1 1
github.com/gidyon/umrs/internal/chaincodes/patient/patient.go:340.8,342.17 2 3
github.com/gidyon/umrs/internal/chaincodes/patient/patient.go:345.3,345.36 1 2
github.com/gidyon/umrs/internal/chaincodes/patient/patient.go:342.17,344.4 1 1
github.com/gidyon/umrs/internal/chaincodes/patient/patient.go:345.36,347.4 1 1
github.com/gidyon/umrs/internal/chaincodes/patient/patient.go:354.18,354.18 0 2
github.com/gidyon/umrs/internal/chaincodes/patient/patient.go:355.39,356.59 1 1
github.com/gidyon/umrs/internal/chaincodes/patient/patient.go:357.10,358.60 1 0
github.com/gidyon/umrs/internal/chaincodes/patient/patient.go:362.16,364.3 1 0
github.com/gidyon/umrs/internal/chaincodes/patient/patient.go:371.36,375.19 2 8
github.com/gidyon/umrs/internal/chaincodes/patient/patient.go:380.2,381.9 2 7
github.com/gidyon/umrs/internal/chaincodes/patient/patient.go:387.2,387.20 1 6
github.com/gidyon/umrs/internal/chaincodes/patient/patient.go:406.2,406.31 1 2
github.com/gidyon/umrs/internal/chaincodes/patient/patient.go:409.2,430.16 7 2
github.com/gidyon/umrs/internal/chaincodes/patient/patient.go:434.2,435.46 2 2
github.com/gidyon/umrs/internal/chaincodes/patient/patient.go:443.2,446.8 1 2
github.com/gidyon/umrs/internal/chaincodes/patient/patient.go:375.19,377.3 1 1
github.com/gidyon/umrs/internal/chaincodes/patient/patient.go:382.42,383.61 1 1
github.com/gidyon/umrs/internal/chaincodes/patient/patient.go:387.20,389.17 2 3
github.com/gidyon/umrs/internal/chaincodes/patient/patient.go:392.3,392.37 1 2
github.com/gidyon/umrs/internal/chaincodes/patient/patient.go:389.17,391.4 1 1
github.com/gidyon/umrs/internal/chaincodes/patient/patient.go:392.37,394.4 1 1
github.com/gidyon/umrs/internal/chaincodes/patient/patient.go:395.8,397.17 2 3
github.com/gidyon/umrs/internal/chaincodes/patient/patient.go:400.3,400.36 1 2
github.com/gidyon/umrs/internal/chaincodes/patient/patient.go:397.17,399.4 1 1
github.com/gidyon/umrs/internal/chaincodes/patient/patient.go:400.36,402.4 1 1
github.com/gidyon/umrs/internal/chaincodes/patient/patient.go:406.31,408.3 1 0
github.com/gidyon/umrs/internal/chaincodes/patient/patient.go:430.16,432.3 1 0
github.com/gidyon/umrs/internal/chaincodes/patient/patient.go:435.46,437.17 2 8
github.com/gidyon/umrs/internal/chaincodes/patient/patient.go:440.3,440.65 1 8
github.com/gidyon/umrs/internal/chaincodes/patient/patient.go:437.17,439.4 1 0
github.com/gidyon/umrs/internal/chaincodes/patient/patient.go:449.93,452.20 3 4
github.com/gidyon/umrs/internal/chaincodes/patient/patient.go:459.2,459.27 1 4
github.com/gidyon/umrs/internal/chaincodes/patient/patient.go:452.20,454.17 2 0
github.com/gidyon/umrs/internal/chaincodes/patient/patient.go:454.17,457.4 1 0
github.com/gidyon/umrs/internal/chaincodes/patient/patient.go:462.87,465.20 3 4
github.com/gidyon/umrs/internal/chaincodes/patient/patient.go:471.2,479.25 3 4
github.com/gidyon/umrs/internal/chaincodes/patient/patient.go:465.20,467.17 2 0
github.com/gidyon/umrs/internal/chaincodes/patient/patient.go:467.17,469.4 1 0
github.com/gidyon/umrs/internal/chaincodes/patient/patient.go:482.95,492.41 3 8
github.com/gidyon/umrs/internal/chaincodes/patient/patient.go:526.2,526.29 1 8
github.com/gidyon/umrs/internal/chaincodes/patient/patient.go:493.53,495.17 2 4
github.com/gidyon/umrs/internal/chaincodes/patient/patient.go:498.3,500.4 1 4
github.com/gidyon/umrs/internal/chaincodes/patient/patient.go:501.57,503.17 2 4
github.com/gidyon/umrs/internal/chaincodes/patient/patient.go:506.3,508.4 1 4
github.com/gidyon/umrs/internal/chaincodes/patient/patient.go:509.10,512.21 3 0
github.com/gidyon/umrs/internal/chaincodes/patient/patient.go:519.3,523.4 1 0
github.com/gidyon/umrs/internal/chaincodes/patient/patient.go:495.17,497.4 1 0
github.com/gidyon/umrs/internal/chaincodes/patient/patient.go:503.17,505.4 1 0
github.com/gidyon/umrs/internal/chaincodes/patient/patient.go:512.21,514.18 2 0
github.com/gidyon/umrs/internal/chaincodes/patient/patient.go:514.18,516.5 1 0
