mode: atomic
github.com/gidyon/umrs/internal/chaincodes/treatment/treatment.go:29.41,32.9 2 5
github.com/gidyon/umrs/internal/chaincodes/treatment/treatment.go:42.2,42.16 1 5
github.com/gidyon/umrs/internal/chaincodes/treatment/treatment.go:46.2,53.16 4 1
github.com/gidyon/umrs/internal/chaincodes/treatment/treatment.go:57.2,60.16 2 1
github.com/gidyon/umrs/internal/chaincodes/treatment/treatment.go:64.2,64.26 1 1
github.com/gidyon/umrs/internal/chaincodes/treatment/treatment.go:33.18,34.34 1 1
github.com/gidyon/umrs/internal/chaincodes/treatment/treatment.go:35.18,36.34 1 1
github.com/gidyon/umrs/internal/chaincodes/treatment/treatment.go:37.35,38.40 1 1
github.com/gidyon/umrs/internal/chaincodes/treatment/treatment.go:39.47,40.45 1 1
github.com/gidyon/umrs/internal/chaincodes/treatment/treatment.go:42.16,44.3 1 4
github.com/gidyon/umrs/internal/chaincodes/treatment/treatment.go:53.16,55.3 1 0
github.com/gidyon/umrs/internal/chaincodes/treatment/treatment.go:60.16,62.3 1 0
github.com/gidyon/umrs/internal/chaincodes/treatment/treatment.go:69.36,73.19 2 18
github.com/gidyon/umrs/internal/chaincodes/treatment/treatment.go:78.2,84.16 6 17
github.com/gidyon/umrs/internal/chaincodes/treatment/treatment.go:89.2,90.16 2 2
github.com/gidyon/umrs/internal/chaincodes/treatment/treatment.go:95.2,96.16 2 1
github.com/gidyon/umrs/internal/chaincodes/treatment/treatment.go:101.2,122.16 2 1
github.com/gidyon/umrs/internal/chaincodes/treatment/treatment.go:126.2,129.8 1 1
github.com/gidyon/umrs/internal/chaincodes/treatment/treatment.go:73.19,75.3 1 1
github.com/gidyon/umrs/internal/chaincodes/treatment/treatment.go:84.16,86.3 1 15
github.com/gidyon/umrs/internal/chaincodes/treatment/treatment.go:90.16,92.3 1 1
github.com/gidyon/umrs/internal/chaincodes/treatment/treatment.go:96.16,98.3 1 0
github.com/gidyon/umrs/internal/chaincodes/treatment/treatment.go:122.16,124.3 1 0
github.com/gidyon/umrs/internal/chaincodes/treatment/treatment.go:134.36,138.22 2 19
github.com/gidyon/umrs/internal/chaincodes/treatment/treatment.go:143.2,148.54 5 18
github.com/gidyon/umrs/internal/chaincodes/treatment/treatment.go:152.2,153.16 2 17
github.com/gidyon/umrs/internal/chaincodes/treatment/treatment.go:158.2,159.16 2 2
github.com/gidyon/umrs/internal/chaincodes/treatment/treatment.go:164.2,165.16 2 1
github.com/gidyon/umrs/internal/chaincodes/treatment/treatment.go:170.2,191.16 2 1
github.com/gidyon/umrs/internal/chaincodes/treatment/treatment.go:195.2,198.8 1 1
github.com/gidyon/umrs/internal/chaincodes/treatment/treatment.go:138.22,140.3 1 1
github.com/gidyon/umrs/internal/chaincodes/treatment/treatment.go:148.54,150.3 1 1
github.com/gidyon/umrs/internal/chaincodes/treatment/treatment.go:153.16,155.3 1 15
github.com/gidyon/umrs/internal/chaincodes/treatment/treatment.go:159.16,161.3 1 1
github.com/gidyon/umrs/internal/chaincodes/treatment/treatment.go:165.16,167.3 1 0
github.com/gidyon/umrs/internal/chaincodes/treatment/treatment.go:191.16,193.3 1 0
github.com/gidyon/umrs/internal/chaincodes/treatment/treatment.go:203.44,207.19 2 9
github.com/gidyon/umrs/internal/chaincodes/treatment/treatment.go:212.2,213.9 2 8
github.com/gidyon/umrs/internal/chaincodes/treatment/treatment.go:221.2,221.16 1 8
github.com/gidyon/umrs/internal/chaincodes/treatment/treatment.go:226.2,226.20 1 6
github.com/gidyon/umrs/internal/chaincodes/treatment/treatment.go:245.2,248.16 2 2
github.com/gidyon/umrs/internal/chaincodes/treatment/treatment.go:251.2,252.16 2 2
github.com/gidyon/umrs/internal/chaincodes/treatment/treatment.go:256.2,256.17 1 2
github.com/gidyon/umrs/internal/chaincodes/treatment/treatment.go:207.19,209.3 1 1
github.com/gidyon/umrs/internal/chaincodes/treatment/treatment.go:214.53,215.48 1 1
github.com/gidyon/umrs/internal/chaincodes/treatment/treatment.go:216.49,217.44 1 1
github.com/gidyon/umrs/internal/chaincodes/treatment/treatment.go:218.70,219.46 1 0
github.com/gidyon/umrs/internal/chaincodes/treatment/treatment.go:221.16,223.3 1 2
github.com/gidyon/umrs/internal/chaincodes/treatment/treatment.go:226.20,228.17 2 3
github.com/gidyon/umrs/internal/chaincodes/treatment/treatment.go:231.3,231.37 1 2
github.com/gidyon/umrs/internal/chaincodes/treatment/treatment.go:228.17,230.4 1 1
github.com/gidyon/umrs/internal/chaincodes/treatment/treatment.go:231.37,233.4 1 1
github.com/gidyon/umrs/internal/chaincodes/treatment/treatment.go:234.8,236.17 2 3
github.com/gidyon/umrs/internal/chaincodes/treatment/treatment.go:239.3,239.36 1 2
github.com/gidyon/umrs/internal/chaincodes/treatment/treatment.go:236.17,238.4 1 1
github.com/gidyon/umrs/internal/chaincodes/treatment/treatment.go:239.36,241.4 1 1
github.com/gidyon/umrs/internal/chaincodes/treatment/treatment.go:248.16,250.3 1 0
github.com/gidyon/umrs/internal/chaincodes/treatment/treatment.go:252.16,254.3 1 0
github.com/gidyon/umrs/internal/chaincodes/treatment/treatment.go:263.9,266.9 2 34
github.com/gidyon/umrs/internal/chaincodes/treatment/treatment.go:299.2,299.12 1 34
github.com/gidyon/umrs/internal/chaincodes/treatment/treatment.go:267.26,268.34 1 2
github.com/gidyon/umrs/internal/chaincodes/treatment/treatment.go:269.47,270.44 1 2
github.com/gidyon/umrs/internal/chaincodes/treatment/treatment.go:271.53,272.50 1 2
github.com/gidyon/umrs/internal/chaincodes/treatment/treatment.go:273.23,274.35 1 2
github.com/gidyon/umrs/internal/chaincodes/treatment/treatment.go:275.44,276.45 1 2
github.com/gidyon/umrs/internal/chaincodes/treatment/treatment.go:277.50,278.51 1 2
github.com/gidyon/umrs/internal/chaincodes/treatment/treatment.go:279.27,280.35 1 2
github.com/gidyon/umrs/internal/chaincodes/treatment/treatment.go:281.56,282.45 1 2
github.com/gidyon/umrs/internal/chaincodes/treatment/treatment.go:283.58,284.47 1 2
github.com/gidyon/umrs/internal/chaincodes/treatment/treatment.go:285.28,286.40 1 2
github.com/gidyon/umrs/internal/chaincodes/treatment/treatment.go:287.45,288.40 1 2
github.com/gidyon/umrs/internal/chaincodes/treatment/treatment.go:289.40,290.35 1 2
github.com/gidyon/umrs/internal/chaincodes/treatment/treatment.go:291.59,292.47 1 2
github.com/gidyon/umrs/internal/chaincodes/treatment/treatment.go:293.56,294.44 1 2
github.com/gidyon/umrs/internal/chaincodes/treatment/treatment.go:295.45,296.39 1 2
github.com/gidyon/umrs/internal/chaincodes/treatment/treatment.go:302.104,303.33 1 2
github.com/gidyon/umrs/internal/chaincodes/treatment/treatment.go:307.2,328.20 3 2
github.com/gidyon/umrs/internal/chaincodes/treatment/treatment.go:335.2,335.26 1 2
github.com/gidyon/umrs/internal/chaincodes/treatment/treatment.go:303.33,305.3 1 0
github.com/gidyon/umrs/internal/chaincodes/treatment/treatment.go:328.20,330.17 2 0
github.com/gidyon/umrs/internal/chaincodes/treatment/treatment.go:330.17,332.4 1 0
