mode: atomic
github.com/gidyon/umrs/internal/apps/notification/subscriber/subscriber.go:31.43,33.9 1 3
github.com/gidyon/umrs/internal/apps/notification/subscriber/subscriber.go:40.2,45.27 2 1
github.com/gidyon/umrs/internal/apps/notification/subscriber/subscriber.go:34.18,35.40 1 1
github.com/gidyon/umrs/internal/apps/notification/subscriber/subscriber.go:36.20,37.38 1 1
github.com/gidyon/umrs/internal/apps/notification/subscriber/subscriber.go:50.25,52.19 1 5
github.com/gidyon/umrs/internal/apps/notification/subscriber/subscriber.go:57.2,58.16 2 4
github.com/gidyon/umrs/internal/apps/notification/subscriber/subscriber.go:63.2,65.9 3 4
github.com/gidyon/umrs/internal/apps/notification/subscriber/subscriber.go:71.2,71.16 1 4
github.com/gidyon/umrs/internal/apps/notification/subscriber/subscriber.go:76.2,80.16 2 2
github.com/gidyon/umrs/internal/apps/notification/subscriber/subscriber.go:84.2,84.28 1 2
github.com/gidyon/umrs/internal/apps/notification/subscriber/subscriber.go:52.19,54.3 1 1
github.com/gidyon/umrs/internal/apps/notification/subscriber/subscriber.go:58.16,60.3 1 0
github.com/gidyon/umrs/internal/apps/notification/subscriber/subscriber.go:66.42,67.45 1 1
github.com/gidyon/umrs/internal/apps/notification/subscriber/subscriber.go:68.40,69.42 1 1
github.com/gidyon/umrs/internal/apps/notification/subscriber/subscriber.go:71.16,73.3 1 2
github.com/gidyon/umrs/internal/apps/notification/subscriber/subscriber.go:80.16,82.3 1 0
github.com/gidyon/umrs/internal/apps/notification/subscriber/subscriber.go:89.25,91.21 1 4
github.com/gidyon/umrs/internal/apps/notification/subscriber/subscriber.go:96.2,97.16 2 3
github.com/gidyon/umrs/internal/apps/notification/subscriber/subscriber.go:101.2,105.9 3 3
github.com/gidyon/umrs/internal/apps/notification/subscriber/subscriber.go:111.2,111.16 1 3
github.com/gidyon/umrs/internal/apps/notification/subscriber/subscriber.go:115.2,118.9 3 1
github.com/gidyon/umrs/internal/apps/notification/subscriber/subscriber.go:126.2,128.27 2 1
github.com/gidyon/umrs/internal/apps/notification/subscriber/subscriber.go:135.2,135.32 1 1
github.com/gidyon/umrs/internal/apps/notification/subscriber/subscriber.go:142.2,142.27 1 1
github.com/gidyon/umrs/internal/apps/notification/subscriber/subscriber.go:150.2,154.16 2 1
github.com/gidyon/umrs/internal/apps/notification/subscriber/subscriber.go:158.2,158.28 1 1
github.com/gidyon/umrs/internal/apps/notification/subscriber/subscriber.go:91.21,93.3 1 1
github.com/gidyon/umrs/internal/apps/notification/subscriber/subscriber.go:97.16,99.3 1 0
github.com/gidyon/umrs/internal/apps/notification/subscriber/subscriber.go:106.42,107.45 1 1
github.com/gidyon/umrs/internal/apps/notification/subscriber/subscriber.go:108.40,109.42 1 1
github.com/gidyon/umrs/internal/apps/notification/subscriber/subscriber.go:111.16,113.3 1 2
github.com/gidyon/umrs/internal/apps/notification/subscriber/subscriber.go:119.18,119.18 0 1
github.com/gidyon/umrs/internal/apps/notification/subscriber/subscriber.go:120.39,121.52 1 0
github.com/gidyon/umrs/internal/apps/notification/subscriber/subscriber.go:122.10,123.54 1 0
github.com/gidyon/umrs/internal/apps/notification/subscriber/subscriber.go:128.27,130.17 2 1
github.com/gidyon/umrs/internal/apps/notification/subscriber/subscriber.go:130.17,132.4 1 0
github.com/gidyon/umrs/internal/apps/notification/subscriber/subscriber.go:135.32,136.20 1 2
github.com/gidyon/umrs/internal/apps/notification/subscriber/subscriber.go:136.20,139.4 1 1
github.com/gidyon/umrs/internal/apps/notification/subscriber/subscriber.go:142.27,144.17 2 1
github.com/gidyon/umrs/internal/apps/notification/subscriber/subscriber.go:144.17,146.4 1 0
github.com/gidyon/umrs/internal/apps/notification/subscriber/subscriber.go:154.16,156.3 1 0
github.com/gidyon/umrs/internal/apps/notification/subscriber/subscriber.go:161.58,162.19 1 1
github.com/gidyon/umrs/internal/apps/notification/subscriber/subscriber.go:165.2,165.20 1 1
github.com/gidyon/umrs/internal/apps/notification/subscriber/subscriber.go:168.2,168.38 1 1
github.com/gidyon/umrs/internal/apps/notification/subscriber/subscriber.go:162.19,164.3 1 0
github.com/gidyon/umrs/internal/apps/notification/subscriber/subscriber.go:165.20,167.3 1 1
github.com/gidyon/umrs/internal/apps/notification/subscriber/subscriber.go:173.48,175.20 1 3
github.com/gidyon/umrs/internal/apps/notification/subscriber/subscriber.go:180.2,181.16 2 2
github.com/gidyon/umrs/internal/apps/notification/subscriber/subscriber.go:186.2,187.38 2 2
github.com/gidyon/umrs/internal/apps/notification/subscriber/subscriber.go:192.2,200.9 5 1
github.com/gidyon/umrs/internal/apps/notification/subscriber/subscriber.go:206.2,208.45 2 1
github.com/gidyon/umrs/internal/apps/notification/subscriber/subscriber.go:224.2,227.8 1 1
github.com/gidyon/umrs/internal/apps/notification/subscriber/subscriber.go:175.20,177.3 1 1
github.com/gidyon/umrs/internal/apps/notification/subscriber/subscriber.go:181.16,183.3 1 0
github.com/gidyon/umrs/internal/apps/notification/subscriber/subscriber.go:187.38,189.3 1 1
github.com/gidyon/umrs/internal/apps/notification/subscriber/subscriber.go:201.18,201.18 0 1
github.com/gidyon/umrs/internal/apps/notification/subscriber/subscriber.go:202.10,203.58 1 0
github.com/gidyon/umrs/internal/apps/notification/subscriber/subscriber.go:208.45,211.17 2 73
github.com/gidyon/umrs/internal/apps/notification/subscriber/subscriber.go:216.3,216.44 1 73
github.com/gidyon/umrs/internal/apps/notification/subscriber/subscriber.go:211.17,213.4 1 0
github.com/gidyon/umrs/internal/apps/notification/subscriber/subscriber.go:216.44,217.21 1 145
github.com/gidyon/umrs/internal/apps/notification/subscriber/subscriber.go:217.21,219.10 2 1
github.com/gidyon/umrs/internal/apps/notification/subscriber/subscriber.go:232.35,234.19 1 4
github.com/gidyon/umrs/internal/apps/notification/subscriber/subscriber.go:239.2,240.16 2 3
github.com/gidyon/umrs/internal/apps/notification/subscriber/subscriber.go:245.2,245.47 1 3
github.com/gidyon/umrs/internal/apps/notification/subscriber/subscriber.go:250.2,252.9 3 2
github.com/gidyon/umrs/internal/apps/notification/subscriber/subscriber.go:260.2,260.38 1 1
github.com/gidyon/umrs/internal/apps/notification/subscriber/subscriber.go:234.19,236.3 1 1
github.com/gidyon/umrs/internal/apps/notification/subscriber/subscriber.go:240.16,242.3 1 0
github.com/gidyon/umrs/internal/apps/notification/subscriber/subscriber.go:245.47,247.3 1 1
github.com/gidyon/umrs/internal/apps/notification/subscriber/subscriber.go:253.18,253.18 0 1
github.com/gidyon/umrs/internal/apps/notification/subscriber/subscriber.go:254.39,255.59 1 1
github.com/gidyon/umrs/internal/apps/notification/subscriber/subscriber.go:256.10,257.49 1 0
github.com/gidyon/umrs/internal/apps/notification/subscriber/subscriber.go:265.46,267.19 1 4
github.com/gidyon/umrs/internal/apps/notification/subscriber/subscriber.go:272.2,273.16 2 3
github.com/gidyon/umrs/internal/apps/notification/subscriber/subscriber.go:278.2,279.40 2 3
github.com/gidyon/umrs/internal/apps/notification/subscriber/subscriber.go:284.2,287.9 3 2
github.com/gidyon/umrs/internal/apps/notification/subscriber/subscriber.go:295.2,297.8 1 1
github.com/gidyon/umrs/internal/apps/notification/subscriber/subscriber.go:267.19,269.3 1 1
github.com/gidyon/umrs/internal/apps/notification/subscriber/subscriber.go:273.16,275.3 1 0
github.com/gidyon/umrs/internal/apps/notification/subscriber/subscriber.go:279.40,281.3 1 1
github.com/gidyon/umrs/internal/apps/notification/subscriber/subscriber.go:288.18,288.18 0 1
github.com/gidyon/umrs/internal/apps/notification/subscriber/subscriber.go:289.39,290.52 1 1
github.com/gidyon/umrs/internal/apps/notification/subscriber/subscriber.go:291.10,292.49 1 0
github.com/gidyon/umrs/internal/apps/notification/subscriber/subscriber.go:300.86,310.36 2 74
github.com/gidyon/umrs/internal/apps/notification/subscriber/subscriber.go:317.2,317.26 1 74
github.com/gidyon/umrs/internal/apps/notification/subscriber/subscriber.go:310.36,312.17 2 74
github.com/gidyon/umrs/internal/apps/notification/subscriber/subscriber.go:312.17,314.4 1 0
