mode: atomic
github.com/gidyon/umrs/internal/services/messaging/messaging.go:56.38,59.9 2 12
github.com/gidyon/umrs/internal/services/messaging/messaging.go:81.2,81.16 1 12
github.com/gidyon/umrs/internal/services/messaging/messaging.go:85.2,86.16 2 2
github.com/gidyon/umrs/internal/services/messaging/messaging.go:90.2,104.16 3 2
github.com/gidyon/umrs/internal/services/messaging/messaging.go:108.2,108.17 1 2
github.com/gidyon/umrs/internal/services/messaging/messaging.go:60.18,61.42 1 1
github.com/gidyon/umrs/internal/services/messaging/messaging.go:62.24,63.40 1 1
github.com/gidyon/umrs/internal/services/messaging/messaging.go:64.25,65.41 1 1
github.com/gidyon/umrs/internal/services/messaging/messaging.go:66.30,67.47 1 1
github.com/gidyon/umrs/internal/services/messaging/messaging.go:68.29,69.47 1 1
github.com/gidyon/umrs/internal/services/messaging/messaging.go:70.31,71.50 1 1
github.com/gidyon/umrs/internal/services/messaging/messaging.go:72.29,73.46 1 1
github.com/gidyon/umrs/internal/services/messaging/messaging.go:74.28,75.45 1 1
github.com/gidyon/umrs/internal/services/messaging/messaging.go:76.29,77.46 1 1
github.com/gidyon/umrs/internal/services/messaging/messaging.go:78.35,79.52 1 1
github.com/gidyon/umrs/internal/services/messaging/messaging.go:81.16,83.3 1 10
github.com/gidyon/umrs/internal/services/messaging/messaging.go:86.16,88.3 1 0
github.com/gidyon/umrs/internal/services/messaging/messaging.go:104.16,106.3 1 0
github.com/gidyon/umrs/internal/services/messaging/messaging.go:111.52,114.9 2 11
github.com/gidyon/umrs/internal/services/messaging/messaging.go:139.2,139.12 1 11
github.com/gidyon/umrs/internal/services/messaging/messaging.go:115.18,116.34 1 0
github.com/gidyon/umrs/internal/services/messaging/messaging.go:117.24,118.37 1 1
github.com/gidyon/umrs/internal/services/messaging/messaging.go:119.23,120.35 1 1
github.com/gidyon/umrs/internal/services/messaging/messaging.go:121.22,122.34 1 1
github.com/gidyon/umrs/internal/services/messaging/messaging.go:123.29,124.37 1 1
github.com/gidyon/umrs/internal/services/messaging/messaging.go:125.33,126.42 1 1
github.com/gidyon/umrs/internal/services/messaging/messaging.go:127.10,129.46 2 6
github.com/gidyon/umrs/internal/services/messaging/messaging.go:135.3,135.14 1 6
github.com/gidyon/umrs/internal/services/messaging/messaging.go:129.46,130.50 1 6
github.com/gidyon/umrs/internal/services/messaging/messaging.go:130.50,132.10 2 5
github.com/gidyon/umrs/internal/services/messaging/messaging.go:135.14,137.4 1 1
github.com/gidyon/umrs/internal/services/messaging/messaging.go:144.25,146.16 1 0
github.com/gidyon/umrs/internal/services/messaging/messaging.go:151.2,152.16 2 0
github.com/gidyon/umrs/internal/services/messaging/messaging.go:157.2,157.9 1 0
github.com/gidyon/umrs/internal/services/messaging/messaging.go:163.2,163.16 1 0
github.com/gidyon/umrs/internal/services/messaging/messaging.go:167.2,168.16 2 0
github.com/gidyon/umrs/internal/services/messaging/messaging.go:172.2,172.22 1 0
github.com/gidyon/umrs/internal/services/messaging/messaging.go:146.16,148.3 1 0
github.com/gidyon/umrs/internal/services/messaging/messaging.go:152.16,154.3 1 0
github.com/gidyon/umrs/internal/services/messaging/messaging.go:158.30,159.36 1 0
github.com/gidyon/umrs/internal/services/messaging/messaging.go:160.10,161.42 1 0
github.com/gidyon/umrs/internal/services/messaging/messaging.go:163.16,165.3 1 0
github.com/gidyon/umrs/internal/services/messaging/messaging.go:168.16,170.3 1 0
github.com/gidyon/umrs/internal/services/messaging/messaging.go:177.9,180.16 3 0
github.com/gidyon/umrs/internal/services/messaging/messaging.go:184.2,191.12 5 0
github.com/gidyon/umrs/internal/services/messaging/messaging.go:285.2,285.12 1 0
github.com/gidyon/umrs/internal/services/messaging/messaging.go:180.16,182.3 1 0
github.com/gidyon/umrs/internal/services/messaging/messaging.go:191.12,198.17 2 0
github.com/gidyon/umrs/internal/services/messaging/messaging.go:203.3,205.59 2 0
github.com/gidyon/umrs/internal/services/messaging/messaging.go:210.3,210.49 1 0
github.com/gidyon/umrs/internal/services/messaging/messaging.go:198.17,200.4 1 0
github.com/gidyon/umrs/internal/services/messaging/messaging.go:205.59,207.4 1 0
github.com/gidyon/umrs/internal/services/messaging/messaging.go:210.49,215.10 3 0
github.com/gidyon/umrs/internal/services/messaging/messaging.go:219.4,223.45 4 0
github.com/gidyon/umrs/internal/services/messaging/messaging.go:238.4,238.52 1 0
github.com/gidyon/umrs/internal/services/messaging/messaging.go:215.10,217.5 1 0
github.com/gidyon/umrs/internal/services/messaging/messaging.go:223.45,229.22 4 0
github.com/gidyon/umrs/internal/services/messaging/messaging.go:229.22,231.20 2 0
github.com/gidyon/umrs/internal/services/messaging/messaging.go:231.20,234.7 2 0
github.com/gidyon/umrs/internal/services/messaging/messaging.go:238.52,239.23 1 0
github.com/gidyon/umrs/internal/services/messaging/messaging.go:240.39,240.39 0 0
github.com/gidyon/umrs/internal/services/messaging/messaging.go:241.37,249.20 2 0
github.com/gidyon/umrs/internal/services/messaging/messaging.go:252.35,258.20 2 0
github.com/gidyon/umrs/internal/services/messaging/messaging.go:261.36,267.20 2 0
github.com/gidyon/umrs/internal/services/messaging/messaging.go:270.36,277.20 2 0
github.com/gidyon/umrs/internal/services/messaging/messaging.go:249.20,251.7 1 0
github.com/gidyon/umrs/internal/services/messaging/messaging.go:258.20,260.7 1 0
github.com/gidyon/umrs/internal/services/messaging/messaging.go:267.20,269.7 1 0
github.com/gidyon/umrs/internal/services/messaging/messaging.go:277.20,279.7 1 0
github.com/gidyon/umrs/internal/services/messaging/messaging.go:290.43,292.16 1 12
github.com/gidyon/umrs/internal/services/messaging/messaging.go:297.2,298.16 2 11
github.com/gidyon/umrs/internal/services/messaging/messaging.go:303.2,304.16 2 11
github.com/gidyon/umrs/internal/services/messaging/messaging.go:309.2,312.16 2 5
github.com/gidyon/umrs/internal/services/messaging/messaging.go:317.2,317.50 1 5
github.com/gidyon/umrs/internal/services/messaging/messaging.go:362.2,365.19 2 5
github.com/gidyon/umrs/internal/services/messaging/messaging.go:377.2,379.8 1 5
github.com/gidyon/umrs/internal/services/messaging/messaging.go:292.16,294.3 1 1
github.com/gidyon/umrs/internal/services/messaging/messaging.go:298.16,300.3 1 0
github.com/gidyon/umrs/internal/services/messaging/messaging.go:304.16,306.3 1 6
github.com/gidyon/umrs/internal/services/messaging/messaging.go:312.16,314.3 1 0
github.com/gidyon/umrs/internal/services/messaging/messaging.go:317.50,318.21 1 5
github.com/gidyon/umrs/internal/services/messaging/messaging.go:319.37,319.37 0 0
github.com/gidyon/umrs/internal/services/messaging/messaging.go:320.35,328.18 2 1
github.com/gidyon/umrs/internal/services/messaging/messaging.go:331.33,337.18 2 2
github.com/gidyon/umrs/internal/services/messaging/messaging.go:340.34,346.18 2 1
github.com/gidyon/umrs/internal/services/messaging/messaging.go:349.34,356.18 2 1
github.com/gidyon/umrs/internal/services/messaging/messaging.go:328.18,330.5 1 0
github.com/gidyon/umrs/internal/services/messaging/messaging.go:337.18,339.5 1 0
github.com/gidyon/umrs/internal/services/messaging/messaging.go:346.18,348.5 1 0
github.com/gidyon/umrs/internal/services/messaging/messaging.go:356.18,358.5 1 0
github.com/gidyon/umrs/internal/services/messaging/messaging.go:365.19,367.17 2 5
github.com/gidyon/umrs/internal/services/messaging/messaging.go:370.3,371.17 2 5
github.com/gidyon/umrs/internal/services/messaging/messaging.go:374.3,374.19 1 5
github.com/gidyon/umrs/internal/services/messaging/messaging.go:367.17,369.4 1 0
github.com/gidyon/umrs/internal/services/messaging/messaging.go:371.17,373.4 1 0
github.com/gidyon/umrs/internal/services/messaging/messaging.go:387.58,388.20 1 3
github.com/gidyon/umrs/internal/services/messaging/messaging.go:391.2,391.19 1 3
github.com/gidyon/umrs/internal/services/messaging/messaging.go:394.2,394.19 1 3
github.com/gidyon/umrs/internal/services/messaging/messaging.go:398.2,398.38 1 3
github.com/gidyon/umrs/internal/services/messaging/messaging.go:388.20,390.3 1 3
github.com/gidyon/umrs/internal/services/messaging/messaging.go:391.19,393.3 1 2
github.com/gidyon/umrs/internal/services/messaging/messaging.go:394.19,396.3 1 1
github.com/gidyon/umrs/internal/services/messaging/messaging.go:403.32,405.20 1 5
github.com/gidyon/umrs/internal/services/messaging/messaging.go:410.2,411.16 2 4
github.com/gidyon/umrs/internal/services/messaging/messaging.go:416.2,416.9 1 4
github.com/gidyon/umrs/internal/services/messaging/messaging.go:420.2,420.16 1 4
github.com/gidyon/umrs/internal/services/messaging/messaging.go:425.2,431.34 4 3
github.com/gidyon/umrs/internal/services/messaging/messaging.go:446.2,447.16 2 3
github.com/gidyon/umrs/internal/services/messaging/messaging.go:451.2,453.39 2 3
github.com/gidyon/umrs/internal/services/messaging/messaging.go:463.2,466.8 1 3
github.com/gidyon/umrs/internal/services/messaging/messaging.go:405.20,407.3 1 1
github.com/gidyon/umrs/internal/services/messaging/messaging.go:411.16,413.3 1 0
github.com/gidyon/umrs/internal/services/messaging/messaging.go:417.28,418.37 1 1
github.com/gidyon/umrs/internal/services/messaging/messaging.go:420.16,422.3 1 1
github.com/gidyon/umrs/internal/services/messaging/messaging.go:431.34,434.52 3 1
github.com/gidyon/umrs/internal/services/messaging/messaging.go:441.3,441.13 1 1
github.com/gidyon/umrs/internal/services/messaging/messaging.go:434.52,436.44 2 1
github.com/gidyon/umrs/internal/services/messaging/messaging.go:436.44,438.10 2 1
github.com/gidyon/umrs/internal/services/messaging/messaging.go:441.13,443.4 1 0
github.com/gidyon/umrs/internal/services/messaging/messaging.go:447.16,449.3 1 0
github.com/gidyon/umrs/internal/services/messaging/messaging.go:453.39,455.17 2 19
github.com/gidyon/umrs/internal/services/messaging/messaging.go:459.3,460.32 2 19
github.com/gidyon/umrs/internal/services/messaging/messaging.go:455.17,457.4 1 0
github.com/gidyon/umrs/internal/services/messaging/messaging.go:471.25,473.20 1 3
github.com/gidyon/umrs/internal/services/messaging/messaging.go:478.2,479.16 2 2
github.com/gidyon/umrs/internal/services/messaging/messaging.go:484.2,484.9 1 2
github.com/gidyon/umrs/internal/services/messaging/messaging.go:488.2,488.16 1 2
github.com/gidyon/umrs/internal/services/messaging/messaging.go:493.2,495.16 2 1
github.com/gidyon/umrs/internal/services/messaging/messaging.go:499.2,499.22 1 1
github.com/gidyon/umrs/internal/services/messaging/messaging.go:473.20,475.3 1 1
github.com/gidyon/umrs/internal/services/messaging/messaging.go:479.16,481.3 1 0
github.com/gidyon/umrs/internal/services/messaging/messaging.go:485.28,486.37 1 1
github.com/gidyon/umrs/internal/services/messaging/messaging.go:488.16,490.3 1 1
github.com/gidyon/umrs/internal/services/messaging/messaging.go:495.16,497.3 1 0
github.com/gidyon/umrs/internal/services/messaging/messaging.go:504.40,506.19 1 3
github.com/gidyon/umrs/internal/services/messaging/messaging.go:511.2,512.16 2 2
github.com/gidyon/umrs/internal/services/messaging/messaging.go:517.2,517.9 1 2
github.com/gidyon/umrs/internal/services/messaging/messaging.go:521.2,521.16 1 2
github.com/gidyon/umrs/internal/services/messaging/messaging.go:525.2,528.16 3 1
github.com/gidyon/umrs/internal/services/messaging/messaging.go:532.2,534.8 1 1
github.com/gidyon/umrs/internal/services/messaging/messaging.go:506.19,508.3 1 1
github.com/gidyon/umrs/internal/services/messaging/messaging.go:512.16,514.3 1 0
github.com/gidyon/umrs/internal/services/messaging/messaging.go:518.27,519.37 1 1
github.com/gidyon/umrs/internal/services/messaging/messaging.go:521.16,523.3 1 1
github.com/gidyon/umrs/internal/services/messaging/messaging.go:528.16,530.3 1 0
github.com/gidyon/umrs/internal/services/messaging/model.go:30.36,32.2 1 33
github.com/gidyon/umrs/internal/services/messaging/model.go:35.67,50.37 3 8
github.com/gidyon/umrs/internal/services/messaging/model.go:59.2,59.33 1 8
github.com/gidyon/umrs/internal/services/messaging/model.go:67.2,67.23 1 8
github.com/gidyon/umrs/internal/services/messaging/model.go:50.37,52.17 2 8
github.com/gidyon/umrs/internal/services/messaging/model.go:55.3,55.31 1 8
github.com/gidyon/umrs/internal/services/messaging/model.go:52.17,54.4 1 0
github.com/gidyon/umrs/internal/services/messaging/model.go:59.33,61.17 2 8
github.com/gidyon/umrs/internal/services/messaging/model.go:64.3,64.27 1 8
github.com/gidyon/umrs/internal/services/messaging/model.go:61.17,63.4 1 0
github.com/gidyon/umrs/internal/services/messaging/model.go:71.67,84.37 2 23
github.com/gidyon/umrs/internal/services/messaging/model.go:94.2,94.33 1 23
github.com/gidyon/umrs/internal/services/messaging/model.go:103.2,103.23 1 23
github.com/gidyon/umrs/internal/services/messaging/model.go:84.37,87.17 3 23
github.com/gidyon/umrs/internal/services/messaging/model.go:90.3,90.31 1 23
github.com/gidyon/umrs/internal/services/messaging/model.go:87.17,89.4 1 0
github.com/gidyon/umrs/internal/services/messaging/model.go:94.33,97.17 3 23
github.com/gidyon/umrs/internal/services/messaging/model.go:100.3,100.27 1 23
github.com/gidyon/umrs/internal/services/messaging/model.go:97.17,99.4 1 0
