mode: atomic
github.com/gidyon/umrs/internal/apps/notification/channel/channel.go:28.37,30.9 1 3
github.com/gidyon/umrs/internal/apps/notification/channel/channel.go:37.2,44.16 3 1
github.com/gidyon/umrs/internal/apps/notification/channel/channel.go:48.2,48.24 1 1
github.com/gidyon/umrs/internal/apps/notification/channel/channel.go:31.18,32.40 1 1
github.com/gidyon/umrs/internal/apps/notification/channel/channel.go:33.17,34.38 1 1
github.com/gidyon/umrs/internal/apps/notification/channel/channel.go:44.16,46.3 1 0
github.com/gidyon/umrs/internal/apps/notification/channel/channel.go:53.43,55.22 1 10
github.com/gidyon/umrs/internal/apps/notification/channel/channel.go:60.2,61.16 2 9
github.com/gidyon/umrs/internal/apps/notification/channel/channel.go:66.2,67.9 2 9
github.com/gidyon/umrs/internal/apps/notification/channel/channel.go:77.2,77.16 1 9
github.com/gidyon/umrs/internal/apps/notification/channel/channel.go:81.2,84.16 3 5
github.com/gidyon/umrs/internal/apps/notification/channel/channel.go:94.2,96.8 1 5
github.com/gidyon/umrs/internal/apps/notification/channel/channel.go:55.22,57.3 1 1
github.com/gidyon/umrs/internal/apps/notification/channel/channel.go:61.16,63.3 1 0
github.com/gidyon/umrs/internal/apps/notification/channel/channel.go:68.24,69.34 1 1
github.com/gidyon/umrs/internal/apps/notification/channel/channel.go:70.50,71.43 1 1
github.com/gidyon/umrs/internal/apps/notification/channel/channel.go:72.48,73.48 1 1
github.com/gidyon/umrs/internal/apps/notification/channel/channel.go:74.54,75.54 1 1
github.com/gidyon/umrs/internal/apps/notification/channel/channel.go:77.16,79.3 1 4
github.com/gidyon/umrs/internal/apps/notification/channel/channel.go:84.16,85.10 1 0
github.com/gidyon/umrs/internal/apps/notification/channel/channel.go:91.3,91.18 1 0
github.com/gidyon/umrs/internal/apps/notification/channel/channel.go:86.28,87.51 1 0
github.com/gidyon/umrs/internal/apps/notification/channel/channel.go:88.11,89.51 1 0
github.com/gidyon/umrs/internal/apps/notification/channel/channel.go:101.25,103.22 1 6
github.com/gidyon/umrs/internal/apps/notification/channel/channel.go:108.2,109.16 2 5
github.com/gidyon/umrs/internal/apps/notification/channel/channel.go:113.2,115.40 2 5
github.com/gidyon/umrs/internal/apps/notification/channel/channel.go:119.2,120.22 2 4
github.com/gidyon/umrs/internal/apps/notification/channel/channel.go:124.2,128.9 3 3
github.com/gidyon/umrs/internal/apps/notification/channel/channel.go:134.2,134.28 1 3
github.com/gidyon/umrs/internal/apps/notification/channel/channel.go:103.22,105.3 1 1
github.com/gidyon/umrs/internal/apps/notification/channel/channel.go:109.16,111.3 1 0
github.com/gidyon/umrs/internal/apps/notification/channel/channel.go:115.40,117.3 1 1
github.com/gidyon/umrs/internal/apps/notification/channel/channel.go:120.22,122.3 1 1
github.com/gidyon/umrs/internal/apps/notification/channel/channel.go:129.18,129.18 0 3
github.com/gidyon/umrs/internal/apps/notification/channel/channel.go:130.10,131.56 1 0
github.com/gidyon/umrs/internal/apps/notification/channel/channel.go:139.25,141.19 1 3
github.com/gidyon/umrs/internal/apps/notification/channel/channel.go:146.2,147.16 2 2
github.com/gidyon/umrs/internal/apps/notification/channel/channel.go:151.2,153.40 2 2
github.com/gidyon/umrs/internal/apps/notification/channel/channel.go:157.2,158.16 2 1
github.com/gidyon/umrs/internal/apps/notification/channel/channel.go:162.2,162.28 1 1
github.com/gidyon/umrs/internal/apps/notification/channel/channel.go:141.19,143.3 1 1
github.com/gidyon/umrs/internal/apps/notification/channel/channel.go:147.16,149.3 1 0
github.com/gidyon/umrs/internal/apps/notification/channel/channel.go:153.40,155.3 1 1
github.com/gidyon/umrs/internal/apps/notification/channel/channel.go:158.16,160.3 1 0
github.com/gidyon/umrs/internal/apps/notification/channel/channel.go:165.58,166.19 1 2
github.com/gidyon/umrs/internal/apps/notification/channel/channel.go:169.2,169.20 1 2
github.com/gidyon/umrs/internal/apps/notification/channel/channel.go:172.2,172.38 1 2
github.com/gidyon/umrs/internal/apps/notification/channel/channel.go:166.19,168.3 1 2
github.com/gidyon/umrs/internal/apps/notification/channel/channel.go:169.20,171.3 1 1
github.com/gidyon/umrs/internal/apps/notification/channel/channel.go:177.42,179.20 1 3
github.com/gidyon/umrs/internal/apps/notification/channel/channel.go:184.2,185.16 2 2
github.com/gidyon/umrs/internal/apps/notification/channel/channel.go:189.2,195.9 5 2
github.com/gidyon/umrs/internal/apps/notification/channel/channel.go:203.2,205.39 2 2
github.com/gidyon/umrs/internal/apps/notification/channel/channel.go:210.2,213.8 1 2
github.com/gidyon/umrs/internal/apps/notification/channel/channel.go:179.20,181.3 1 1
github.com/gidyon/umrs/internal/apps/notification/channel/channel.go:185.16,187.3 1 0
github.com/gidyon/umrs/internal/apps/notification/channel/channel.go:196.18,196.18 0 2
github.com/gidyon/umrs/internal/apps/notification/channel/channel.go:197.10,198.17 1 0
github.com/gidyon/umrs/internal/apps/notification/channel/channel.go:198.17,200.4 1 0
github.com/gidyon/umrs/internal/apps/notification/channel/channel.go:205.39,208.3 2 1
github.com/gidyon/umrs/internal/apps/notification/channel/channel.go:218.29,220.19 1 6
github.com/gidyon/umrs/internal/apps/notification/channel/channel.go:225.2,226.16 2 5
github.com/gidyon/umrs/internal/apps/notification/channel/channel.go:230.2,232.40 2 5
github.com/gidyon/umrs/internal/apps/notification/channel/channel.go:236.2,239.9 3 4
github.com/gidyon/umrs/internal/apps/notification/channel/channel.go:247.2,249.23 2 2
github.com/gidyon/umrs/internal/apps/notification/channel/channel.go:220.19,222.3 1 1
github.com/gidyon/umrs/internal/apps/notification/channel/channel.go:226.16,228.3 1 0
github.com/gidyon/umrs/internal/apps/notification/channel/channel.go:232.40,234.3 1 1
github.com/gidyon/umrs/internal/apps/notification/channel/channel.go:240.18,240.18 0 2
github.com/gidyon/umrs/internal/apps/notification/channel/channel.go:241.39,242.40 1 2
github.com/gidyon/umrs/internal/apps/notification/channel/channel.go:243.10,244.47 1 0
github.com/gidyon/umrs/internal/apps/notification/channel/conversion.go:8.62,16.2 1 3
github.com/gidyon/umrs/internal/apps/notification/channel/conversion.go:18.62,25.2 1 8
