mode: atomic
github.com/gidyon/umrs/internal/apps/account/account.go:45.37,47.9 1 4
github.com/gidyon/umrs/internal/apps/account/account.go:58.2,68.16 3 1
github.com/gidyon/umrs/internal/apps/account/account.go:73.2,76.16 2 1
github.com/gidyon/umrs/internal/apps/account/account.go:81.2,84.16 2 1
github.com/gidyon/umrs/internal/apps/account/account.go:89.2,92.16 2 1
github.com/gidyon/umrs/internal/apps/account/account.go:97.2,100.16 2 1
github.com/gidyon/umrs/internal/apps/account/account.go:105.2,108.16 2 1
github.com/gidyon/umrs/internal/apps/account/account.go:113.2,116.16 2 1
github.com/gidyon/umrs/internal/apps/account/account.go:121.2,124.16 2 1
github.com/gidyon/umrs/internal/apps/account/account.go:128.2,128.24 1 1
github.com/gidyon/umrs/internal/apps/account/account.go:48.18,49.40 1 0
github.com/gidyon/umrs/internal/apps/account/account.go:50.24,51.38 1 1
github.com/gidyon/umrs/internal/apps/account/account.go:52.37,53.51 1 1
github.com/gidyon/umrs/internal/apps/account/account.go:54.35,55.49 1 1
github.com/gidyon/umrs/internal/apps/account/account.go:68.16,70.3 1 0
github.com/gidyon/umrs/internal/apps/account/account.go:76.16,78.3 1 0
github.com/gidyon/umrs/internal/apps/account/account.go:84.16,86.3 1 0
github.com/gidyon/umrs/internal/apps/account/account.go:92.16,94.3 1 0
github.com/gidyon/umrs/internal/apps/account/account.go:100.16,102.3 1 0
github.com/gidyon/umrs/internal/apps/account/account.go:108.16,110.3 1 0
github.com/gidyon/umrs/internal/apps/account/account.go:116.16,118.3 1 0
github.com/gidyon/umrs/internal/apps/account/account.go:124.16,126.3 1 0
github.com/gidyon/umrs/internal/apps/account/account.go:133.38,135.24 1 4
github.com/gidyon/umrs/internal/apps/account/account.go:139.2,141.9 2 3
github.com/gidyon/umrs/internal/apps/account/account.go:147.2,147.16 1 3
github.com/gidyon/umrs/internal/apps/account/account.go:152.2,153.16 2 1
github.com/gidyon/umrs/internal/apps/account/account.go:157.2,158.20 2 1
github.com/gidyon/umrs/internal/apps/account/account.go:163.2,163.9 1 1
github.com/gidyon/umrs/internal/apps/account/account.go:167.2,167.16 1 1
github.com/gidyon/umrs/internal/apps/account/account.go:172.2,172.41 1 1
github.com/gidyon/umrs/internal/apps/account/account.go:177.2,178.76 1 1
github.com/gidyon/umrs/internal/apps/account/account.go:182.2,189.9 3 1
github.com/gidyon/umrs/internal/apps/account/account.go:195.2,195.41 1 1
github.com/gidyon/umrs/internal/apps/account/account.go:135.24,137.3 1 1
github.com/gidyon/umrs/internal/apps/account/account.go:142.31,143.40 1 1
github.com/gidyon/umrs/internal/apps/account/account.go:144.35,145.44 1 1
github.com/gidyon/umrs/internal/apps/account/account.go:147.16,149.3 1 2
github.com/gidyon/umrs/internal/apps/account/account.go:153.16,155.3 1 0
github.com/gidyon/umrs/internal/apps/account/account.go:158.20,160.3 1 0
github.com/gidyon/umrs/internal/apps/account/account.go:164.24,165.42 1 0
github.com/gidyon/umrs/internal/apps/account/account.go:167.16,169.3 1 0
github.com/gidyon/umrs/internal/apps/account/account.go:172.41,174.3 1 0
github.com/gidyon/umrs/internal/apps/account/account.go:178.76,180.3 1 0
github.com/gidyon/umrs/internal/apps/account/account.go:190.18,190.18 0 1
github.com/gidyon/umrs/internal/apps/account/account.go:191.10,192.49 1 0
github.com/gidyon/umrs/internal/apps/account/account.go:200.25,202.22 1 5
github.com/gidyon/umrs/internal/apps/account/account.go:207.2,208.16 2 4
github.com/gidyon/umrs/internal/apps/account/account.go:212.2,216.9 3 4
github.com/gidyon/umrs/internal/apps/account/account.go:222.2,222.16 1 4
github.com/gidyon/umrs/internal/apps/account/account.go:227.2,230.9 3 2
github.com/gidyon/umrs/internal/apps/account/account.go:239.2,239.69 1 1
github.com/gidyon/umrs/internal/apps/account/account.go:243.2,244.16 2 1
github.com/gidyon/umrs/internal/apps/account/account.go:249.2,253.16 2 1
github.com/gidyon/umrs/internal/apps/account/account.go:257.2,257.28 1 1
github.com/gidyon/umrs/internal/apps/account/account.go:202.22,204.3 1 1
github.com/gidyon/umrs/internal/apps/account/account.go:208.16,210.3 1 0
github.com/gidyon/umrs/internal/apps/account/account.go:217.42,218.44 1 1
github.com/gidyon/umrs/internal/apps/account/account.go:219.24,220.34 1 1
github.com/gidyon/umrs/internal/apps/account/account.go:222.16,224.3 1 2
github.com/gidyon/umrs/internal/apps/account/account.go:231.18,231.18 0 1
github.com/gidyon/umrs/internal/apps/account/account.go:232.39,233.49 1 1
github.com/gidyon/umrs/internal/apps/account/account.go:234.10,235.49 1 0
github.com/gidyon/umrs/internal/apps/account/account.go:239.69,241.3 1 0
github.com/gidyon/umrs/internal/apps/account/account.go:244.16,246.3 1 0
github.com/gidyon/umrs/internal/apps/account/account.go:253.16,255.3 1 0
github.com/gidyon/umrs/internal/apps/account/account.go:262.25,264.29 1 7
github.com/gidyon/umrs/internal/apps/account/account.go:269.2,270.16 2 6
github.com/gidyon/umrs/internal/apps/account/account.go:274.2,278.9 3 6
github.com/gidyon/umrs/internal/apps/account/account.go:284.2,284.16 1 6
github.com/gidyon/umrs/internal/apps/account/account.go:289.2,292.9 3 3
github.com/gidyon/umrs/internal/apps/account/account.go:301.2,301.69 1 2
github.com/gidyon/umrs/internal/apps/account/account.go:306.2,306.63 1 2
github.com/gidyon/umrs/internal/apps/account/account.go:311.2,311.54 1 1
github.com/gidyon/umrs/internal/apps/account/account.go:319.2,329.16 3 1
github.com/gidyon/umrs/internal/apps/account/account.go:333.2,333.28 1 1
github.com/gidyon/umrs/internal/apps/account/account.go:264.29,266.3 1 1
github.com/gidyon/umrs/internal/apps/account/account.go:270.16,272.3 1 0
github.com/gidyon/umrs/internal/apps/account/account.go:279.42,280.44 1 1
github.com/gidyon/umrs/internal/apps/account/account.go:281.29,282.41 1 2
github.com/gidyon/umrs/internal/apps/account/account.go:284.16,286.3 1 3
github.com/gidyon/umrs/internal/apps/account/account.go:293.18,293.18 0 2
github.com/gidyon/umrs/internal/apps/account/account.go:294.39,295.49 1 1
github.com/gidyon/umrs/internal/apps/account/account.go:296.10,297.49 1 0
github.com/gidyon/umrs/internal/apps/account/account.go:301.69,303.3 1 0
github.com/gidyon/umrs/internal/apps/account/account.go:306.63,308.3 1 1
github.com/gidyon/umrs/internal/apps/account/account.go:311.54,313.17 2 1
github.com/gidyon/umrs/internal/apps/account/account.go:313.17,315.4 1 0
github.com/gidyon/umrs/internal/apps/account/account.go:329.16,331.3 1 0
github.com/gidyon/umrs/internal/apps/account/account.go:338.25,340.19 1 5
github.com/gidyon/umrs/internal/apps/account/account.go:345.2,346.16 2 4
github.com/gidyon/umrs/internal/apps/account/account.go:351.2,352.40 2 4
github.com/gidyon/umrs/internal/apps/account/account.go:357.2,360.9 3 3
github.com/gidyon/umrs/internal/apps/account/account.go:369.2,369.69 1 2
github.com/gidyon/umrs/internal/apps/account/account.go:374.2,375.16 2 2
github.com/gidyon/umrs/internal/apps/account/account.go:379.2,379.28 1 2
github.com/gidyon/umrs/internal/apps/account/account.go:340.19,342.3 1 1
github.com/gidyon/umrs/internal/apps/account/account.go:346.16,348.3 1 0
github.com/gidyon/umrs/internal/apps/account/account.go:352.40,354.3 1 1
github.com/gidyon/umrs/internal/apps/account/account.go:361.18,361.18 0 2
github.com/gidyon/umrs/internal/apps/account/account.go:362.39,363.49 1 1
github.com/gidyon/umrs/internal/apps/account/account.go:364.10,365.49 1 0
github.com/gidyon/umrs/internal/apps/account/account.go:369.69,371.3 1 0
github.com/gidyon/umrs/internal/apps/account/account.go:375.16,377.3 1 0
github.com/gidyon/umrs/internal/apps/account/account.go:384.29,386.19 1 20
github.com/gidyon/umrs/internal/apps/account/account.go:390.2,392.23 2 19
github.com/gidyon/umrs/internal/apps/account/account.go:398.2,398.16 1 19
github.com/gidyon/umrs/internal/apps/account/account.go:403.2,404.40 2 19
github.com/gidyon/umrs/internal/apps/account/account.go:409.2,410.23 2 18
github.com/gidyon/umrs/internal/apps/account/account.go:415.2,415.9 1 18
github.com/gidyon/umrs/internal/apps/account/account.go:423.2,423.24 1 14
github.com/gidyon/umrs/internal/apps/account/account.go:430.2,431.16 2 11
github.com/gidyon/umrs/internal/apps/account/account.go:435.2,435.59 1 11
github.com/gidyon/umrs/internal/apps/account/account.go:386.19,388.3 1 1
github.com/gidyon/umrs/internal/apps/account/account.go:392.23,395.3 1 0
github.com/gidyon/umrs/internal/apps/account/account.go:395.8,397.3 1 19
github.com/gidyon/umrs/internal/apps/account/account.go:398.16,400.3 1 0
github.com/gidyon/umrs/internal/apps/account/account.go:404.40,406.3 1 1
github.com/gidyon/umrs/internal/apps/account/account.go:410.23,412.3 1 0
github.com/gidyon/umrs/internal/apps/account/account.go:412.8,414.3 1 18
github.com/gidyon/umrs/internal/apps/account/account.go:416.18,416.18 0 14
github.com/gidyon/umrs/internal/apps/account/account.go:417.39,418.49 1 4
github.com/gidyon/umrs/internal/apps/account/account.go:419.10,420.49 1 0
github.com/gidyon/umrs/internal/apps/account/account.go:423.24,425.70 1 14
github.com/gidyon/umrs/internal/apps/account/account.go:425.70,427.4 1 3
github.com/gidyon/umrs/internal/apps/account/account.go:431.16,433.3 1 0
github.com/gidyon/umrs/internal/apps/account/account.go:440.35,442.21 1 9
github.com/gidyon/umrs/internal/apps/account/account.go:447.2,448.16 2 8
github.com/gidyon/umrs/internal/apps/account/account.go:452.2,459.52 2 8
github.com/gidyon/umrs/internal/apps/account/account.go:463.2,468.9 3 7
github.com/gidyon/umrs/internal/apps/account/account.go:442.21,444.3 1 1
github.com/gidyon/umrs/internal/apps/account/account.go:448.16,450.3 1 0
github.com/gidyon/umrs/internal/apps/account/account.go:459.52,461.3 1 1
github.com/gidyon/umrs/internal/apps/account/account.go:469.18,473.9 1 3
github.com/gidyon/umrs/internal/apps/account/account.go:474.39,478.9 1 4
github.com/gidyon/umrs/internal/apps/account/account.go:479.10,480.49 1 0
github.com/gidyon/umrs/internal/apps/account/account.go:486.58,487.19 1 26
github.com/gidyon/umrs/internal/apps/account/account.go:490.2,490.20 1 26
github.com/gidyon/umrs/internal/apps/account/account.go:493.2,493.38 1 26
github.com/gidyon/umrs/internal/apps/account/account.go:487.19,489.3 1 26
github.com/gidyon/umrs/internal/apps/account/account.go:490.20,492.3 1 26
github.com/gidyon/umrs/internal/apps/account/account.go:498.30,500.20 1 15
github.com/gidyon/umrs/internal/apps/account/account.go:505.2,506.16 2 14
github.com/gidyon/umrs/internal/apps/account/account.go:510.2,519.9 6 13
github.com/gidyon/umrs/internal/apps/account/account.go:528.2,529.39 2 13
github.com/gidyon/umrs/internal/apps/account/account.go:538.2,541.8 1 13
github.com/gidyon/umrs/internal/apps/account/account.go:500.20,502.3 1 1
github.com/gidyon/umrs/internal/apps/account/account.go:506.16,508.3 1 1
github.com/gidyon/umrs/internal/apps/account/account.go:520.18,520.18 0 13
github.com/gidyon/umrs/internal/apps/account/account.go:521.39,522.39 1 0
github.com/gidyon/umrs/internal/apps/account/account.go:523.10,524.49 1 0
github.com/gidyon/umrs/internal/apps/account/account.go:529.39,531.17 2 11
github.com/gidyon/umrs/internal/apps/account/account.go:534.3,535.45 2 11
github.com/gidyon/umrs/internal/apps/account/account.go:531.17,533.4 1 0
github.com/gidyon/umrs/internal/apps/account/account.go:547.30,549.22 1 15
github.com/gidyon/umrs/internal/apps/account/account.go:554.2,555.16 2 14
github.com/gidyon/umrs/internal/apps/account/account.go:560.2,560.27 1 13
github.com/gidyon/umrs/internal/apps/account/account.go:566.2,580.9 8 13
github.com/gidyon/umrs/internal/apps/account/account.go:589.2,590.39 2 13
github.com/gidyon/umrs/internal/apps/account/account.go:599.2,602.8 1 13
github.com/gidyon/umrs/internal/apps/account/account.go:549.22,551.3 1 1
github.com/gidyon/umrs/internal/apps/account/account.go:555.16,557.3 1 1
github.com/gidyon/umrs/internal/apps/account/account.go:560.27,564.3 1 0
github.com/gidyon/umrs/internal/apps/account/account.go:581.18,581.18 0 13
github.com/gidyon/umrs/internal/apps/account/account.go:582.39,583.39 1 0
github.com/gidyon/umrs/internal/apps/account/account.go:584.10,585.49 1 0
github.com/gidyon/umrs/internal/apps/account/account.go:590.39,592.17 2 11
github.com/gidyon/umrs/internal/apps/account/account.go:595.3,596.45 2 11
github.com/gidyon/umrs/internal/apps/account/account.go:592.17,594.4 1 0
github.com/gidyon/umrs/internal/apps/account/account.go:609.79,610.41 1 26
github.com/gidyon/umrs/internal/apps/account/account.go:615.2,615.9 1 26
github.com/gidyon/umrs/internal/apps/account/account.go:625.2,625.9 1 26
github.com/gidyon/umrs/internal/apps/account/account.go:635.2,636.34 2 26
github.com/gidyon/umrs/internal/apps/account/account.go:639.2,639.33 1 26
github.com/gidyon/umrs/internal/apps/account/account.go:642.2,642.35 1 26
github.com/gidyon/umrs/internal/apps/account/account.go:645.2,645.29 1 26
github.com/gidyon/umrs/internal/apps/account/account.go:650.2,650.33 1 26
github.com/gidyon/umrs/internal/apps/account/account.go:669.2,669.34 1 26
github.com/gidyon/umrs/internal/apps/account/account.go:676.2,676.11 1 26
github.com/gidyon/umrs/internal/apps/account/account.go:610.41,612.3 1 0
github.com/gidyon/umrs/internal/apps/account/account.go:616.49,616.49 0 2
github.com/gidyon/umrs/internal/apps/account/account.go:617.51,617.51 0 20
github.com/gidyon/umrs/internal/apps/account/account.go:618.27,619.78 1 2
github.com/gidyon/umrs/internal/apps/account/account.go:620.26,621.77 1 2
github.com/gidyon/umrs/internal/apps/account/account.go:626.50,626.50 0 2
github.com/gidyon/umrs/internal/apps/account/account.go:627.52,627.52 0 20
github.com/gidyon/umrs/internal/apps/account/account.go:628.28,629.40 1 2
github.com/gidyon/umrs/internal/apps/account/account.go:630.26,631.38 1 2
github.com/gidyon/umrs/internal/apps/account/account.go:636.34,638.3 1 8
github.com/gidyon/umrs/internal/apps/account/account.go:639.33,641.3 1 8
github.com/gidyon/umrs/internal/apps/account/account.go:642.35,644.3 1 8
github.com/gidyon/umrs/internal/apps/account/account.go:645.29,647.3 1 14
github.com/gidyon/umrs/internal/apps/account/account.go:650.33,651.10 1 2
github.com/gidyon/umrs/internal/apps/account/account.go:652.62,656.5 1 2
github.com/gidyon/umrs/internal/apps/account/account.go:657.34,660.5 1 0
github.com/gidyon/umrs/internal/apps/account/account.go:661.33,664.5 1 0
github.com/gidyon/umrs/internal/apps/account/account.go:669.34,670.46 1 0
github.com/gidyon/umrs/internal/apps/account/account.go:670.46,673.4 2 0
github.com/gidyon/umrs/internal/apps/account/login.go:17.35,19.21 1 7
github.com/gidyon/umrs/internal/apps/account/login.go:23.2,31.31 2 6
github.com/gidyon/umrs/internal/apps/account/login.go:58.2,58.32 1 5
github.com/gidyon/umrs/internal/apps/account/login.go:62.2,68.9 3 4
github.com/gidyon/umrs/internal/apps/account/login.go:82.2,83.16 2 2
github.com/gidyon/umrs/internal/apps/account/login.go:88.2,88.60 1 2
github.com/gidyon/umrs/internal/apps/account/login.go:93.2,93.15 1 2
github.com/gidyon/umrs/internal/apps/account/login.go:100.2,101.75 2 2
github.com/gidyon/umrs/internal/apps/account/login.go:121.2,121.17 1 2
github.com/gidyon/umrs/internal/apps/account/login.go:139.2,139.16 1 2
github.com/gidyon/umrs/internal/apps/account/login.go:164.2,170.8 1 2
github.com/gidyon/umrs/internal/apps/account/login.go:19.21,21.3 1 1
github.com/gidyon/umrs/internal/apps/account/login.go:32.11,33.38 1 0
github.com/gidyon/umrs/internal/apps/account/login.go:34.35,39.40 5 6
github.com/gidyon/umrs/internal/apps/account/login.go:42.3,42.19 1 5
github.com/gidyon/umrs/internal/apps/account/login.go:43.38,46.41 3 0
github.com/gidyon/umrs/internal/apps/account/login.go:47.36,50.41 3 0
github.com/gidyon/umrs/internal/apps/account/login.go:51.37,54.41 3 0
github.com/gidyon/umrs/internal/apps/account/login.go:39.40,41.4 1 1
github.com/gidyon/umrs/internal/apps/account/login.go:58.32,60.3 1 1
github.com/gidyon/umrs/internal/apps/account/login.go:69.18,69.18 0 2
github.com/gidyon/umrs/internal/apps/account/login.go:70.39,71.33 1 2
github.com/gidyon/umrs/internal/apps/account/login.go:77.3,77.54 1 2
github.com/gidyon/umrs/internal/apps/account/login.go:78.10,79.48 1 0
github.com/gidyon/umrs/internal/apps/account/login.go:71.33,72.36 1 2
github.com/gidyon/umrs/internal/apps/account/login.go:75.4,75.16 1 1
github.com/gidyon/umrs/internal/apps/account/login.go:72.36,74.5 1 1
github.com/gidyon/umrs/internal/apps/account/login.go:83.16,85.3 1 0
github.com/gidyon/umrs/internal/apps/account/login.go:88.60,90.3 1 0
github.com/gidyon/umrs/internal/apps/account/login.go:93.15,95.17 2 2
github.com/gidyon/umrs/internal/apps/account/login.go:95.17,97.4 1 0
github.com/gidyon/umrs/internal/apps/account/login.go:101.75,102.49 1 1
github.com/gidyon/umrs/internal/apps/account/login.go:102.49,103.27 1 1
github.com/gidyon/umrs/internal/apps/account/login.go:103.27,114.19 2 1
github.com/gidyon/umrs/internal/apps/account/login.go:114.19,116.6 1 0
github.com/gidyon/umrs/internal/apps/account/login.go:121.17,133.17 3 1
github.com/gidyon/umrs/internal/apps/account/login.go:133.17,135.4 1 0
github.com/gidyon/umrs/internal/apps/account/login.go:139.16,140.31 1 0
github.com/gidyon/umrs/internal/apps/account/login.go:140.31,157.18 4 0
github.com/gidyon/umrs/internal/apps/account/login.go:157.18,159.5 1 0
github.com/gidyon/umrs/internal/apps/account/pass.go:8.47,10.16 2 22
github.com/gidyon/umrs/internal/apps/account/pass.go:14.2,14.33 1 22
github.com/gidyon/umrs/internal/apps/account/pass.go:10.16,12.3 1 0
github.com/gidyon/umrs/internal/apps/account/pass.go:18.57,20.2 1 2
github.com/gidyon/umrs/internal/apps/account/change.go:23.21,25.22 1 39
github.com/gidyon/umrs/internal/apps/account/change.go:30.2,31.16 2 35
github.com/gidyon/umrs/internal/apps/account/change.go:35.2,39.9 3 35
github.com/gidyon/umrs/internal/apps/account/change.go:46.2,50.9 3 25
github.com/gidyon/umrs/internal/apps/account/change.go:59.2,59.69 1 22
github.com/gidyon/umrs/internal/apps/account/change.go:64.2,64.72 1 17
github.com/gidyon/umrs/internal/apps/account/change.go:68.2,71.9 3 12
github.com/gidyon/umrs/internal/apps/account/change.go:79.2,79.23 1 11
github.com/gidyon/umrs/internal/apps/account/change.go:25.22,27.3 1 4
github.com/gidyon/umrs/internal/apps/account/change.go:31.16,33.3 1 0
github.com/gidyon/umrs/internal/apps/account/change.go:40.42,41.48 1 5
github.com/gidyon/umrs/internal/apps/account/change.go:42.45,43.54 1 5
github.com/gidyon/umrs/internal/apps/account/change.go:51.18,51.18 0 22
github.com/gidyon/umrs/internal/apps/account/change.go:52.39,53.52 1 3
github.com/gidyon/umrs/internal/apps/account/change.go:54.10,55.49 1 0
github.com/gidyon/umrs/internal/apps/account/change.go:59.69,61.3 1 5
github.com/gidyon/umrs/internal/apps/account/change.go:64.72,66.3 1 5
github.com/gidyon/umrs/internal/apps/account/change.go:72.18,72.18 0 11
github.com/gidyon/umrs/internal/apps/account/change.go:73.39,74.49 1 1
github.com/gidyon/umrs/internal/apps/account/change.go:75.10,76.49 1 0
github.com/gidyon/umrs/internal/apps/account/change.go:84.25,87.16 2 8
github.com/gidyon/umrs/internal/apps/account/change.go:92.2,92.68 1 3
github.com/gidyon/umrs/internal/apps/account/change.go:97.2,99.16 2 2
github.com/gidyon/umrs/internal/apps/account/change.go:105.2,114.16 4 2
github.com/gidyon/umrs/internal/apps/account/change.go:119.2,126.16 4 2
github.com/gidyon/umrs/internal/apps/account/change.go:132.2,133.16 2 2
github.com/gidyon/umrs/internal/apps/account/change.go:138.2,138.28 1 2
github.com/gidyon/umrs/internal/apps/account/change.go:87.16,89.3 1 5
github.com/gidyon/umrs/internal/apps/account/change.go:92.68,94.3 1 1
github.com/gidyon/umrs/internal/apps/account/change.go:99.16,101.3 1 0
github.com/gidyon/umrs/internal/apps/account/change.go:114.16,117.3 2 0
github.com/gidyon/umrs/internal/apps/account/change.go:126.16,129.3 2 0
github.com/gidyon/umrs/internal/apps/account/change.go:133.16,136.3 2 0
github.com/gidyon/umrs/internal/apps/account/change.go:143.25,146.16 2 7
github.com/gidyon/umrs/internal/apps/account/change.go:151.2,151.69 1 2
github.com/gidyon/umrs/internal/apps/account/change.go:156.2,158.16 2 1
github.com/gidyon/umrs/internal/apps/account/change.go:164.2,173.16 4 1
github.com/gidyon/umrs/internal/apps/account/change.go:178.2,186.16 4 1
github.com/gidyon/umrs/internal/apps/account/change.go:192.2,193.16 2 1
github.com/gidyon/umrs/internal/apps/account/change.go:198.2,198.28 1 1
github.com/gidyon/umrs/internal/apps/account/change.go:146.16,148.3 1 5
github.com/gidyon/umrs/internal/apps/account/change.go:151.69,153.3 1 1
github.com/gidyon/umrs/internal/apps/account/change.go:158.16,160.3 1 0
github.com/gidyon/umrs/internal/apps/account/change.go:173.16,176.3 2 0
github.com/gidyon/umrs/internal/apps/account/change.go:186.16,189.3 2 0
github.com/gidyon/umrs/internal/apps/account/change.go:193.16,196.3 2 0
github.com/gidyon/umrs/internal/apps/account/change.go:203.25,206.16 2 11
github.com/gidyon/umrs/internal/apps/account/change.go:211.2,211.70 1 4
github.com/gidyon/umrs/internal/apps/account/change.go:216.2,218.16 2 4
github.com/gidyon/umrs/internal/apps/account/change.go:224.2,233.16 4 4
github.com/gidyon/umrs/internal/apps/account/change.go:238.2,245.16 4 4
github.com/gidyon/umrs/internal/apps/account/change.go:251.2,252.16 2 4
github.com/gidyon/umrs/internal/apps/account/change.go:257.2,257.28 1 4
github.com/gidyon/umrs/internal/apps/account/change.go:206.16,208.3 1 7
github.com/gidyon/umrs/internal/apps/account/change.go:211.70,213.3 1 0
github.com/gidyon/umrs/internal/apps/account/change.go:218.16,220.3 1 0
github.com/gidyon/umrs/internal/apps/account/change.go:233.16,236.3 2 0
github.com/gidyon/umrs/internal/apps/account/change.go:245.16,248.3 2 0
github.com/gidyon/umrs/internal/apps/account/change.go:252.16,255.3 2 0
github.com/gidyon/umrs/internal/apps/account/change.go:262.25,264.27 1 8
github.com/gidyon/umrs/internal/apps/account/change.go:268.2,272.16 2 7
github.com/gidyon/umrs/internal/apps/account/change.go:276.2,281.16 3 1
github.com/gidyon/umrs/internal/apps/account/change.go:287.2,296.16 4 1
github.com/gidyon/umrs/internal/apps/account/change.go:301.2,309.16 4 1
github.com/gidyon/umrs/internal/apps/account/change.go:315.2,316.16 2 1
github.com/gidyon/umrs/internal/apps/account/change.go:321.2,321.28 1 1
github.com/gidyon/umrs/internal/apps/account/change.go:264.27,266.3 1 1
github.com/gidyon/umrs/internal/apps/account/change.go:272.16,274.3 1 6
github.com/gidyon/umrs/internal/apps/account/change.go:281.16,283.3 1 0
github.com/gidyon/umrs/internal/apps/account/change.go:296.16,299.3 2 0
github.com/gidyon/umrs/internal/apps/account/change.go:309.16,312.3 2 0
github.com/gidyon/umrs/internal/apps/account/change.go:316.16,319.3 2 0
github.com/gidyon/umrs/internal/apps/account/change.go:327.25,329.16 2 6
github.com/gidyon/umrs/internal/apps/account/change.go:334.2,334.32 1 1
github.com/gidyon/umrs/internal/apps/account/change.go:339.2,340.16 2 1
github.com/gidyon/umrs/internal/apps/account/change.go:346.2,355.16 4 1
github.com/gidyon/umrs/internal/apps/account/change.go:360.2,367.16 4 1
github.com/gidyon/umrs/internal/apps/account/change.go:373.2,374.16 2 1
github.com/gidyon/umrs/internal/apps/account/change.go:379.2,379.28 1 1
github.com/gidyon/umrs/internal/apps/account/change.go:329.16,331.3 1 5
github.com/gidyon/umrs/internal/apps/account/change.go:334.32,336.3 1 0
github.com/gidyon/umrs/internal/apps/account/change.go:340.16,342.3 1 0
github.com/gidyon/umrs/internal/apps/account/change.go:355.16,358.3 2 0
github.com/gidyon/umrs/internal/apps/account/change.go:367.16,370.3 2 0
github.com/gidyon/umrs/internal/apps/account/change.go:374.16,377.3 2 0
github.com/gidyon/umrs/internal/apps/account/change.go:384.39,390.16 2 28
github.com/gidyon/umrs/internal/apps/account/change.go:395.2,419.28 2 28
github.com/gidyon/umrs/internal/apps/account/change.go:390.16,392.3 1 0
github.com/gidyon/umrs/internal/apps/account/conversion.go:9.65,10.22 1 35
github.com/gidyon/umrs/internal/apps/account/conversion.go:13.2,31.23 2 35
github.com/gidyon/umrs/internal/apps/account/conversion.go:10.22,12.3 1 0
github.com/gidyon/umrs/internal/apps/account/conversion.go:34.65,54.2 2 37
github.com/gidyon/umrs/internal/apps/account/conversion.go:56.94,57.22 1 33
github.com/gidyon/umrs/internal/apps/account/conversion.go:60.2,60.14 1 33
github.com/gidyon/umrs/internal/apps/account/conversion.go:57.22,59.3 1 0
github.com/gidyon/umrs/internal/apps/account/conversion.go:61.70,70.4 1 0
github.com/gidyon/umrs/internal/apps/account/conversion.go:71.10,72.19 1 33
github.com/gidyon/umrs/internal/apps/account/create.go:22.36,24.22 1 25
github.com/gidyon/umrs/internal/apps/account/create.go:28.2,29.22 2 24
github.com/gidyon/umrs/internal/apps/account/create.go:34.2,35.9 2 24
github.com/gidyon/umrs/internal/apps/account/create.go:45.2,45.16 1 24
github.com/gidyon/umrs/internal/apps/account/create.go:49.2,50.53 2 21
github.com/gidyon/umrs/internal/apps/account/create.go:56.2,57.16 2 21
github.com/gidyon/umrs/internal/apps/account/create.go:61.2,64.27 3 21
github.com/gidyon/umrs/internal/apps/account/create.go:78.2,79.13 2 21
github.com/gidyon/umrs/internal/apps/account/create.go:84.2,87.15 2 21
github.com/gidyon/umrs/internal/apps/account/create.go:93.2,93.21 1 21
github.com/gidyon/umrs/internal/apps/account/create.go:97.2,98.9 2 21
github.com/gidyon/umrs/internal/apps/account/create.go:129.2,138.16 2 19
github.com/gidyon/umrs/internal/apps/account/create.go:144.2,154.16 4 19
github.com/gidyon/umrs/internal/apps/account/create.go:159.2,160.31 2 19
github.com/gidyon/umrs/internal/apps/account/create.go:167.2,178.16 3 19
github.com/gidyon/umrs/internal/apps/account/create.go:184.2,184.9 1 19
github.com/gidyon/umrs/internal/apps/account/create.go:192.2,202.16 2 19
github.com/gidyon/umrs/internal/apps/account/create.go:208.2,208.41 1 19
github.com/gidyon/umrs/internal/apps/account/create.go:213.2,217.25 3 19
github.com/gidyon/umrs/internal/apps/account/create.go:228.2,230.8 1 19
github.com/gidyon/umrs/internal/apps/account/create.go:24.22,26.3 1 1
github.com/gidyon/umrs/internal/apps/account/create.go:29.22,31.3 1 0
github.com/gidyon/umrs/internal/apps/account/create.go:36.52,37.45 1 1
github.com/gidyon/umrs/internal/apps/account/create.go:38.51,39.44 1 1
github.com/gidyon/umrs/internal/apps/account/create.go:40.53,41.53 1 0
github.com/gidyon/umrs/internal/apps/account/create.go:42.92,43.50 1 1
github.com/gidyon/umrs/internal/apps/account/create.go:45.16,47.3 1 3
github.com/gidyon/umrs/internal/apps/account/create.go:50.53,52.3 1 21
github.com/gidyon/umrs/internal/apps/account/create.go:52.8,54.3 1 0
github.com/gidyon/umrs/internal/apps/account/create.go:57.16,59.3 1 0
github.com/gidyon/umrs/internal/apps/account/create.go:64.27,68.55 3 21
github.com/gidyon/umrs/internal/apps/account/create.go:68.55,70.18 2 21
github.com/gidyon/umrs/internal/apps/account/create.go:73.4,73.32 1 21
github.com/gidyon/umrs/internal/apps/account/create.go:70.18,72.5 1 0
github.com/gidyon/umrs/internal/apps/account/create.go:79.13,81.3 1 0
github.com/gidyon/umrs/internal/apps/account/create.go:87.15,88.35 1 21
github.com/gidyon/umrs/internal/apps/account/create.go:88.35,90.4 1 0
github.com/gidyon/umrs/internal/apps/account/create.go:93.21,95.3 1 0
github.com/gidyon/umrs/internal/apps/account/create.go:99.18,99.18 0 19
github.com/gidyon/umrs/internal/apps/account/create.go:100.10,102.39 1 2
github.com/gidyon/umrs/internal/apps/account/create.go:109.3,109.52 1 2
github.com/gidyon/umrs/internal/apps/account/create.go:119.3,119.23 1 2
github.com/gidyon/umrs/internal/apps/account/create.go:124.3,125.53 2 0
github.com/gidyon/umrs/internal/apps/account/create.go:102.39,106.4 1 2
github.com/gidyon/umrs/internal/apps/account/create.go:109.52,110.63 1 2
github.com/gidyon/umrs/internal/apps/account/create.go:113.4,113.63 1 1
github.com/gidyon/umrs/internal/apps/account/create.go:116.4,116.36 1 0
github.com/gidyon/umrs/internal/apps/account/create.go:110.63,112.5 1 1
github.com/gidyon/umrs/internal/apps/account/create.go:113.63,115.5 1 1
github.com/gidyon/umrs/internal/apps/account/create.go:119.23,122.4 2 2
github.com/gidyon/umrs/internal/apps/account/create.go:138.16,141.3 2 0
github.com/gidyon/umrs/internal/apps/account/create.go:154.16,157.3 2 0
github.com/gidyon/umrs/internal/apps/account/create.go:161.38,162.38 1 19
github.com/gidyon/umrs/internal/apps/account/create.go:163.10,164.39 1 0
github.com/gidyon/umrs/internal/apps/account/create.go:178.16,181.3 2 0
github.com/gidyon/umrs/internal/apps/account/create.go:185.48,186.60 1 19
github.com/gidyon/umrs/internal/apps/account/create.go:187.48,188.58 1 0
github.com/gidyon/umrs/internal/apps/account/create.go:202.16,205.3 2 0
github.com/gidyon/umrs/internal/apps/account/create.go:208.41,211.3 2 0
github.com/gidyon/umrs/internal/apps/account/create.go:217.25,222.17 2 95
github.com/gidyon/umrs/internal/apps/account/create.go:222.17,224.12 2 0
github.com/gidyon/umrs/internal/apps/account/helpers.go:11.19,15.16 2 0
github.com/gidyon/umrs/internal/apps/account/helpers.go:18.2,18.60 1 0
github.com/gidyon/umrs/internal/apps/account/helpers.go:15.16,17.3 1 0
github.com/gidyon/umrs/internal/apps/account/model.go:35.57,38.32 2 36
github.com/gidyon/umrs/internal/apps/account/model.go:46.2,47.16 2 36
github.com/gidyon/umrs/internal/apps/account/model.go:50.2,51.16 2 36
github.com/gidyon/umrs/internal/apps/account/model.go:55.2,55.48 1 36
github.com/gidyon/umrs/internal/apps/account/model.go:38.32,39.16 1 72
github.com/gidyon/umrs/internal/apps/account/model.go:42.3,42.13 1 70
github.com/gidyon/umrs/internal/apps/account/model.go:39.16,41.4 1 2
github.com/gidyon/umrs/internal/apps/account/model.go:47.16,49.3 1 0
github.com/gidyon/umrs/internal/apps/account/model.go:51.16,53.3 1 0
github.com/gidyon/umrs/internal/apps/account/model.go:59.43,61.28 1 80
github.com/gidyon/umrs/internal/apps/account/model.go:64.2,64.28 1 80
github.com/gidyon/umrs/internal/apps/account/model.go:67.2,67.8 1 80
github.com/gidyon/umrs/internal/apps/account/model.go:61.28,63.3 1 28
github.com/gidyon/umrs/internal/apps/account/model.go:64.28,66.3 1 28
