mode: atomic
github.com/gidyon/umrs/internal/chaincodes/permission/permission.go:57.50,60.9 2 6
github.com/gidyon/umrs/internal/chaincodes/permission/permission.go:73.2,81.38 3 1
github.com/gidyon/umrs/internal/chaincodes/permission/permission.go:84.2,88.38 3 1
github.com/gidyon/umrs/internal/chaincodes/permission/permission.go:92.2,93.16 2 1
github.com/gidyon/umrs/internal/chaincodes/permission/permission.go:98.2,100.16 3 1
github.com/gidyon/umrs/internal/chaincodes/permission/permission.go:104.2,107.16 2 1
github.com/gidyon/umrs/internal/chaincodes/permission/permission.go:111.2,111.26 1 1
github.com/gidyon/umrs/internal/chaincodes/permission/permission.go:61.18,62.40 1 1
github.com/gidyon/umrs/internal/chaincodes/permission/permission.go:63.47,64.51 1 1
github.com/gidyon/umrs/internal/chaincodes/permission/permission.go:65.30,66.44 1 1
github.com/gidyon/umrs/internal/chaincodes/permission/permission.go:67.35,68.49 1 1
github.com/gidyon/umrs/internal/chaincodes/permission/permission.go:69.37,70.51 1 1
github.com/gidyon/umrs/internal/chaincodes/permission/permission.go:81.38,83.3 1 0
github.com/gidyon/umrs/internal/chaincodes/permission/permission.go:88.38,90.3 1 0
github.com/gidyon/umrs/internal/chaincodes/permission/permission.go:93.16,95.3 1 0
github.com/gidyon/umrs/internal/chaincodes/permission/permission.go:100.16,102.3 1 0
github.com/gidyon/umrs/internal/chaincodes/permission/permission.go:107.16,109.3 1 0
github.com/gidyon/umrs/internal/chaincodes/permission/permission.go:114.49,116.2 1 17
github.com/gidyon/umrs/internal/chaincodes/permission/permission.go:118.60,120.2 1 7
github.com/gidyon/umrs/internal/chaincodes/permission/permission.go:122.56,124.2 1 10
github.com/gidyon/umrs/internal/chaincodes/permission/permission.go:130.55,134.16 2 24
github.com/gidyon/umrs/internal/chaincodes/permission/permission.go:139.2,145.9 7 23
github.com/gidyon/umrs/internal/chaincodes/permission/permission.go:173.2,173.16 1 23
github.com/gidyon/umrs/internal/chaincodes/permission/permission.go:178.2,179.16 2 10
github.com/gidyon/umrs/internal/chaincodes/permission/permission.go:184.2,185.16 2 8
github.com/gidyon/umrs/internal/chaincodes/permission/permission.go:188.2,192.16 3 8
github.com/gidyon/umrs/internal/chaincodes/permission/permission.go:197.2,214.32 5 8
github.com/gidyon/umrs/internal/chaincodes/permission/permission.go:292.2,292.58 1 8
github.com/gidyon/umrs/internal/chaincodes/permission/permission.go:134.16,136.3 1 1
github.com/gidyon/umrs/internal/chaincodes/permission/permission.go:146.31,147.43 1 1
github.com/gidyon/umrs/internal/chaincodes/permission/permission.go:148.59,149.53 1 1
github.com/gidyon/umrs/internal/chaincodes/permission/permission.go:150.58,151.52 1 1
github.com/gidyon/umrs/internal/chaincodes/permission/permission.go:152.66,153.60 1 1
github.com/gidyon/umrs/internal/chaincodes/permission/permission.go:154.64,155.58 1 1
github.com/gidyon/umrs/internal/chaincodes/permission/permission.go:156.68,157.62 1 1
github.com/gidyon/umrs/internal/chaincodes/permission/permission.go:158.27,159.39 1 1
github.com/gidyon/umrs/internal/chaincodes/permission/permission.go:160.42,161.44 1 1
github.com/gidyon/umrs/internal/chaincodes/permission/permission.go:162.29,163.41 1 1
github.com/gidyon/umrs/internal/chaincodes/permission/permission.go:164.44,165.46 1 1
github.com/gidyon/umrs/internal/chaincodes/permission/permission.go:166.63,167.27 1 1
github.com/gidyon/umrs/internal/chaincodes/permission/permission.go:168.40,169.43 1 1
github.com/gidyon/umrs/internal/chaincodes/permission/permission.go:170.86,171.58 1 1
github.com/gidyon/umrs/internal/chaincodes/permission/permission.go:173.16,175.3 1 13
github.com/gidyon/umrs/internal/chaincodes/permission/permission.go:179.16,181.3 1 2
github.com/gidyon/umrs/internal/chaincodes/permission/permission.go:185.16,187.3 1 0
github.com/gidyon/umrs/internal/chaincodes/permission/permission.go:192.16,194.3 1 0
github.com/gidyon/umrs/internal/chaincodes/permission/permission.go:215.48,243.17 8 1
github.com/gidyon/umrs/internal/chaincodes/permission/permission.go:246.3,258.17 4 1
github.com/gidyon/umrs/internal/chaincodes/permission/permission.go:261.46,273.17 4 1
github.com/gidyon/umrs/internal/chaincodes/permission/permission.go:276.47,284.17 4 2
github.com/gidyon/umrs/internal/chaincodes/permission/permission.go:287.54,287.54 0 2
github.com/gidyon/umrs/internal/chaincodes/permission/permission.go:288.48,288.48 0 2
github.com/gidyon/umrs/internal/chaincodes/permission/permission.go:289.49,289.49 0 0
github.com/gidyon/umrs/internal/chaincodes/permission/permission.go:243.17,245.4 1 0
github.com/gidyon/umrs/internal/chaincodes/permission/permission.go:258.17,260.4 1 0
github.com/gidyon/umrs/internal/chaincodes/permission/permission.go:273.17,275.4 1 0
github.com/gidyon/umrs/internal/chaincodes/permission/permission.go:284.17,286.4 1 0
github.com/gidyon/umrs/internal/chaincodes/permission/permission.go:297.53,301.21 2 14
github.com/gidyon/umrs/internal/chaincodes/permission/permission.go:306.2,313.9 8 13
github.com/gidyon/umrs/internal/chaincodes/permission/permission.go:331.2,331.16 1 13
github.com/gidyon/umrs/internal/chaincodes/permission/permission.go:336.2,339.16 2 5
github.com/gidyon/umrs/internal/chaincodes/permission/permission.go:343.2,349.16 5 4
github.com/gidyon/umrs/internal/chaincodes/permission/permission.go:352.2,353.16 2 4
github.com/gidyon/umrs/internal/chaincodes/permission/permission.go:356.2,357.16 2 4
github.com/gidyon/umrs/internal/chaincodes/permission/permission.go:360.2,361.16 2 4
github.com/gidyon/umrs/internal/chaincodes/permission/permission.go:365.2,366.16 2 4
github.com/gidyon/umrs/internal/chaincodes/permission/permission.go:370.2,372.16 3 4
github.com/gidyon/umrs/internal/chaincodes/permission/permission.go:376.2,382.16 3 4
github.com/gidyon/umrs/internal/chaincodes/permission/permission.go:386.2,410.16 3 4
github.com/gidyon/umrs/internal/chaincodes/permission/permission.go:414.2,419.8 1 4
github.com/gidyon/umrs/internal/chaincodes/permission/permission.go:301.21,303.3 1 1
github.com/gidyon/umrs/internal/chaincodes/permission/permission.go:314.22,315.34 1 1
github.com/gidyon/umrs/internal/chaincodes/permission/permission.go:316.24,317.36 1 1
github.com/gidyon/umrs/internal/chaincodes/permission/permission.go:318.27,319.39 1 1
github.com/gidyon/umrs/internal/chaincodes/permission/permission.go:320.44,321.46 1 1
github.com/gidyon/umrs/internal/chaincodes/permission/permission.go:322.42,323.44 1 1
github.com/gidyon/umrs/internal/chaincodes/permission/permission.go:324.47,325.49 1 1
github.com/gidyon/umrs/internal/chaincodes/permission/permission.go:326.65,327.44 1 1
github.com/gidyon/umrs/internal/chaincodes/permission/permission.go:328.77,329.27 1 1
github.com/gidyon/umrs/internal/chaincodes/permission/permission.go:331.16,333.3 1 8
github.com/gidyon/umrs/internal/chaincodes/permission/permission.go:339.16,341.3 1 1
github.com/gidyon/umrs/internal/chaincodes/permission/permission.go:349.16,351.3 1 0
github.com/gidyon/umrs/internal/chaincodes/permission/permission.go:353.16,355.3 1 0
github.com/gidyon/umrs/internal/chaincodes/permission/permission.go:357.16,359.3 1 0
github.com/gidyon/umrs/internal/chaincodes/permission/permission.go:361.16,363.3 1 0
github.com/gidyon/umrs/internal/chaincodes/permission/permission.go:366.16,368.3 1 0
github.com/gidyon/umrs/internal/chaincodes/permission/permission.go:372.16,374.3 1 0
github.com/gidyon/umrs/internal/chaincodes/permission/permission.go:382.16,384.3 1 0
github.com/gidyon/umrs/internal/chaincodes/permission/permission.go:410.16,412.3 1 0
github.com/gidyon/umrs/internal/chaincodes/permission/permission.go:424.54,428.22 2 6
github.com/gidyon/umrs/internal/chaincodes/permission/permission.go:433.2,434.9 2 5
github.com/gidyon/umrs/internal/chaincodes/permission/permission.go:440.2,440.16 1 5
github.com/gidyon/umrs/internal/chaincodes/permission/permission.go:445.2,446.16 2 3
github.com/gidyon/umrs/internal/chaincodes/permission/permission.go:450.2,456.16 5 1
github.com/gidyon/umrs/internal/chaincodes/permission/permission.go:459.2,460.16 2 1
github.com/gidyon/umrs/internal/chaincodes/permission/permission.go:464.2,465.16 2 1
github.com/gidyon/umrs/internal/chaincodes/permission/permission.go:469.2,469.57 1 1
github.com/gidyon/umrs/internal/chaincodes/permission/permission.go:428.22,430.3 1 1
github.com/gidyon/umrs/internal/chaincodes/permission/permission.go:435.52,436.44 1 1
github.com/gidyon/umrs/internal/chaincodes/permission/permission.go:437.54,438.46 1 1
github.com/gidyon/umrs/internal/chaincodes/permission/permission.go:440.16,442.3 1 2
github.com/gidyon/umrs/internal/chaincodes/permission/permission.go:446.16,448.3 1 2
github.com/gidyon/umrs/internal/chaincodes/permission/permission.go:456.16,458.3 1 0
github.com/gidyon/umrs/internal/chaincodes/permission/permission.go:460.16,462.3 1 0
github.com/gidyon/umrs/internal/chaincodes/permission/permission.go:465.16,467.3 1 0
github.com/gidyon/umrs/internal/chaincodes/permission/permission.go:474.51,478.19 2 12
github.com/gidyon/umrs/internal/chaincodes/permission/permission.go:483.2,485.9 3 11
github.com/gidyon/umrs/internal/chaincodes/permission/permission.go:493.2,493.16 1 11
github.com/gidyon/umrs/internal/chaincodes/permission/permission.go:498.2,499.16 2 8
github.com/gidyon/umrs/internal/chaincodes/permission/permission.go:504.2,506.9 3 5
github.com/gidyon/umrs/internal/chaincodes/permission/permission.go:516.2,519.8 1 3
github.com/gidyon/umrs/internal/chaincodes/permission/permission.go:478.19,480.3 1 1
github.com/gidyon/umrs/internal/chaincodes/permission/permission.go:486.20,487.32 1 1
github.com/gidyon/umrs/internal/chaincodes/permission/permission.go:488.46,489.46 1 1
github.com/gidyon/umrs/internal/chaincodes/permission/permission.go:490.49,491.44 1 1
github.com/gidyon/umrs/internal/chaincodes/permission/permission.go:493.16,495.3 1 3
github.com/gidyon/umrs/internal/chaincodes/permission/permission.go:499.16,501.3 1 3
github.com/gidyon/umrs/internal/chaincodes/permission/permission.go:507.18,507.18 0 3
github.com/gidyon/umrs/internal/chaincodes/permission/permission.go:508.33,511.9 1 2
github.com/gidyon/umrs/internal/chaincodes/permission/permission.go:512.10,513.29 1 0
github.com/gidyon/umrs/internal/chaincodes/permission/permission.go:524.53,528.19 2 7
github.com/gidyon/umrs/internal/chaincodes/permission/permission.go:533.2,533.9 1 6
github.com/gidyon/umrs/internal/chaincodes/permission/permission.go:539.2,540.16 2 5
github.com/gidyon/umrs/internal/chaincodes/permission/permission.go:545.2,548.16 3 2
github.com/gidyon/umrs/internal/chaincodes/permission/permission.go:552.2,553.55 2 2
github.com/gidyon/umrs/internal/chaincodes/permission/permission.go:570.2,572.8 1 2
github.com/gidyon/umrs/internal/chaincodes/permission/permission.go:528.19,530.3 1 1
github.com/gidyon/umrs/internal/chaincodes/permission/permission.go:534.49,535.61 1 1
github.com/gidyon/umrs/internal/chaincodes/permission/permission.go:540.16,542.3 1 3
github.com/gidyon/umrs/internal/chaincodes/permission/permission.go:548.16,550.3 1 0
github.com/gidyon/umrs/internal/chaincodes/permission/permission.go:553.55,555.17 2 1
github.com/gidyon/umrs/internal/chaincodes/permission/permission.go:558.3,558.25 1 1
github.com/gidyon/umrs/internal/chaincodes/permission/permission.go:562.3,564.17 3 1
github.com/gidyon/umrs/internal/chaincodes/permission/permission.go:567.3,567.60 1 1
github.com/gidyon/umrs/internal/chaincodes/permission/permission.go:555.17,556.12 1 0
github.com/gidyon/umrs/internal/chaincodes/permission/permission.go:558.25,559.12 1 0
github.com/gidyon/umrs/internal/chaincodes/permission/permission.go:564.17,565.12 1 0
