mode: atomic
github.com/gidyon/umrs/internal/chaincodes/insurance/model.go:25.43,27.2 1 41
github.com/gidyon/umrs/internal/chaincodes/insurance/model.go:30.62,32.2 1 6
github.com/gidyon/umrs/internal/chaincodes/insurance/model.go:34.80,35.24 1 37
github.com/gidyon/umrs/internal/chaincodes/insurance/model.go:38.2,49.25 2 37
github.com/gidyon/umrs/internal/chaincodes/insurance/model.go:35.24,37.3 1 0
github.com/gidyon/umrs/internal/chaincodes/insurance/model.go:52.80,53.24 1 8
github.com/gidyon/umrs/internal/chaincodes/insurance/model.go:56.2,67.25 2 8
github.com/gidyon/umrs/internal/chaincodes/insurance/model.go:53.24,55.3 1 0
github.com/gidyon/umrs/internal/chaincodes/insurance/insurance.go:58.101,60.9 1 6
github.com/gidyon/umrs/internal/chaincodes/insurance/insurance.go:73.2,87.16 4 1
github.com/gidyon/umrs/internal/chaincodes/insurance/insurance.go:91.2,94.16 2 1
github.com/gidyon/umrs/internal/chaincodes/insurance/insurance.go:98.2,101.16 2 1
github.com/gidyon/umrs/internal/chaincodes/insurance/insurance.go:106.2,107.16 2 1
github.com/gidyon/umrs/internal/chaincodes/insurance/insurance.go:112.2,113.16 2 1
github.com/gidyon/umrs/internal/chaincodes/insurance/insurance.go:118.2,120.16 3 1
github.com/gidyon/umrs/internal/chaincodes/insurance/insurance.go:124.2,127.16 2 1
github.com/gidyon/umrs/internal/chaincodes/insurance/insurance.go:132.2,132.12 1 1
github.com/gidyon/umrs/internal/chaincodes/insurance/insurance.go:142.2,142.26 1 1
github.com/gidyon/umrs/internal/chaincodes/insurance/insurance.go:61.18,62.40 1 1
github.com/gidyon/umrs/internal/chaincodes/insurance/insurance.go:63.47,64.51 1 1
github.com/gidyon/umrs/internal/chaincodes/insurance/insurance.go:65.24,66.38 1 1
github.com/gidyon/umrs/internal/chaincodes/insurance/insurance.go:67.35,68.49 1 1
github.com/gidyon/umrs/internal/chaincodes/insurance/insurance.go:69.37,70.51 1 1
github.com/gidyon/umrs/internal/chaincodes/insurance/insurance.go:87.16,89.3 1 0
github.com/gidyon/umrs/internal/chaincodes/insurance/insurance.go:94.16,96.3 1 0
github.com/gidyon/umrs/internal/chaincodes/insurance/insurance.go:101.16,103.3 1 0
github.com/gidyon/umrs/internal/chaincodes/insurance/insurance.go:107.16,109.3 1 0
github.com/gidyon/umrs/internal/chaincodes/insurance/insurance.go:113.16,115.3 1 0
github.com/gidyon/umrs/internal/chaincodes/insurance/insurance.go:120.16,122.3 1 0
github.com/gidyon/umrs/internal/chaincodes/insurance/insurance.go:127.16,129.3 1 0
github.com/gidyon/umrs/internal/chaincodes/insurance/insurance.go:132.12,134.7 2 1
github.com/gidyon/umrs/internal/chaincodes/insurance/insurance.go:134.7,135.11 1 1
github.com/gidyon/umrs/internal/chaincodes/insurance/insurance.go:136.49,137.37 1 0
github.com/gidyon/umrs/internal/chaincodes/insurance/insurance.go:153.36,157.19 2 15
github.com/gidyon/umrs/internal/chaincodes/insurance/insurance.go:162.2,163.16 2 14
github.com/gidyon/umrs/internal/chaincodes/insurance/insurance.go:168.2,169.9 2 14
github.com/gidyon/umrs/internal/chaincodes/insurance/insurance.go:187.2,187.16 1 14
github.com/gidyon/umrs/internal/chaincodes/insurance/insurance.go:191.2,192.16 2 6
github.com/gidyon/umrs/internal/chaincodes/insurance/insurance.go:197.2,198.15 2 6
github.com/gidyon/umrs/internal/chaincodes/insurance/insurance.go:204.2,204.21 1 6
github.com/gidyon/umrs/internal/chaincodes/insurance/insurance.go:208.2,212.9 3 6
github.com/gidyon/umrs/internal/chaincodes/insurance/insurance.go:229.2,230.16 2 6
github.com/gidyon/umrs/internal/chaincodes/insurance/insurance.go:234.2,251.16 2 6
github.com/gidyon/umrs/internal/chaincodes/insurance/insurance.go:257.2,257.41 1 6
github.com/gidyon/umrs/internal/chaincodes/insurance/insurance.go:263.2,283.16 8 6
github.com/gidyon/umrs/internal/chaincodes/insurance/insurance.go:288.2,311.8 3 6
github.com/gidyon/umrs/internal/chaincodes/insurance/insurance.go:157.19,159.3 1 1
github.com/gidyon/umrs/internal/chaincodes/insurance/insurance.go:163.16,165.3 1 0
github.com/gidyon/umrs/internal/chaincodes/insurance/insurance.go:170.26,171.36 1 1
github.com/gidyon/umrs/internal/chaincodes/insurance/insurance.go:172.58,173.49 1 1
github.com/gidyon/umrs/internal/chaincodes/insurance/insurance.go:174.55,175.52 1 1
github.com/gidyon/umrs/internal/chaincodes/insurance/insurance.go:176.50,177.50 1 1
github.com/gidyon/umrs/internal/chaincodes/insurance/insurance.go:178.36,179.51 1 1
github.com/gidyon/umrs/internal/chaincodes/insurance/insurance.go:180.57,181.58 1 1
github.com/gidyon/umrs/internal/chaincodes/insurance/insurance.go:182.61,183.59 1 1
github.com/gidyon/umrs/internal/chaincodes/insurance/insurance.go:184.41,185.50 1 1
github.com/gidyon/umrs/internal/chaincodes/insurance/insurance.go:187.16,189.3 1 8
github.com/gidyon/umrs/internal/chaincodes/insurance/insurance.go:192.16,194.3 1 0
github.com/gidyon/umrs/internal/chaincodes/insurance/insurance.go:198.15,199.35 1 6
github.com/gidyon/umrs/internal/chaincodes/insurance/insurance.go:199.35,201.4 1 0
github.com/gidyon/umrs/internal/chaincodes/insurance/insurance.go:204.21,206.3 1 0
github.com/gidyon/umrs/internal/chaincodes/insurance/insurance.go:213.18,213.18 0 6
github.com/gidyon/umrs/internal/chaincodes/insurance/insurance.go:214.10,217.26 2 0
github.com/gidyon/umrs/internal/chaincodes/insurance/insurance.go:225.3,225.29 1 0
github.com/gidyon/umrs/internal/chaincodes/insurance/insurance.go:217.26,224.4 1 0
github.com/gidyon/umrs/internal/chaincodes/insurance/insurance.go:230.16,232.3 1 0
github.com/gidyon/umrs/internal/chaincodes/insurance/insurance.go:251.16,254.3 2 0
github.com/gidyon/umrs/internal/chaincodes/insurance/insurance.go:257.41,260.3 2 0
github.com/gidyon/umrs/internal/chaincodes/insurance/insurance.go:283.16,286.3 2 0
github.com/gidyon/umrs/internal/chaincodes/insurance/insurance.go:316.36,320.22 2 5
github.com/gidyon/umrs/internal/chaincodes/insurance/insurance.go:325.2,326.16 2 4
github.com/gidyon/umrs/internal/chaincodes/insurance/insurance.go:331.2,332.9 2 4
github.com/gidyon/umrs/internal/chaincodes/insurance/insurance.go:340.2,340.16 1 4
github.com/gidyon/umrs/internal/chaincodes/insurance/insurance.go:344.2,345.24 2 2
github.com/gidyon/umrs/internal/chaincodes/insurance/insurance.go:353.2,354.15 2 2
github.com/gidyon/umrs/internal/chaincodes/insurance/insurance.go:360.2,360.21 1 2
github.com/gidyon/umrs/internal/chaincodes/insurance/insurance.go:365.2,367.9 3 2
github.com/gidyon/umrs/internal/chaincodes/insurance/insurance.go:377.2,378.16 2 1
github.com/gidyon/umrs/internal/chaincodes/insurance/insurance.go:384.2,384.23 1 1
github.com/gidyon/umrs/internal/chaincodes/insurance/insurance.go:389.2,389.9 1 1
github.com/gidyon/umrs/internal/chaincodes/insurance/insurance.go:406.2,407.16 2 1
github.com/gidyon/umrs/internal/chaincodes/insurance/insurance.go:412.2,429.16 2 1
github.com/gidyon/umrs/internal/chaincodes/insurance/insurance.go:435.2,435.41 1 1
github.com/gidyon/umrs/internal/chaincodes/insurance/insurance.go:441.2,441.27 1 1
github.com/gidyon/umrs/internal/chaincodes/insurance/insurance.go:447.2,449.23 1 1
github.com/gidyon/umrs/internal/chaincodes/insurance/insurance.go:467.2,471.26 2 1
github.com/gidyon/umrs/internal/chaincodes/insurance/insurance.go:479.2,479.16 1 1
github.com/gidyon/umrs/internal/chaincodes/insurance/insurance.go:484.2,484.28 1 1
github.com/gidyon/umrs/internal/chaincodes/insurance/insurance.go:494.2,516.23 4 1
github.com/gidyon/umrs/internal/chaincodes/insurance/insurance.go:521.2,526.8 2 1
github.com/gidyon/umrs/internal/chaincodes/insurance/insurance.go:320.22,322.3 1 1
github.com/gidyon/umrs/internal/chaincodes/insurance/insurance.go:326.16,328.3 1 0
github.com/gidyon/umrs/internal/chaincodes/insurance/insurance.go:333.54,334.46 1 1
github.com/gidyon/umrs/internal/chaincodes/insurance/insurance.go:335.26,336.36 1 1
github.com/gidyon/umrs/internal/chaincodes/insurance/insurance.go:337.70,338.41 1 0
github.com/gidyon/umrs/internal/chaincodes/insurance/insurance.go:340.16,342.3 1 2
github.com/gidyon/umrs/internal/chaincodes/insurance/insurance.go:345.24,347.17 2 2
github.com/gidyon/umrs/internal/chaincodes/insurance/insurance.go:347.17,349.4 1 0
github.com/gidyon/umrs/internal/chaincodes/insurance/insurance.go:354.15,355.35 1 2
github.com/gidyon/umrs/internal/chaincodes/insurance/insurance.go:355.35,357.4 1 0
github.com/gidyon/umrs/internal/chaincodes/insurance/insurance.go:360.21,362.3 1 0
github.com/gidyon/umrs/internal/chaincodes/insurance/insurance.go:368.18,368.18 0 1
github.com/gidyon/umrs/internal/chaincodes/insurance/insurance.go:369.39,371.71 2 1
github.com/gidyon/umrs/internal/chaincodes/insurance/insurance.go:372.10,374.58 2 0
github.com/gidyon/umrs/internal/chaincodes/insurance/insurance.go:378.16,381.3 2 0
github.com/gidyon/umrs/internal/chaincodes/insurance/insurance.go:384.23,386.3 1 0
github.com/gidyon/umrs/internal/chaincodes/insurance/insurance.go:386.8,388.3 1 1
github.com/gidyon/umrs/internal/chaincodes/insurance/insurance.go:390.18,390.18 0 1
github.com/gidyon/umrs/internal/chaincodes/insurance/insurance.go:391.10,394.26 2 0
github.com/gidyon/umrs/internal/chaincodes/insurance/insurance.go:402.3,402.58 1 0
github.com/gidyon/umrs/internal/chaincodes/insurance/insurance.go:394.26,401.4 1 0
github.com/gidyon/umrs/internal/chaincodes/insurance/insurance.go:407.16,409.3 1 0
github.com/gidyon/umrs/internal/chaincodes/insurance/insurance.go:429.16,432.3 2 0
github.com/gidyon/umrs/internal/chaincodes/insurance/insurance.go:435.41,438.3 2 0
github.com/gidyon/umrs/internal/chaincodes/insurance/insurance.go:441.27,442.24 1 1
github.com/gidyon/umrs/internal/chaincodes/insurance/insurance.go:445.3,445.75 1 1
github.com/gidyon/umrs/internal/chaincodes/insurance/insurance.go:442.24,444.4 1 0
github.com/gidyon/umrs/internal/chaincodes/insurance/insurance.go:449.23,450.25 1 1
github.com/gidyon/umrs/internal/chaincodes/insurance/insurance.go:459.4,462.5 1 1
github.com/gidyon/umrs/internal/chaincodes/insurance/insurance.go:450.25,458.5 1 0
github.com/gidyon/umrs/internal/chaincodes/insurance/insurance.go:471.26,472.30 1 1
github.com/gidyon/umrs/internal/chaincodes/insurance/insurance.go:475.4,475.30 1 1
github.com/gidyon/umrs/internal/chaincodes/insurance/insurance.go:472.30,474.5 1 0
github.com/gidyon/umrs/internal/chaincodes/insurance/insurance.go:479.16,482.3 2 0
github.com/gidyon/umrs/internal/chaincodes/insurance/insurance.go:484.28,485.29 1 1
github.com/gidyon/umrs/internal/chaincodes/insurance/insurance.go:488.3,488.57 1 1
github.com/gidyon/umrs/internal/chaincodes/insurance/insurance.go:491.3,491.34 1 0
github.com/gidyon/umrs/internal/chaincodes/insurance/insurance.go:485.29,487.4 1 0
github.com/gidyon/umrs/internal/chaincodes/insurance/insurance.go:488.57,490.4 1 1
github.com/gidyon/umrs/internal/chaincodes/insurance/insurance.go:516.23,518.3 1 0
github.com/gidyon/umrs/internal/chaincodes/insurance/insurance.go:518.8,520.3 1 1
github.com/gidyon/umrs/internal/chaincodes/insurance/insurance.go:531.33,535.19 2 5
github.com/gidyon/umrs/internal/chaincodes/insurance/insurance.go:540.2,541.16 2 4
github.com/gidyon/umrs/internal/chaincodes/insurance/insurance.go:546.2,546.49 1 4
github.com/gidyon/umrs/internal/chaincodes/insurance/insurance.go:551.2,553.9 3 3
github.com/gidyon/umrs/internal/chaincodes/insurance/insurance.go:561.2,562.16 2 2
github.com/gidyon/umrs/internal/chaincodes/insurance/insurance.go:566.2,566.25 1 2
github.com/gidyon/umrs/internal/chaincodes/insurance/insurance.go:535.19,537.3 1 1
github.com/gidyon/umrs/internal/chaincodes/insurance/insurance.go:541.16,543.3 1 0
github.com/gidyon/umrs/internal/chaincodes/insurance/insurance.go:546.49,548.3 1 1
github.com/gidyon/umrs/internal/chaincodes/insurance/insurance.go:554.18,554.18 0 2
github.com/gidyon/umrs/internal/chaincodes/insurance/insurance.go:555.39,556.77 1 1
github.com/gidyon/umrs/internal/chaincodes/insurance/insurance.go:557.10,558.54 1 0
github.com/gidyon/umrs/internal/chaincodes/insurance/insurance.go:562.16,564.3 1 0
github.com/gidyon/umrs/internal/chaincodes/insurance/insurance.go:571.25,575.19 2 5
github.com/gidyon/umrs/internal/chaincodes/insurance/insurance.go:580.2,581.16 2 4
github.com/gidyon/umrs/internal/chaincodes/insurance/insurance.go:586.2,586.9 1 3
github.com/gidyon/umrs/internal/chaincodes/insurance/insurance.go:592.2,592.16 1 3
github.com/gidyon/umrs/internal/chaincodes/insurance/insurance.go:597.2,598.15 2 2
github.com/gidyon/umrs/internal/chaincodes/insurance/insurance.go:604.2,604.21 1 2
github.com/gidyon/umrs/internal/chaincodes/insurance/insurance.go:609.2,611.9 3 2
github.com/gidyon/umrs/internal/chaincodes/insurance/insurance.go:621.2,622.16 2 1
github.com/gidyon/umrs/internal/chaincodes/insurance/insurance.go:627.2,628.16 2 1
github.com/gidyon/umrs/internal/chaincodes/insurance/insurance.go:634.2,635.16 2 1
github.com/gidyon/umrs/internal/chaincodes/insurance/insurance.go:639.2,656.16 2 1
github.com/gidyon/umrs/internal/chaincodes/insurance/insurance.go:662.2,662.41 1 1
github.com/gidyon/umrs/internal/chaincodes/insurance/insurance.go:668.2,684.16 5 1
github.com/gidyon/umrs/internal/chaincodes/insurance/insurance.go:689.2,714.28 6 1
github.com/gidyon/umrs/internal/chaincodes/insurance/insurance.go:575.19,577.3 1 1
github.com/gidyon/umrs/internal/chaincodes/insurance/insurance.go:581.16,583.3 1 1
github.com/gidyon/umrs/internal/chaincodes/insurance/insurance.go:587.51,588.47 1 1
github.com/gidyon/umrs/internal/chaincodes/insurance/insurance.go:589.46,590.41 1 0
github.com/gidyon/umrs/internal/chaincodes/insurance/insurance.go:592.16,594.3 1 1
github.com/gidyon/umrs/internal/chaincodes/insurance/insurance.go:598.15,599.35 1 2
github.com/gidyon/umrs/internal/chaincodes/insurance/insurance.go:599.35,601.4 1 0
github.com/gidyon/umrs/internal/chaincodes/insurance/insurance.go:604.21,606.3 1 0
github.com/gidyon/umrs/internal/chaincodes/insurance/insurance.go:612.18,612.18 0 1
github.com/gidyon/umrs/internal/chaincodes/insurance/insurance.go:613.39,615.68 2 1
github.com/gidyon/umrs/internal/chaincodes/insurance/insurance.go:616.10,618.58 2 0
github.com/gidyon/umrs/internal/chaincodes/insurance/insurance.go:622.16,624.3 1 0
github.com/gidyon/umrs/internal/chaincodes/insurance/insurance.go:628.16,631.3 2 0
github.com/gidyon/umrs/internal/chaincodes/insurance/insurance.go:635.16,637.3 1 0
github.com/gidyon/umrs/internal/chaincodes/insurance/insurance.go:656.16,659.3 2 0
github.com/gidyon/umrs/internal/chaincodes/insurance/insurance.go:662.41,665.3 2 0
github.com/gidyon/umrs/internal/chaincodes/insurance/insurance.go:684.16,687.3 2 0
github.com/gidyon/umrs/internal/chaincodes/insurance/insurance.go:719.58,720.19 1 5
github.com/gidyon/umrs/internal/chaincodes/insurance/insurance.go:723.2,723.20 1 5
github.com/gidyon/umrs/internal/chaincodes/insurance/insurance.go:726.2,726.19 1 5
github.com/gidyon/umrs/internal/chaincodes/insurance/insurance.go:729.2,729.38 1 5
github.com/gidyon/umrs/internal/chaincodes/insurance/insurance.go:720.19,722.3 1 2
github.com/gidyon/umrs/internal/chaincodes/insurance/insurance.go:723.20,725.3 1 2
github.com/gidyon/umrs/internal/chaincodes/insurance/insurance.go:726.19,728.3 1 0
github.com/gidyon/umrs/internal/chaincodes/insurance/insurance.go:734.34,738.20 2 4
github.com/gidyon/umrs/internal/chaincodes/insurance/insurance.go:743.2,744.16 2 3
github.com/gidyon/umrs/internal/chaincodes/insurance/insurance.go:748.2,753.9 5 3
github.com/gidyon/umrs/internal/chaincodes/insurance/insurance.go:759.2,760.43 2 3
github.com/gidyon/umrs/internal/chaincodes/insurance/insurance.go:768.2,770.8 1 3
github.com/gidyon/umrs/internal/chaincodes/insurance/insurance.go:738.20,740.3 1 1
github.com/gidyon/umrs/internal/chaincodes/insurance/insurance.go:744.16,746.3 1 0
github.com/gidyon/umrs/internal/chaincodes/insurance/insurance.go:754.18,754.18 0 3
github.com/gidyon/umrs/internal/chaincodes/insurance/insurance.go:755.10,756.69 1 0
github.com/gidyon/umrs/internal/chaincodes/insurance/insurance.go:760.43,762.17 2 31
github.com/gidyon/umrs/internal/chaincodes/insurance/insurance.go:765.3,765.51 1 31
github.com/gidyon/umrs/internal/chaincodes/insurance/insurance.go:762.17,764.4 1 0
github.com/gidyon/umrs/internal/chaincodes/insurance/insurance.go:775.34,779.22 2 4
github.com/gidyon/umrs/internal/chaincodes/insurance/insurance.go:784.2,785.16 2 3
github.com/gidyon/umrs/internal/chaincodes/insurance/insurance.go:790.2,790.27 1 3
github.com/gidyon/umrs/internal/chaincodes/insurance/insurance.go:797.2,806.9 6 2
github.com/gidyon/umrs/internal/chaincodes/insurance/insurance.go:812.2,813.43 2 2
github.com/gidyon/umrs/internal/chaincodes/insurance/insurance.go:821.2,823.8 1 2
github.com/gidyon/umrs/internal/chaincodes/insurance/insurance.go:779.22,781.3 1 1
github.com/gidyon/umrs/internal/chaincodes/insurance/insurance.go:785.16,787.3 1 0
github.com/gidyon/umrs/internal/chaincodes/insurance/insurance.go:790.27,795.3 1 1
github.com/gidyon/umrs/internal/chaincodes/insurance/insurance.go:807.18,807.18 0 2
github.com/gidyon/umrs/internal/chaincodes/insurance/insurance.go:808.10,809.58 1 0
github.com/gidyon/umrs/internal/chaincodes/insurance/insurance.go:813.43,815.17 2 2
github.com/gidyon/umrs/internal/chaincodes/insurance/insurance.go:818.3,818.51 1 2
github.com/gidyon/umrs/internal/chaincodes/insurance/insurance.go:815.17,817.4 1 0
github.com/gidyon/umrs/internal/chaincodes/insurance/insurance.go:827.47,831.21 2 4
github.com/gidyon/umrs/internal/chaincodes/insurance/insurance.go:836.2,837.16 2 3
github.com/gidyon/umrs/internal/chaincodes/insurance/insurance.go:842.2,842.51 1 3
github.com/gidyon/umrs/internal/chaincodes/insurance/insurance.go:847.2,851.13 4 2
github.com/gidyon/umrs/internal/chaincodes/insurance/insurance.go:857.2,859.8 1 1
github.com/gidyon/umrs/internal/chaincodes/insurance/insurance.go:831.21,833.3 1 1
github.com/gidyon/umrs/internal/chaincodes/insurance/insurance.go:837.16,839.3 1 0
github.com/gidyon/umrs/internal/chaincodes/insurance/insurance.go:842.51,844.3 1 1
github.com/gidyon/umrs/internal/chaincodes/insurance/insurance.go:851.13,855.3 1 1
github.com/gidyon/umrs/internal/chaincodes/insurance/insurance.go:862.61,868.16 5 1
github.com/gidyon/umrs/internal/chaincodes/insurance/insurance.go:890.2,890.57 1 1
github.com/gidyon/umrs/internal/chaincodes/insurance/insurance.go:868.16,870.22 2 1
github.com/gidyon/umrs/internal/chaincodes/insurance/insurance.go:875.3,875.64 1 1
github.com/gidyon/umrs/internal/chaincodes/insurance/insurance.go:880.3,881.42 2 1
github.com/gidyon/umrs/internal/chaincodes/insurance/insurance.go:887.3,887.27 1 1
github.com/gidyon/umrs/internal/chaincodes/insurance/insurance.go:870.22,873.9 3 0
github.com/gidyon/umrs/internal/chaincodes/insurance/insurance.go:875.64,877.4 1 1
github.com/gidyon/umrs/internal/chaincodes/insurance/insurance.go:881.42,882.30 1 74
github.com/gidyon/umrs/internal/chaincodes/insurance/insurance.go:882.30,884.5 1 2
github.com/gidyon/umrs/internal/chaincodes/insurance/insurance.go:895.3,900.25 4 8
github.com/gidyon/umrs/internal/chaincodes/insurance/insurance.go:900.25,905.17 2 8
github.com/gidyon/umrs/internal/chaincodes/insurance/insurance.go:910.3,910.8 1 8
github.com/gidyon/umrs/internal/chaincodes/insurance/insurance.go:905.17,908.12 3 0
