mode: atomic
github.com/gidyon/umrs/internal/chaincodes/hospital/model.go:24.42,26.2 1 48
github.com/gidyon/umrs/internal/chaincodes/hospital/model.go:29.61,31.2 1 6
github.com/gidyon/umrs/internal/chaincodes/hospital/model.go:33.75,34.23 1 38
github.com/gidyon/umrs/internal/chaincodes/hospital/model.go:37.2,47.24 2 38
github.com/gidyon/umrs/internal/chaincodes/hospital/model.go:34.23,36.3 1 0
github.com/gidyon/umrs/internal/chaincodes/hospital/model.go:50.75,51.23 1 8
github.com/gidyon/umrs/internal/chaincodes/hospital/model.go:54.2,64.24 2 8
github.com/gidyon/umrs/internal/chaincodes/hospital/model.go:51.23,53.3 1 0
github.com/gidyon/umrs/internal/chaincodes/hospital/hospital.go:58.98,60.9 1 6
github.com/gidyon/umrs/internal/chaincodes/hospital/hospital.go:73.2,87.16 4 1
github.com/gidyon/umrs/internal/chaincodes/hospital/hospital.go:91.2,94.16 2 1
github.com/gidyon/umrs/internal/chaincodes/hospital/hospital.go:98.2,101.16 2 1
github.com/gidyon/umrs/internal/chaincodes/hospital/hospital.go:106.2,107.16 2 1
github.com/gidyon/umrs/internal/chaincodes/hospital/hospital.go:112.2,113.16 2 1
github.com/gidyon/umrs/internal/chaincodes/hospital/hospital.go:118.2,120.16 3 1
github.com/gidyon/umrs/internal/chaincodes/hospital/hospital.go:124.2,127.16 2 1
github.com/gidyon/umrs/internal/chaincodes/hospital/hospital.go:132.2,132.12 1 1
github.com/gidyon/umrs/internal/chaincodes/hospital/hospital.go:142.2,142.25 1 1
github.com/gidyon/umrs/internal/chaincodes/hospital/hospital.go:61.18,62.40 1 1
github.com/gidyon/umrs/internal/chaincodes/hospital/hospital.go:63.47,64.51 1 1
github.com/gidyon/umrs/internal/chaincodes/hospital/hospital.go:65.24,66.38 1 1
github.com/gidyon/umrs/internal/chaincodes/hospital/hospital.go:67.35,68.49 1 1
github.com/gidyon/umrs/internal/chaincodes/hospital/hospital.go:69.37,70.51 1 1
github.com/gidyon/umrs/internal/chaincodes/hospital/hospital.go:87.16,89.3 1 0
github.com/gidyon/umrs/internal/chaincodes/hospital/hospital.go:94.16,96.3 1 0
github.com/gidyon/umrs/internal/chaincodes/hospital/hospital.go:101.16,103.3 1 0
github.com/gidyon/umrs/internal/chaincodes/hospital/hospital.go:107.16,109.3 1 0
github.com/gidyon/umrs/internal/chaincodes/hospital/hospital.go:113.16,115.3 1 0
github.com/gidyon/umrs/internal/chaincodes/hospital/hospital.go:120.16,122.3 1 0
github.com/gidyon/umrs/internal/chaincodes/hospital/hospital.go:127.16,129.3 1 0
github.com/gidyon/umrs/internal/chaincodes/hospital/hospital.go:132.12,134.7 2 1
github.com/gidyon/umrs/internal/chaincodes/hospital/hospital.go:134.7,135.11 1 1
github.com/gidyon/umrs/internal/chaincodes/hospital/hospital.go:136.49,137.36 1 0
github.com/gidyon/umrs/internal/chaincodes/hospital/hospital.go:153.35,157.19 2 12
github.com/gidyon/umrs/internal/chaincodes/hospital/hospital.go:162.2,163.16 2 11
github.com/gidyon/umrs/internal/chaincodes/hospital/hospital.go:168.2,169.9 2 11
github.com/gidyon/umrs/internal/chaincodes/hospital/hospital.go:181.2,181.16 1 11
github.com/gidyon/umrs/internal/chaincodes/hospital/hospital.go:185.2,186.16 2 6
github.com/gidyon/umrs/internal/chaincodes/hospital/hospital.go:191.2,192.15 2 6
github.com/gidyon/umrs/internal/chaincodes/hospital/hospital.go:198.2,198.21 1 6
github.com/gidyon/umrs/internal/chaincodes/hospital/hospital.go:202.2,206.9 3 6
github.com/gidyon/umrs/internal/chaincodes/hospital/hospital.go:223.2,224.16 2 6
github.com/gidyon/umrs/internal/chaincodes/hospital/hospital.go:230.2,247.16 2 6
github.com/gidyon/umrs/internal/chaincodes/hospital/hospital.go:253.2,253.41 1 6
github.com/gidyon/umrs/internal/chaincodes/hospital/hospital.go:259.2,279.16 8 6
github.com/gidyon/umrs/internal/chaincodes/hospital/hospital.go:284.2,307.8 3 6
github.com/gidyon/umrs/internal/chaincodes/hospital/hospital.go:157.19,159.3 1 1
github.com/gidyon/umrs/internal/chaincodes/hospital/hospital.go:163.16,165.3 1 0
github.com/gidyon/umrs/internal/chaincodes/hospital/hospital.go:170.25,171.35 1 1
github.com/gidyon/umrs/internal/chaincodes/hospital/hospital.go:172.56,173.47 1 1
github.com/gidyon/umrs/internal/chaincodes/hospital/hospital.go:174.50,175.49 1 1
github.com/gidyon/umrs/internal/chaincodes/hospital/hospital.go:176.53,177.52 1 1
github.com/gidyon/umrs/internal/chaincodes/hospital/hospital.go:178.40,179.49 1 1
github.com/gidyon/umrs/internal/chaincodes/hospital/hospital.go:181.16,183.3 1 5
github.com/gidyon/umrs/internal/chaincodes/hospital/hospital.go:186.16,188.3 1 0
github.com/gidyon/umrs/internal/chaincodes/hospital/hospital.go:192.15,193.35 1 6
github.com/gidyon/umrs/internal/chaincodes/hospital/hospital.go:193.35,195.4 1 0
github.com/gidyon/umrs/internal/chaincodes/hospital/hospital.go:198.21,200.3 1 0
github.com/gidyon/umrs/internal/chaincodes/hospital/hospital.go:207.18,207.18 0 6
github.com/gidyon/umrs/internal/chaincodes/hospital/hospital.go:208.10,211.26 2 0
github.com/gidyon/umrs/internal/chaincodes/hospital/hospital.go:219.3,219.58 1 0
github.com/gidyon/umrs/internal/chaincodes/hospital/hospital.go:211.26,218.4 1 0
github.com/gidyon/umrs/internal/chaincodes/hospital/hospital.go:224.16,227.3 2 0
github.com/gidyon/umrs/internal/chaincodes/hospital/hospital.go:247.16,250.3 2 0
github.com/gidyon/umrs/internal/chaincodes/hospital/hospital.go:253.41,256.3 2 0
github.com/gidyon/umrs/internal/chaincodes/hospital/hospital.go:279.16,282.3 2 0
github.com/gidyon/umrs/internal/chaincodes/hospital/hospital.go:312.31,316.19 2 6
github.com/gidyon/umrs/internal/chaincodes/hospital/hospital.go:321.2,322.16 2 5
github.com/gidyon/umrs/internal/chaincodes/hospital/hospital.go:327.2,327.48 1 5
github.com/gidyon/umrs/internal/chaincodes/hospital/hospital.go:332.2,334.9 3 4
github.com/gidyon/umrs/internal/chaincodes/hospital/hospital.go:342.2,343.16 2 2
github.com/gidyon/umrs/internal/chaincodes/hospital/hospital.go:347.2,347.24 1 2
github.com/gidyon/umrs/internal/chaincodes/hospital/hospital.go:316.19,318.3 1 1
github.com/gidyon/umrs/internal/chaincodes/hospital/hospital.go:322.16,324.3 1 0
github.com/gidyon/umrs/internal/chaincodes/hospital/hospital.go:327.48,329.3 1 1
github.com/gidyon/umrs/internal/chaincodes/hospital/hospital.go:335.18,335.18 0 2
github.com/gidyon/umrs/internal/chaincodes/hospital/hospital.go:336.39,337.66 1 2
github.com/gidyon/umrs/internal/chaincodes/hospital/hospital.go:338.10,339.60 1 0
github.com/gidyon/umrs/internal/chaincodes/hospital/hospital.go:343.16,345.3 1 0
github.com/gidyon/umrs/internal/chaincodes/hospital/hospital.go:352.25,356.19 2 5
github.com/gidyon/umrs/internal/chaincodes/hospital/hospital.go:361.2,362.16 2 4
github.com/gidyon/umrs/internal/chaincodes/hospital/hospital.go:367.2,367.9 1 3
github.com/gidyon/umrs/internal/chaincodes/hospital/hospital.go:373.2,373.16 1 3
github.com/gidyon/umrs/internal/chaincodes/hospital/hospital.go:378.2,379.15 2 2
github.com/gidyon/umrs/internal/chaincodes/hospital/hospital.go:385.2,385.21 1 2
github.com/gidyon/umrs/internal/chaincodes/hospital/hospital.go:390.2,392.9 3 2
github.com/gidyon/umrs/internal/chaincodes/hospital/hospital.go:402.2,403.16 2 1
github.com/gidyon/umrs/internal/chaincodes/hospital/hospital.go:408.2,409.16 2 1
github.com/gidyon/umrs/internal/chaincodes/hospital/hospital.go:415.2,416.16 2 1
github.com/gidyon/umrs/internal/chaincodes/hospital/hospital.go:420.2,437.16 2 1
github.com/gidyon/umrs/internal/chaincodes/hospital/hospital.go:443.2,443.41 1 1
github.com/gidyon/umrs/internal/chaincodes/hospital/hospital.go:449.2,465.16 5 1
github.com/gidyon/umrs/internal/chaincodes/hospital/hospital.go:470.2,495.28 6 1
github.com/gidyon/umrs/internal/chaincodes/hospital/hospital.go:356.19,358.3 1 1
github.com/gidyon/umrs/internal/chaincodes/hospital/hospital.go:362.16,364.3 1 1
github.com/gidyon/umrs/internal/chaincodes/hospital/hospital.go:368.50,369.46 1 1
github.com/gidyon/umrs/internal/chaincodes/hospital/hospital.go:370.46,371.41 1 0
github.com/gidyon/umrs/internal/chaincodes/hospital/hospital.go:373.16,375.3 1 1
github.com/gidyon/umrs/internal/chaincodes/hospital/hospital.go:379.15,380.35 1 2
github.com/gidyon/umrs/internal/chaincodes/hospital/hospital.go:380.35,382.4 1 0
github.com/gidyon/umrs/internal/chaincodes/hospital/hospital.go:385.21,387.3 1 0
github.com/gidyon/umrs/internal/chaincodes/hospital/hospital.go:393.18,393.18 0 1
github.com/gidyon/umrs/internal/chaincodes/hospital/hospital.go:394.39,396.66 2 1
github.com/gidyon/umrs/internal/chaincodes/hospital/hospital.go:397.10,399.58 2 0
github.com/gidyon/umrs/internal/chaincodes/hospital/hospital.go:403.16,405.3 1 0
github.com/gidyon/umrs/internal/chaincodes/hospital/hospital.go:409.16,412.3 2 0
github.com/gidyon/umrs/internal/chaincodes/hospital/hospital.go:416.16,418.3 1 0
github.com/gidyon/umrs/internal/chaincodes/hospital/hospital.go:437.16,440.3 2 0
github.com/gidyon/umrs/internal/chaincodes/hospital/hospital.go:443.41,446.3 2 0
github.com/gidyon/umrs/internal/chaincodes/hospital/hospital.go:465.16,468.3 2 0
github.com/gidyon/umrs/internal/chaincodes/hospital/hospital.go:500.35,504.22 2 7
github.com/gidyon/umrs/internal/chaincodes/hospital/hospital.go:509.2,510.16 2 6
github.com/gidyon/umrs/internal/chaincodes/hospital/hospital.go:515.2,516.9 2 6
github.com/gidyon/umrs/internal/chaincodes/hospital/hospital.go:524.2,524.16 1 6
github.com/gidyon/umrs/internal/chaincodes/hospital/hospital.go:528.2,529.24 2 3
github.com/gidyon/umrs/internal/chaincodes/hospital/hospital.go:537.2,538.15 2 3
github.com/gidyon/umrs/internal/chaincodes/hospital/hospital.go:544.2,544.21 1 3
github.com/gidyon/umrs/internal/chaincodes/hospital/hospital.go:550.2,552.9 3 3
github.com/gidyon/umrs/internal/chaincodes/hospital/hospital.go:562.2,563.16 2 2
github.com/gidyon/umrs/internal/chaincodes/hospital/hospital.go:569.2,569.23 1 2
github.com/gidyon/umrs/internal/chaincodes/hospital/hospital.go:574.2,574.9 1 2
github.com/gidyon/umrs/internal/chaincodes/hospital/hospital.go:591.2,592.16 2 2
github.com/gidyon/umrs/internal/chaincodes/hospital/hospital.go:598.2,615.16 2 2
github.com/gidyon/umrs/internal/chaincodes/hospital/hospital.go:621.2,621.41 1 2
github.com/gidyon/umrs/internal/chaincodes/hospital/hospital.go:627.2,627.27 1 2
github.com/gidyon/umrs/internal/chaincodes/hospital/hospital.go:633.2,635.23 1 2
github.com/gidyon/umrs/internal/chaincodes/hospital/hospital.go:653.2,657.26 2 2
github.com/gidyon/umrs/internal/chaincodes/hospital/hospital.go:665.2,665.16 1 2
github.com/gidyon/umrs/internal/chaincodes/hospital/hospital.go:670.2,670.28 1 2
github.com/gidyon/umrs/internal/chaincodes/hospital/hospital.go:680.2,702.23 4 2
github.com/gidyon/umrs/internal/chaincodes/hospital/hospital.go:707.2,712.8 2 2
github.com/gidyon/umrs/internal/chaincodes/hospital/hospital.go:504.22,506.3 1 1
github.com/gidyon/umrs/internal/chaincodes/hospital/hospital.go:510.16,512.3 1 0
github.com/gidyon/umrs/internal/chaincodes/hospital/hospital.go:517.53,518.45 1 1
github.com/gidyon/umrs/internal/chaincodes/hospital/hospital.go:519.47,520.35 1 1
github.com/gidyon/umrs/internal/chaincodes/hospital/hospital.go:521.70,522.41 1 1
github.com/gidyon/umrs/internal/chaincodes/hospital/hospital.go:524.16,526.3 1 3
github.com/gidyon/umrs/internal/chaincodes/hospital/hospital.go:529.24,531.17 2 2
github.com/gidyon/umrs/internal/chaincodes/hospital/hospital.go:531.17,533.4 1 0
github.com/gidyon/umrs/internal/chaincodes/hospital/hospital.go:538.15,539.35 1 3
github.com/gidyon/umrs/internal/chaincodes/hospital/hospital.go:539.35,541.4 1 0
github.com/gidyon/umrs/internal/chaincodes/hospital/hospital.go:544.21,547.3 2 0
github.com/gidyon/umrs/internal/chaincodes/hospital/hospital.go:553.18,553.18 0 2
github.com/gidyon/umrs/internal/chaincodes/hospital/hospital.go:554.39,556.69 2 1
github.com/gidyon/umrs/internal/chaincodes/hospital/hospital.go:557.10,559.58 2 0
github.com/gidyon/umrs/internal/chaincodes/hospital/hospital.go:563.16,566.3 2 0
github.com/gidyon/umrs/internal/chaincodes/hospital/hospital.go:569.23,571.3 1 1
github.com/gidyon/umrs/internal/chaincodes/hospital/hospital.go:571.8,573.3 1 1
github.com/gidyon/umrs/internal/chaincodes/hospital/hospital.go:575.18,575.18 0 2
github.com/gidyon/umrs/internal/chaincodes/hospital/hospital.go:576.10,579.26 2 0
github.com/gidyon/umrs/internal/chaincodes/hospital/hospital.go:587.3,587.58 1 0
github.com/gidyon/umrs/internal/chaincodes/hospital/hospital.go:579.26,586.4 1 0
github.com/gidyon/umrs/internal/chaincodes/hospital/hospital.go:592.16,595.3 2 0
github.com/gidyon/umrs/internal/chaincodes/hospital/hospital.go:615.16,618.3 2 0
github.com/gidyon/umrs/internal/chaincodes/hospital/hospital.go:621.41,624.3 2 0
github.com/gidyon/umrs/internal/chaincodes/hospital/hospital.go:627.27,628.24 1 2
github.com/gidyon/umrs/internal/chaincodes/hospital/hospital.go:631.3,631.73 1 1
github.com/gidyon/umrs/internal/chaincodes/hospital/hospital.go:628.24,630.4 1 1
github.com/gidyon/umrs/internal/chaincodes/hospital/hospital.go:635.23,636.25 1 2
github.com/gidyon/umrs/internal/chaincodes/hospital/hospital.go:645.4,648.5 1 1
github.com/gidyon/umrs/internal/chaincodes/hospital/hospital.go:636.25,644.5 1 1
github.com/gidyon/umrs/internal/chaincodes/hospital/hospital.go:657.26,658.30 1 2
github.com/gidyon/umrs/internal/chaincodes/hospital/hospital.go:661.4,661.29 1 1
github.com/gidyon/umrs/internal/chaincodes/hospital/hospital.go:658.30,660.5 1 1
github.com/gidyon/umrs/internal/chaincodes/hospital/hospital.go:665.16,668.3 2 0
github.com/gidyon/umrs/internal/chaincodes/hospital/hospital.go:670.28,671.29 1 2
github.com/gidyon/umrs/internal/chaincodes/hospital/hospital.go:674.3,674.56 1 1
github.com/gidyon/umrs/internal/chaincodes/hospital/hospital.go:677.3,677.33 1 0
github.com/gidyon/umrs/internal/chaincodes/hospital/hospital.go:671.29,673.4 1 1
github.com/gidyon/umrs/internal/chaincodes/hospital/hospital.go:674.56,676.4 1 1
github.com/gidyon/umrs/internal/chaincodes/hospital/hospital.go:702.23,704.3 1 1
github.com/gidyon/umrs/internal/chaincodes/hospital/hospital.go:704.8,706.3 1 1
github.com/gidyon/umrs/internal/chaincodes/hospital/hospital.go:717.58,718.19 1 5
github.com/gidyon/umrs/internal/chaincodes/hospital/hospital.go:721.2,721.20 1 5
github.com/gidyon/umrs/internal/chaincodes/hospital/hospital.go:724.2,724.19 1 5
github.com/gidyon/umrs/internal/chaincodes/hospital/hospital.go:727.2,727.38 1 5
github.com/gidyon/umrs/internal/chaincodes/hospital/hospital.go:718.19,720.3 1 2
github.com/gidyon/umrs/internal/chaincodes/hospital/hospital.go:721.20,723.3 1 2
github.com/gidyon/umrs/internal/chaincodes/hospital/hospital.go:724.19,726.3 1 0
github.com/gidyon/umrs/internal/chaincodes/hospital/hospital.go:732.32,736.20 2 4
github.com/gidyon/umrs/internal/chaincodes/hospital/hospital.go:741.2,742.16 2 3
github.com/gidyon/umrs/internal/chaincodes/hospital/hospital.go:746.2,751.9 5 3
github.com/gidyon/umrs/internal/chaincodes/hospital/hospital.go:757.2,758.41 2 3
github.com/gidyon/umrs/internal/chaincodes/hospital/hospital.go:766.2,768.8 1 3
github.com/gidyon/umrs/internal/chaincodes/hospital/hospital.go:736.20,738.3 1 1
github.com/gidyon/umrs/internal/chaincodes/hospital/hospital.go:742.16,744.3 1 0
github.com/gidyon/umrs/internal/chaincodes/hospital/hospital.go:752.18,752.18 0 3
github.com/gidyon/umrs/internal/chaincodes/hospital/hospital.go:753.10,754.58 1 0
github.com/gidyon/umrs/internal/chaincodes/hospital/hospital.go:758.41,760.17 2 31
github.com/gidyon/umrs/internal/chaincodes/hospital/hospital.go:763.3,763.48 1 31
github.com/gidyon/umrs/internal/chaincodes/hospital/hospital.go:760.17,762.4 1 0
github.com/gidyon/umrs/internal/chaincodes/hospital/hospital.go:773.32,777.22 2 4
github.com/gidyon/umrs/internal/chaincodes/hospital/hospital.go:782.2,783.16 2 3
github.com/gidyon/umrs/internal/chaincodes/hospital/hospital.go:788.2,788.27 1 3
github.com/gidyon/umrs/internal/chaincodes/hospital/hospital.go:795.2,804.9 6 2
github.com/gidyon/umrs/internal/chaincodes/hospital/hospital.go:810.2,811.41 2 2
github.com/gidyon/umrs/internal/chaincodes/hospital/hospital.go:819.2,821.8 1 2
github.com/gidyon/umrs/internal/chaincodes/hospital/hospital.go:777.22,779.3 1 1
github.com/gidyon/umrs/internal/chaincodes/hospital/hospital.go:783.16,785.3 1 0
github.com/gidyon/umrs/internal/chaincodes/hospital/hospital.go:788.27,793.3 1 1
github.com/gidyon/umrs/internal/chaincodes/hospital/hospital.go:805.18,805.18 0 2
github.com/gidyon/umrs/internal/chaincodes/hospital/hospital.go:806.10,807.58 1 0
github.com/gidyon/umrs/internal/chaincodes/hospital/hospital.go:811.41,813.17 2 2
github.com/gidyon/umrs/internal/chaincodes/hospital/hospital.go:816.3,816.48 1 2
github.com/gidyon/umrs/internal/chaincodes/hospital/hospital.go:813.17,815.4 1 0
github.com/gidyon/umrs/internal/chaincodes/hospital/hospital.go:826.46,830.21 2 4
github.com/gidyon/umrs/internal/chaincodes/hospital/hospital.go:835.2,836.16 2 3
github.com/gidyon/umrs/internal/chaincodes/hospital/hospital.go:841.2,841.50 1 3
github.com/gidyon/umrs/internal/chaincodes/hospital/hospital.go:846.2,850.13 4 2
github.com/gidyon/umrs/internal/chaincodes/hospital/hospital.go:856.2,858.8 1 1
github.com/gidyon/umrs/internal/chaincodes/hospital/hospital.go:830.21,832.3 1 1
github.com/gidyon/umrs/internal/chaincodes/hospital/hospital.go:836.16,838.3 1 0
github.com/gidyon/umrs/internal/chaincodes/hospital/hospital.go:841.50,843.3 1 1
github.com/gidyon/umrs/internal/chaincodes/hospital/hospital.go:850.13,854.3 1 1
github.com/gidyon/umrs/internal/chaincodes/hospital/hospital.go:861.59,867.16 5 1
github.com/gidyon/umrs/internal/chaincodes/hospital/hospital.go:889.2,889.56 1 1
github.com/gidyon/umrs/internal/chaincodes/hospital/hospital.go:867.16,869.22 2 1
github.com/gidyon/umrs/internal/chaincodes/hospital/hospital.go:874.3,874.63 1 1
github.com/gidyon/umrs/internal/chaincodes/hospital/hospital.go:879.3,880.40 2 1
github.com/gidyon/umrs/internal/chaincodes/hospital/hospital.go:886.3,886.26 1 1
github.com/gidyon/umrs/internal/chaincodes/hospital/hospital.go:869.22,872.9 3 0
github.com/gidyon/umrs/internal/chaincodes/hospital/hospital.go:874.63,876.4 1 1
github.com/gidyon/umrs/internal/chaincodes/hospital/hospital.go:880.40,881.29 1 131
github.com/gidyon/umrs/internal/chaincodes/hospital/hospital.go:881.29,883.5 1 86
github.com/gidyon/umrs/internal/chaincodes/hospital/hospital.go:894.3,899.25 4 9
github.com/gidyon/umrs/internal/chaincodes/hospital/hospital.go:899.25,904.17 2 9
github.com/gidyon/umrs/internal/chaincodes/hospital/hospital.go:909.3,909.8 1 9
github.com/gidyon/umrs/internal/chaincodes/hospital/hospital.go:904.17,907.12 3 0
