mode: atomic
github.com/gidyon/umrs/internal/ledger/new.go:15.51,18.16 2 1
github.com/gidyon/umrs/internal/ledger/new.go:22.2,25.19 2 1
github.com/gidyon/umrs/internal/ledger/new.go:30.2,38.16 5 0
github.com/gidyon/umrs/internal/ledger/new.go:42.2,44.37 2 0
github.com/gidyon/umrs/internal/ledger/new.go:63.2,67.46 2 0
github.com/gidyon/umrs/internal/ledger/new.go:75.2,75.34 1 0
github.com/gidyon/umrs/internal/ledger/new.go:79.2,84.23 5 0
github.com/gidyon/umrs/internal/ledger/new.go:91.2,95.16 3 0
github.com/gidyon/umrs/internal/ledger/new.go:99.2,99.47 1 0
github.com/gidyon/umrs/internal/ledger/new.go:150.2,150.12 1 0
github.com/gidyon/umrs/internal/ledger/new.go:18.16,20.3 1 0
github.com/gidyon/umrs/internal/ledger/new.go:25.19,27.3 1 1
github.com/gidyon/umrs/internal/ledger/new.go:38.16,40.3 1 0
github.com/gidyon/umrs/internal/ledger/new.go:44.37,45.10 1 0
github.com/gidyon/umrs/internal/ledger/new.go:46.21,47.9 1 0
github.com/gidyon/umrs/internal/ledger/new.go:48.32,50.29 2 0
github.com/gidyon/umrs/internal/ledger/new.go:54.4,55.18 2 0
github.com/gidyon/umrs/internal/ledger/new.go:58.4,58.44 1 0
github.com/gidyon/umrs/internal/ledger/new.go:50.29,52.5 1 0
github.com/gidyon/umrs/internal/ledger/new.go:55.18,57.5 1 0
github.com/gidyon/umrs/internal/ledger/new.go:67.46,68.29 1 0
github.com/gidyon/umrs/internal/ledger/new.go:68.29,71.4 2 0
github.com/gidyon/umrs/internal/ledger/new.go:75.34,77.3 1 0
github.com/gidyon/umrs/internal/ledger/new.go:84.23,86.17 2 0
github.com/gidyon/umrs/internal/ledger/new.go:86.17,88.4 1 0
github.com/gidyon/umrs/internal/ledger/new.go:95.16,97.3 1 0
github.com/gidyon/umrs/internal/ledger/new.go:99.47,100.10 1 0
github.com/gidyon/umrs/internal/ledger/new.go:101.21,102.20 1 0
github.com/gidyon/umrs/internal/ledger/new.go:103.25,104.72 1 0
github.com/gidyon/umrs/internal/ledger/new.go:105.11,108.18 2 0
github.com/gidyon/umrs/internal/ledger/new.go:113.4,114.18 2 0
github.com/gidyon/umrs/internal/ledger/new.go:120.4,120.64 1 0
github.com/gidyon/umrs/internal/ledger/new.go:127.4,127.26 1 0
github.com/gidyon/umrs/internal/ledger/new.go:135.4,136.18 2 0
github.com/gidyon/umrs/internal/ledger/new.go:141.4,146.25 5 0
github.com/gidyon/umrs/internal/ledger/new.go:108.18,111.5 2 0
github.com/gidyon/umrs/internal/ledger/new.go:114.18,117.5 2 0
github.com/gidyon/umrs/internal/ledger/new.go:120.64,124.5 3 0
github.com/gidyon/umrs/internal/ledger/new.go:127.26,128.50 1 0
github.com/gidyon/umrs/internal/ledger/new.go:128.50,131.6 2 0
github.com/gidyon/umrs/internal/ledger/new.go:136.18,139.5 2 0
github.com/gidyon/umrs/internal/ledger/util.go:24.62,31.9 6 0
github.com/gidyon/umrs/internal/ledger/util.go:39.2,39.21 1 0
github.com/gidyon/umrs/internal/ledger/util.go:32.18,32.18 0 0
github.com/gidyon/umrs/internal/ledger/util.go:33.37,34.37 1 0
github.com/gidyon/umrs/internal/ledger/util.go:35.18,36.47 1 0
github.com/gidyon/umrs/internal/ledger/util.go:42.42,56.2 5 3
github.com/gidyon/umrs/internal/ledger/util.go:58.87,59.17 1 3
github.com/gidyon/umrs/internal/ledger/util.go:64.2,68.16 2 3
github.com/gidyon/umrs/internal/ledger/util.go:73.2,75.21 2 3
github.com/gidyon/umrs/internal/ledger/util.go:59.17,61.3 1 0
github.com/gidyon/umrs/internal/ledger/util.go:68.16,70.3 1 0
github.com/gidyon/umrs/internal/ledger/util.go:78.48,81.46 3 0
github.com/gidyon/umrs/internal/ledger/util.go:84.2,86.57 3 0
github.com/gidyon/umrs/internal/ledger/util.go:81.46,83.3 1 0
github.com/gidyon/umrs/internal/ledger/util.go:90.86,94.16 3 3
github.com/gidyon/umrs/internal/ledger/util.go:98.2,99.16 2 3
github.com/gidyon/umrs/internal/ledger/util.go:103.2,104.16 2 3
github.com/gidyon/umrs/internal/ledger/util.go:107.2,107.12 1 3
github.com/gidyon/umrs/internal/ledger/util.go:94.16,96.3 1 0
github.com/gidyon/umrs/internal/ledger/util.go:99.16,101.3 1 0
github.com/gidyon/umrs/internal/ledger/util.go:104.16,106.3 1 0
github.com/gidyon/umrs/internal/ledger/util.go:110.66,111.46 1 3
github.com/gidyon/umrs/internal/ledger/util.go:115.2,118.16 3 3
github.com/gidyon/umrs/internal/ledger/util.go:122.2,123.16 2 3
github.com/gidyon/umrs/internal/ledger/util.go:127.2,128.16 2 3
github.com/gidyon/umrs/internal/ledger/util.go:131.2,131.12 1 3
github.com/gidyon/umrs/internal/ledger/util.go:111.46,113.3 1 0
github.com/gidyon/umrs/internal/ledger/util.go:118.16,120.3 1 0
github.com/gidyon/umrs/internal/ledger/util.go:123.16,125.3 1 0
github.com/gidyon/umrs/internal/ledger/util.go:128.16,130.3 1 0
github.com/gidyon/umrs/internal/ledger/util.go:139.80,142.16 2 0
github.com/gidyon/umrs/internal/ledger/util.go:147.2,149.16 3 0
github.com/gidyon/umrs/internal/ledger/util.go:153.2,153.28 1 0
github.com/gidyon/umrs/internal/ledger/util.go:142.16,144.3 1 0
github.com/gidyon/umrs/internal/ledger/util.go:149.16,151.3 1 0
github.com/gidyon/umrs/internal/ledger/util.go:156.76,158.16 2 0
github.com/gidyon/umrs/internal/ledger/util.go:161.2,162.16 2 0
github.com/gidyon/umrs/internal/ledger/util.go:165.2,165.35 1 0
github.com/gidyon/umrs/internal/ledger/util.go:158.16,160.3 1 0
github.com/gidyon/umrs/internal/ledger/util.go:162.16,164.3 1 0
github.com/gidyon/umrs/internal/ledger/util.go:168.89,171.16 2 0
github.com/gidyon/umrs/internal/ledger/util.go:176.2,177.16 2 0
github.com/gidyon/umrs/internal/ledger/util.go:182.2,184.16 3 0
github.com/gidyon/umrs/internal/ledger/util.go:188.2,188.21 1 0
github.com/gidyon/umrs/internal/ledger/util.go:171.16,173.3 1 0
github.com/gidyon/umrs/internal/ledger/util.go:177.16,179.3 1 0
github.com/gidyon/umrs/internal/ledger/util.go:184.16,186.3 1 0
github.com/gidyon/umrs/internal/ledger/util.go:191.69,196.40 3 0
github.com/gidyon/umrs/internal/ledger/util.go:196.40,199.17 2 0
github.com/gidyon/umrs/internal/ledger/util.go:204.3,205.17 2 0
github.com/gidyon/umrs/internal/ledger/util.go:211.3,211.49 1 0
github.com/gidyon/umrs/internal/ledger/util.go:217.3,218.17 2 0
github.com/gidyon/umrs/internal/ledger/util.go:224.3,229.20 3 0
github.com/gidyon/umrs/internal/ledger/util.go:199.17,202.4 2 0
github.com/gidyon/umrs/internal/ledger/util.go:205.17,208.4 2 0
github.com/gidyon/umrs/internal/ledger/util.go:211.49,214.4 2 0
github.com/gidyon/umrs/internal/ledger/util.go:218.17,221.4 2 0
github.com/gidyon/umrs/internal/ledger/util.go:233.70,235.46 1 0
github.com/gidyon/umrs/internal/ledger/util.go:240.2,241.9 2 0
github.com/gidyon/umrs/internal/ledger/util.go:247.2,247.40 1 0
github.com/gidyon/umrs/internal/ledger/util.go:284.2,284.12 1 0
github.com/gidyon/umrs/internal/ledger/util.go:235.46,237.3 1 0
github.com/gidyon/umrs/internal/ledger/util.go:242.46,242.46 0 0
github.com/gidyon/umrs/internal/ledger/util.go:243.18,244.57 1 0
github.com/gidyon/umrs/internal/ledger/util.go:247.40,252.10 5 0
github.com/gidyon/umrs/internal/ledger/util.go:266.3,266.23 1 0
github.com/gidyon/umrs/internal/ledger/util.go:271.3,272.22 2 0
github.com/gidyon/umrs/internal/ledger/util.go:276.3,281.17 5 0
github.com/gidyon/umrs/internal/ledger/util.go:252.10,254.18 2 0
github.com/gidyon/umrs/internal/ledger/util.go:257.4,258.18 2 0
github.com/gidyon/umrs/internal/ledger/util.go:254.18,256.5 1 0
github.com/gidyon/umrs/internal/ledger/util.go:258.18,260.5 1 0
github.com/gidyon/umrs/internal/ledger/util.go:261.9,263.4 1 0
github.com/gidyon/umrs/internal/ledger/util.go:266.23,268.4 1 0
github.com/gidyon/umrs/internal/ledger/util.go:272.22,274.4 1 0
github.com/gidyon/umrs/internal/ledger/util.go:287.64,290.16 2 0
github.com/gidyon/umrs/internal/ledger/util.go:294.2,299.23 4 0
github.com/gidyon/umrs/internal/ledger/util.go:304.2,305.16 2 0
github.com/gidyon/umrs/internal/ledger/util.go:309.2,309.20 1 0
github.com/gidyon/umrs/internal/ledger/util.go:290.16,292.3 1 0
github.com/gidyon/umrs/internal/ledger/util.go:299.23,301.3 1 0
github.com/gidyon/umrs/internal/ledger/util.go:305.16,307.3 1 0
github.com/gidyon/umrs/internal/ledger/add.go:25.28,28.12 2 3
github.com/gidyon/umrs/internal/ledger/add.go:94.2,94.24 1 3
github.com/gidyon/umrs/internal/ledger/add.go:28.12,35.17 4 3
github.com/gidyon/umrs/internal/ledger/add.go:41.3,45.19 3 3
github.com/gidyon/umrs/internal/ledger/add.go:52.3,53.38 2 0
github.com/gidyon/umrs/internal/ledger/add.go:35.17,39.4 3 0
github.com/gidyon/umrs/internal/ledger/add.go:45.19,50.4 4 3
github.com/gidyon/umrs/internal/ledger/add.go:53.38,55.58 1 0
github.com/gidyon/umrs/internal/ledger/add.go:68.4,68.11 1 0
github.com/gidyon/umrs/internal/ledger/add.go:55.58,58.12 3 0
github.com/gidyon/umrs/internal/ledger/add.go:59.23,62.12 3 0
github.com/gidyon/umrs/internal/ledger/add.go:63.41,64.12 1 0
github.com/gidyon/umrs/internal/ledger/add.go:69.22,72.11 3 0
github.com/gidyon/umrs/internal/ledger/add.go:73.29,75.30 2 0
github.com/gidyon/umrs/internal/ledger/add.go:78.5,78.27 1 0
github.com/gidyon/umrs/internal/ledger/add.go:75.30,76.11 1 0
github.com/gidyon/umrs/internal/ledger/add.go:79.25,80.44 1 0
github.com/gidyon/umrs/internal/ledger/add.go:84.24,85.44 1 0
github.com/gidyon/umrs/internal/ledger/add.go:80.44,83.7 2 0
github.com/gidyon/umrs/internal/ledger/add.go:85.44,88.7 2 0
github.com/gidyon/umrs/internal/ledger/add.go:99.41,101.19 1 8
github.com/gidyon/umrs/internal/ledger/add.go:106.2,107.16 2 7
github.com/gidyon/umrs/internal/ledger/add.go:112.2,113.9 2 7
github.com/gidyon/umrs/internal/ledger/add.go:127.2,128.16 2 3
github.com/gidyon/umrs/internal/ledger/add.go:132.2,133.16 2 3
github.com/gidyon/umrs/internal/ledger/add.go:138.2,139.16 2 3
github.com/gidyon/umrs/internal/ledger/add.go:144.2,145.16 2 3
github.com/gidyon/umrs/internal/ledger/add.go:150.2,151.16 2 3
github.com/gidyon/umrs/internal/ledger/add.go:156.2,162.9 4 3
github.com/gidyon/umrs/internal/ledger/add.go:185.2,185.99 1 0
github.com/gidyon/umrs/internal/ledger/add.go:101.19,103.3 1 1
github.com/gidyon/umrs/internal/ledger/add.go:107.16,109.3 1 0
github.com/gidyon/umrs/internal/ledger/add.go:114.17,115.44 1 0
github.com/gidyon/umrs/internal/ledger/add.go:116.30,117.52 1 1
github.com/gidyon/umrs/internal/ledger/add.go:118.62,119.33 1 1
github.com/gidyon/umrs/internal/ledger/add.go:120.61,121.49 1 1
github.com/gidyon/umrs/internal/ledger/add.go:122.56,123.37 1 1
github.com/gidyon/umrs/internal/ledger/add.go:128.16,130.3 1 0
github.com/gidyon/umrs/internal/ledger/add.go:133.16,135.3 1 0
github.com/gidyon/umrs/internal/ledger/add.go:139.16,141.3 1 0
github.com/gidyon/umrs/internal/ledger/add.go:145.16,147.3 1 0
github.com/gidyon/umrs/internal/ledger/add.go:151.16,153.3 1 0
github.com/gidyon/umrs/internal/ledger/add.go:163.20,164.24 1 0
github.com/gidyon/umrs/internal/ledger/add.go:165.28,166.17 1 3
github.com/gidyon/umrs/internal/ledger/add.go:169.3,169.21 1 3
github.com/gidyon/umrs/internal/ledger/add.go:172.3,172.20 1 3
github.com/gidyon/umrs/internal/ledger/add.go:166.17,168.4 1 0
github.com/gidyon/umrs/internal/ledger/add.go:169.21,171.4 1 0
github.com/gidyon/umrs/internal/ledger/add.go:172.20,175.18 2 3
github.com/gidyon/umrs/internal/ledger/add.go:179.4,181.10 1 3
github.com/gidyon/umrs/internal/ledger/add.go:175.18,177.5 1 0
github.com/gidyon/umrs/internal/ledger/ledger.go:53.98,55.9 1 6
github.com/gidyon/umrs/internal/ledger/ledger.go:70.2,86.16 4 1
github.com/gidyon/umrs/internal/ledger/ledger.go:91.2,92.16 2 1
github.com/gidyon/umrs/internal/ledger/ledger.go:97.2,98.16 2 1
github.com/gidyon/umrs/internal/ledger/ledger.go:102.2,107.16 4 1
github.com/gidyon/umrs/internal/ledger/ledger.go:111.2,115.16 3 1
github.com/gidyon/umrs/internal/ledger/ledger.go:120.2,122.16 2 1
github.com/gidyon/umrs/internal/ledger/ledger.go:56.18,57.40 1 0
github.com/gidyon/umrs/internal/ledger/ledger.go:58.30,59.44 1 1
github.com/gidyon/umrs/internal/ledger/ledger.go:60.34,61.45 1 1
github.com/gidyon/umrs/internal/ledger/ledger.go:62.44,63.48 1 1
github.com/gidyon/umrs/internal/ledger/ledger.go:64.41,65.45 1 1
github.com/gidyon/umrs/internal/ledger/ledger.go:66.24,67.38 1 1
github.com/gidyon/umrs/internal/ledger/ledger.go:86.16,88.3 1 0
github.com/gidyon/umrs/internal/ledger/ledger.go:92.16,94.3 1 0
github.com/gidyon/umrs/internal/ledger/ledger.go:98.16,100.3 1 0
github.com/gidyon/umrs/internal/ledger/ledger.go:107.16,109.3 1 0
github.com/gidyon/umrs/internal/ledger/ledger.go:115.16,117.3 1 0
github.com/gidyon/umrs/internal/ledger/encryption.go:11.49,13.9 2 1
github.com/gidyon/umrs/internal/ledger/encryption.go:24.2,25.16 2 1
github.com/gidyon/umrs/internal/ledger/encryption.go:29.2,30.16 2 1
github.com/gidyon/umrs/internal/ledger/encryption.go:34.2,34.17 1 1
github.com/gidyon/umrs/internal/ledger/encryption.go:14.19,15.17 1 0
github.com/gidyon/umrs/internal/ledger/encryption.go:16.34,17.17 1 0
github.com/gidyon/umrs/internal/ledger/encryption.go:18.34,19.17 1 0
github.com/gidyon/umrs/internal/ledger/encryption.go:20.19,21.68 1 0
github.com/gidyon/umrs/internal/ledger/encryption.go:25.16,27.3 1 0
github.com/gidyon/umrs/internal/ledger/encryption.go:30.16,32.3 1 0
github.com/gidyon/umrs/internal/ledger/encryption.go:37.76,39.59 2 3
github.com/gidyon/umrs/internal/ledger/encryption.go:43.2,43.55 1 3
github.com/gidyon/umrs/internal/ledger/encryption.go:39.59,41.3 1 0
github.com/gidyon/umrs/internal/ledger/encryption.go:46.73,48.29 2 0
github.com/gidyon/umrs/internal/ledger/encryption.go:52.2,53.45 2 0
github.com/gidyon/umrs/internal/ledger/encryption.go:48.29,50.3 1 0
github.com/gidyon/umrs/internal/ledger/model.go:22.34,24.2 1 12
github.com/gidyon/umrs/internal/ledger/model.go:38.60,39.20 1 3
github.com/gidyon/umrs/internal/ledger/model.go:43.2,44.22 2 3
github.com/gidyon/umrs/internal/ledger/model.go:48.2,65.21 2 3
github.com/gidyon/umrs/internal/ledger/model.go:39.20,41.3 1 0
github.com/gidyon/umrs/internal/ledger/model.go:44.22,46.3 1 0
github.com/gidyon/umrs/internal/ledger/model.go:68.60,69.20 1 3
github.com/gidyon/umrs/internal/ledger/model.go:72.2,72.28 1 3
github.com/gidyon/umrs/internal/ledger/model.go:76.2,99.21 2 3
github.com/gidyon/umrs/internal/ledger/model.go:69.20,71.3 1 0
github.com/gidyon/umrs/internal/ledger/model.go:72.28,74.3 1 0
github.com/gidyon/umrs/internal/ledger/worker.go:19.67,26.12 4 1
github.com/gidyon/umrs/internal/ledger/worker.go:65.2,67.12 2 1
github.com/gidyon/umrs/internal/ledger/worker.go:89.2,91.12 2 1
github.com/gidyon/umrs/internal/ledger/worker.go:26.12,28.7 1 1
github.com/gidyon/umrs/internal/ledger/worker.go:28.7,29.11 1 1
github.com/gidyon/umrs/internal/ledger/worker.go:30.22,31.11 1 1
github.com/gidyon/umrs/internal/ledger/worker.go:32.26,33.24 1 0
github.com/gidyon/umrs/internal/ledger/worker.go:55.20,56.45 1 0
github.com/gidyon/umrs/internal/ledger/worker.go:34.26,36.20 2 0
github.com/gidyon/umrs/internal/ledger/worker.go:40.6,41.20 2 0
github.com/gidyon/umrs/internal/ledger/worker.go:45.31,46.16 1 0
github.com/gidyon/umrs/internal/ledger/worker.go:36.20,38.12 2 0
github.com/gidyon/umrs/internal/ledger/worker.go:41.20,43.12 2 0
github.com/gidyon/umrs/internal/ledger/worker.go:46.16,48.21 2 0
github.com/gidyon/umrs/internal/ledger/worker.go:52.7,52.44 1 0
github.com/gidyon/umrs/internal/ledger/worker.go:48.21,51.8 2 0
github.com/gidyon/umrs/internal/ledger/worker.go:56.45,57.66 1 0
github.com/gidyon/umrs/internal/ledger/worker.go:57.66,59.7 1 0
github.com/gidyon/umrs/internal/ledger/worker.go:67.12,70.7 2 1
github.com/gidyon/umrs/internal/ledger/worker.go:70.7,71.11 1 1
github.com/gidyon/umrs/internal/ledger/worker.go:72.22,73.11 1 1
github.com/gidyon/umrs/internal/ledger/worker.go:74.36,81.19 4 0
github.com/gidyon/umrs/internal/ledger/worker.go:81.19,83.11 2 0
github.com/gidyon/umrs/internal/ledger/worker.go:91.12,93.7 1 1
github.com/gidyon/umrs/internal/ledger/worker.go:93.7,94.11 1 1
github.com/gidyon/umrs/internal/ledger/worker.go:95.22,96.11 1 1
github.com/gidyon/umrs/internal/ledger/worker.go:97.29,102.26 4 0
github.com/gidyon/umrs/internal/ledger/worker.go:107.5,109.12 2 0
github.com/gidyon/umrs/internal/ledger/worker.go:102.26,104.11 2 0
github.com/gidyon/umrs/internal/ledger/worker.go:110.61,119.20 3 0
github.com/gidyon/umrs/internal/ledger/worker.go:124.6,128.47 2 0
github.com/gidyon/umrs/internal/ledger/worker.go:119.20,121.12 2 0
github.com/gidyon/umrs/internal/ledger/worker.go:128.47,130.14 1 0
github.com/gidyon/umrs/internal/ledger/worker.go:142.7,142.40 1 0
github.com/gidyon/umrs/internal/ledger/worker.go:165.7,165.30 1 0
github.com/gidyon/umrs/internal/ledger/worker.go:131.25,132.18 1 0
github.com/gidyon/umrs/internal/ledger/worker.go:133.15,136.22 2 0
github.com/gidyon/umrs/internal/ledger/worker.go:136.22,138.14 2 0
github.com/gidyon/umrs/internal/ledger/worker.go:142.40,143.15 1 0
github.com/gidyon/umrs/internal/ledger/worker.go:144.26,145.19 1 0
github.com/gidyon/umrs/internal/ledger/worker.go:146.33,148.19 2 0
github.com/gidyon/umrs/internal/ledger/worker.go:149.16,152.23 2 0
github.com/gidyon/umrs/internal/ledger/worker.go:157.9,158.23 2 0
github.com/gidyon/umrs/internal/ledger/worker.go:152.23,154.20 2 0
github.com/gidyon/umrs/internal/ledger/worker.go:158.23,160.20 2 0
github.com/gidyon/umrs/internal/ledger/get.go:18.30,20.19 1 4
github.com/gidyon/umrs/internal/ledger/get.go:25.2,26.16 2 3
github.com/gidyon/umrs/internal/ledger/get.go:31.2,31.42 1 3
github.com/gidyon/umrs/internal/ledger/get.go:36.2,38.9 3 2
github.com/gidyon/umrs/internal/ledger/get.go:47.2,48.16 2 0
github.com/gidyon/umrs/internal/ledger/get.go:52.2,52.21 1 0
github.com/gidyon/umrs/internal/ledger/get.go:20.19,22.3 1 1
github.com/gidyon/umrs/internal/ledger/get.go:26.16,28.3 1 0
github.com/gidyon/umrs/internal/ledger/get.go:31.42,33.3 1 1
github.com/gidyon/umrs/internal/ledger/get.go:39.18,39.18 0 0
github.com/gidyon/umrs/internal/ledger/get.go:40.39,41.46 1 2
github.com/gidyon/umrs/internal/ledger/get.go:42.10,43.41 1 0
github.com/gidyon/umrs/internal/ledger/get.go:48.16,50.3 1 0
github.com/gidyon/umrs/internal/ledger/list.go:20.77,21.42 1 10
github.com/gidyon/umrs/internal/ledger/list.go:26.2,26.24 1 8
github.com/gidyon/umrs/internal/ledger/list.go:31.2,31.27 1 8
github.com/gidyon/umrs/internal/ledger/list.go:37.2,37.32 1 8
github.com/gidyon/umrs/internal/ledger/list.go:47.2,47.29 1 8
github.com/gidyon/umrs/internal/ledger/list.go:57.2,57.32 1 8
github.com/gidyon/umrs/internal/ledger/list.go:63.2,63.27 1 8
github.com/gidyon/umrs/internal/ledger/list.go:68.2,68.11 1 8
github.com/gidyon/umrs/internal/ledger/list.go:21.42,23.3 1 2
github.com/gidyon/umrs/internal/ledger/list.go:26.24,28.3 1 1
github.com/gidyon/umrs/internal/ledger/list.go:31.27,34.3 2 1
github.com/gidyon/umrs/internal/ledger/list.go:37.32,40.32 3 1
github.com/gidyon/umrs/internal/ledger/list.go:43.3,43.47 1 1
github.com/gidyon/umrs/internal/ledger/list.go:40.32,42.4 1 3
github.com/gidyon/umrs/internal/ledger/list.go:47.29,50.26 3 1
github.com/gidyon/umrs/internal/ledger/list.go:53.3,53.46 1 1
github.com/gidyon/umrs/internal/ledger/list.go:50.26,52.4 1 3
github.com/gidyon/umrs/internal/ledger/list.go:57.32,60.3 2 1
github.com/gidyon/umrs/internal/ledger/list.go:63.27,66.3 2 1
github.com/gidyon/umrs/internal/ledger/list.go:73.58,74.19 1 10
github.com/gidyon/umrs/internal/ledger/list.go:77.2,77.20 1 10
github.com/gidyon/umrs/internal/ledger/list.go:80.2,80.19 1 10
github.com/gidyon/umrs/internal/ledger/list.go:83.2,83.38 1 10
github.com/gidyon/umrs/internal/ledger/list.go:74.19,76.3 1 1
github.com/gidyon/umrs/internal/ledger/list.go:77.20,79.3 1 1
github.com/gidyon/umrs/internal/ledger/list.go:80.19,82.3 1 0
github.com/gidyon/umrs/internal/ledger/list.go:88.31,90.20 1 11
github.com/gidyon/umrs/internal/ledger/list.go:95.2,96.16 2 10
github.com/gidyon/umrs/internal/ledger/list.go:101.2,110.9 6 10
github.com/gidyon/umrs/internal/ledger/list.go:117.2,118.36 2 10
github.com/gidyon/umrs/internal/ledger/list.go:126.2,129.8 1 10
github.com/gidyon/umrs/internal/ledger/list.go:90.20,92.3 1 1
github.com/gidyon/umrs/internal/ledger/list.go:96.16,98.3 1 0
github.com/gidyon/umrs/internal/ledger/list.go:111.18,111.18 0 10
github.com/gidyon/umrs/internal/ledger/list.go:112.10,113.42 1 0
github.com/gidyon/umrs/internal/ledger/list.go:118.36,120.17 2 0
github.com/gidyon/umrs/internal/ledger/list.go:123.3,123.39 1 0
github.com/gidyon/umrs/internal/ledger/list.go:120.17,122.4 1 0
github.com/gidyon/umrs/internal/ledger/register.go:17.83,20.16 2 0
github.com/gidyon/umrs/internal/ledger/register.go:24.2,24.43 1 0
github.com/gidyon/umrs/internal/ledger/register.go:29.2,29.32 1 0
github.com/gidyon/umrs/internal/ledger/register.go:33.2,35.12 2 0
github.com/gidyon/umrs/internal/ledger/register.go:20.16,22.3 1 0
github.com/gidyon/umrs/internal/ledger/register.go:24.43,26.3 1 0
github.com/gidyon/umrs/internal/ledger/register.go:29.32,31.3 1 0
github.com/gidyon/umrs/internal/ledger/register.go:39.49,41.9 2 0
github.com/gidyon/umrs/internal/ledger/register.go:44.2,44.12 1 0
github.com/gidyon/umrs/internal/ledger/register.go:41.9,43.3 1 0
github.com/gidyon/umrs/internal/ledger/register.go:49.49,51.19 1 5
github.com/gidyon/umrs/internal/ledger/register.go:56.2,57.16 2 4
github.com/gidyon/umrs/internal/ledger/register.go:62.2,62.50 1 3
github.com/gidyon/umrs/internal/ledger/register.go:67.2,67.39 1 2
github.com/gidyon/umrs/internal/ledger/register.go:72.2,76.8 2 1
github.com/gidyon/umrs/internal/ledger/register.go:51.19,53.3 1 1
github.com/gidyon/umrs/internal/ledger/register.go:57.16,59.3 1 1
github.com/gidyon/umrs/internal/ledger/register.go:62.50,64.3 1 1
github.com/gidyon/umrs/internal/ledger/register.go:67.39,69.3 1 1
github.com/gidyon/umrs/internal/ledger/stat.go:11.40,13.19 1 0
github.com/gidyon/umrs/internal/ledger/stat.go:18.2,19.16 2 0
github.com/gidyon/umrs/internal/ledger/stat.go:23.2,40.20 6 0
github.com/gidyon/umrs/internal/ledger/stat.go:13.19,15.3 1 0
github.com/gidyon/umrs/internal/ledger/stat.go:19.16,21.3 1 0
