mode: atomic
github.com/gidyon/umrs/internal/ledgerapi/ledger.go:40.89,42.9 1 6
github.com/gidyon/umrs/internal/ledgerapi/ledger.go:55.2,67.16 4 1
github.com/gidyon/umrs/internal/ledgerapi/ledger.go:71.2,71.17 1 1
github.com/gidyon/umrs/internal/ledgerapi/ledger.go:43.18,44.40 1 1
github.com/gidyon/umrs/internal/ledgerapi/ledger.go:45.30,46.44 1 1
github.com/gidyon/umrs/internal/ledgerapi/ledger.go:47.32,48.46 1 1
github.com/gidyon/umrs/internal/ledgerapi/ledger.go:49.24,50.38 1 1
github.com/gidyon/umrs/internal/ledgerapi/ledger.go:51.25,52.39 1 1
github.com/gidyon/umrs/internal/ledgerapi/ledger.go:67.16,69.3 1 0
github.com/gidyon/umrs/internal/ledgerapi/ledger.go:74.54,76.9 2 9
github.com/gidyon/umrs/internal/ledgerapi/ledger.go:86.2,86.12 1 9
github.com/gidyon/umrs/internal/ledgerapi/ledger.go:77.20,78.32 1 1
github.com/gidyon/umrs/internal/ledgerapi/ledger.go:79.27,80.43 1 1
github.com/gidyon/umrs/internal/ledgerapi/ledger.go:81.30,82.46 1 1
github.com/gidyon/umrs/internal/ledgerapi/ledger.go:83.43,84.49 1 1
github.com/gidyon/umrs/internal/ledgerapi/ledger.go:89.44,91.2 1 3
github.com/gidyon/umrs/internal/ledgerapi/ledger.go:95.35,97.19 1 10
github.com/gidyon/umrs/internal/ledgerapi/ledger.go:102.2,105.16 4 9
github.com/gidyon/umrs/internal/ledgerapi/ledger.go:108.2,108.9 1 5
github.com/gidyon/umrs/internal/ledgerapi/ledger.go:116.2,116.16 1 5
github.com/gidyon/umrs/internal/ledgerapi/ledger.go:120.2,124.16 3 3
github.com/gidyon/umrs/internal/ledgerapi/ledger.go:129.2,130.16 2 3
github.com/gidyon/umrs/internal/ledgerapi/ledger.go:135.2,148.16 5 3
github.com/gidyon/umrs/internal/ledgerapi/ledger.go:153.2,154.16 2 3
github.com/gidyon/umrs/internal/ledgerapi/ledger.go:159.2,163.16 3 3
github.com/gidyon/umrs/internal/ledgerapi/ledger.go:168.2,169.16 2 3
github.com/gidyon/umrs/internal/ledgerapi/ledger.go:174.2,175.16 2 3
github.com/gidyon/umrs/internal/ledgerapi/ledger.go:179.2,181.8 1 3
github.com/gidyon/umrs/internal/ledgerapi/ledger.go:97.19,99.3 1 1
github.com/gidyon/umrs/internal/ledgerapi/ledger.go:105.16,107.3 1 4
github.com/gidyon/umrs/internal/ledgerapi/ledger.go:109.17,110.38 1 0
github.com/gidyon/umrs/internal/ledgerapi/ledger.go:111.30,112.46 1 1
github.com/gidyon/umrs/internal/ledgerapi/ledger.go:113.52,114.31 1 1
github.com/gidyon/umrs/internal/ledgerapi/ledger.go:116.16,118.3 1 2
github.com/gidyon/umrs/internal/ledgerapi/ledger.go:124.16,126.3 1 0
github.com/gidyon/umrs/internal/ledgerapi/ledger.go:130.16,132.3 1 0
github.com/gidyon/umrs/internal/ledgerapi/ledger.go:148.16,150.3 1 0
github.com/gidyon/umrs/internal/ledgerapi/ledger.go:154.16,156.3 1 0
github.com/gidyon/umrs/internal/ledgerapi/ledger.go:163.16,165.3 1 0
github.com/gidyon/umrs/internal/ledgerapi/ledger.go:169.16,171.3 1 0
github.com/gidyon/umrs/internal/ledgerapi/ledger.go:175.16,177.3 1 0
github.com/gidyon/umrs/internal/ledgerapi/ledger.go:186.24,188.19 1 4
github.com/gidyon/umrs/internal/ledgerapi/ledger.go:193.2,193.42 1 3
github.com/gidyon/umrs/internal/ledgerapi/ledger.go:198.2,200.9 3 2
github.com/gidyon/umrs/internal/ledgerapi/ledger.go:209.2,210.16 2 0
github.com/gidyon/umrs/internal/ledgerapi/ledger.go:214.2,214.19 1 0
github.com/gidyon/umrs/internal/ledgerapi/ledger.go:188.19,190.3 1 1
github.com/gidyon/umrs/internal/ledgerapi/ledger.go:193.42,195.3 1 1
github.com/gidyon/umrs/internal/ledgerapi/ledger.go:201.18,201.18 0 0
github.com/gidyon/umrs/internal/ledgerapi/ledger.go:202.39,203.44 1 2
github.com/gidyon/umrs/internal/ledgerapi/ledger.go:204.10,205.39 1 0
github.com/gidyon/umrs/internal/ledgerapi/ledger.go:210.16,212.3 1 0
github.com/gidyon/umrs/internal/ledgerapi/ledger.go:224.73,225.42 1 10
github.com/gidyon/umrs/internal/ledgerapi/ledger.go:230.2,230.24 1 8
github.com/gidyon/umrs/internal/ledgerapi/ledger.go:235.2,235.27 1 8
github.com/gidyon/umrs/internal/ledgerapi/ledger.go:241.2,241.32 1 8
github.com/gidyon/umrs/internal/ledgerapi/ledger.go:251.2,251.29 1 8
github.com/gidyon/umrs/internal/ledgerapi/ledger.go:261.2,261.32 1 8
github.com/gidyon/umrs/internal/ledgerapi/ledger.go:267.2,267.27 1 8
github.com/gidyon/umrs/internal/ledgerapi/ledger.go:272.2,272.11 1 8
github.com/gidyon/umrs/internal/ledgerapi/ledger.go:225.42,227.3 1 2
github.com/gidyon/umrs/internal/ledgerapi/ledger.go:230.24,232.3 1 1
github.com/gidyon/umrs/internal/ledgerapi/ledger.go:235.27,238.3 2 1
github.com/gidyon/umrs/internal/ledgerapi/ledger.go:241.32,244.32 3 1
github.com/gidyon/umrs/internal/ledgerapi/ledger.go:247.3,247.47 1 1
github.com/gidyon/umrs/internal/ledgerapi/ledger.go:244.32,246.4 1 3
github.com/gidyon/umrs/internal/ledgerapi/ledger.go:251.29,254.26 3 1
github.com/gidyon/umrs/internal/ledgerapi/ledger.go:257.3,257.46 1 1
github.com/gidyon/umrs/internal/ledgerapi/ledger.go:254.26,256.4 1 3
github.com/gidyon/umrs/internal/ledgerapi/ledger.go:261.32,264.3 2 1
github.com/gidyon/umrs/internal/ledgerapi/ledger.go:267.27,270.3 2 1
github.com/gidyon/umrs/internal/ledgerapi/ledger.go:277.58,278.19 1 10
github.com/gidyon/umrs/internal/ledgerapi/ledger.go:281.2,281.20 1 10
github.com/gidyon/umrs/internal/ledgerapi/ledger.go:284.2,284.19 1 10
github.com/gidyon/umrs/internal/ledgerapi/ledger.go:287.2,287.38 1 10
github.com/gidyon/umrs/internal/ledgerapi/ledger.go:278.19,280.3 1 1
github.com/gidyon/umrs/internal/ledgerapi/ledger.go:281.20,283.3 1 1
github.com/gidyon/umrs/internal/ledgerapi/ledger.go:284.19,286.3 1 0
github.com/gidyon/umrs/internal/ledgerapi/ledger.go:292.25,294.20 1 11
github.com/gidyon/umrs/internal/ledgerapi/ledger.go:299.2,308.9 6 10
github.com/gidyon/umrs/internal/ledgerapi/ledger.go:315.2,316.36 2 10
github.com/gidyon/umrs/internal/ledgerapi/ledger.go:324.2,327.8 1 10
github.com/gidyon/umrs/internal/ledgerapi/ledger.go:294.20,296.3 1 1
github.com/gidyon/umrs/internal/ledgerapi/ledger.go:309.18,309.18 0 10
github.com/gidyon/umrs/internal/ledgerapi/ledger.go:310.10,311.40 1 0
github.com/gidyon/umrs/internal/ledgerapi/ledger.go:316.36,318.17 2 28
github.com/gidyon/umrs/internal/ledgerapi/ledger.go:321.3,321.39 1 28
github.com/gidyon/umrs/internal/ledgerapi/ledger.go:318.17,320.4 1 0
github.com/gidyon/umrs/internal/ledgerapi/ledger.go:332.32,334.19 1 2
github.com/gidyon/umrs/internal/ledgerapi/ledger.go:339.2,340.16 2 1
github.com/gidyon/umrs/internal/ledgerapi/ledger.go:345.2,346.16 2 1
github.com/gidyon/umrs/internal/ledgerapi/ledger.go:351.2,353.16 3 1
github.com/gidyon/umrs/internal/ledgerapi/ledger.go:357.2,357.20 1 1
github.com/gidyon/umrs/internal/ledgerapi/ledger.go:334.19,336.3 1 1
github.com/gidyon/umrs/internal/ledgerapi/ledger.go:340.16,342.3 1 0
github.com/gidyon/umrs/internal/ledgerapi/ledger.go:346.16,348.3 1 0
github.com/gidyon/umrs/internal/ledgerapi/ledger.go:353.16,355.3 1 0
